[1.999s] DEBUG:colcon:Command line arguments: ['/usr/bin/colcon', 'build', '--symlink-install']
[1.999s] DEBUG:colcon:Parsed command line arguments: Namespace(log_base=None, log_level=None, verb_name='build', build_base='build', install_base='install', merge_install=False, symlink_install=True, test_result_base=None, continue_on_error=False, executor='parallel', parallel_workers=4, event_handlers=None, ignore_user_meta=False, metas=['./colcon.meta'], base_paths=['.'], packages_ignore=None, packages_ignore_regex=None, paths=None, packages_up_to=None, packages_up_to_regex=None, packages_above=None, packages_above_and_dependencies=None, packages_above_depth=None, packages_select_by_dep=None, packages_skip_by_dep=None, packages_skip_up_to=None, packages_select_build_failed=False, packages_skip_build_finished=False, packages_select_test_failures=False, packages_skip_test_passed=False, packages_select=None, packages_skip=None, packages_select_regex=None, packages_skip_regex=None, packages_start=None, packages_end=None, allow_overriding=[], cmake_args=None, cmake_target=None, cmake_target_skip_unavailable=False, cmake_clean_cache=False, cmake_clean_first=False, cmake_force_configure=False, ament_cmake_args=None, catkin_cmake_args=None, catkin_skip_building_tests=False, verb_parser=<colcon_defaults.argument_parser.defaults.DefaultArgumentsDecorator object at 0xffffabf996f0>, verb_extension=<colcon_core.verb.build.BuildVerb object at 0xffffabec3280>, main=<bound method BuildVerb.main of <colcon_core.verb.build.BuildVerb object at 0xffffabec3280>>)
[2.214s] Level 1:colcon.colcon_core.package_discovery:discover_packages(colcon_meta) check parameters
[2.215s] Level 1:colcon.colcon_core.package_discovery:discover_packages(recursive) check parameters
[2.215s] Level 1:colcon.colcon_core.package_discovery:discover_packages(ignore) check parameters
[2.215s] Level 1:colcon.colcon_core.package_discovery:discover_packages(path) check parameters
[2.215s] Level 1:colcon.colcon_core.package_discovery:discover_packages(colcon_meta) discover
[2.215s] Level 1:colcon.colcon_core.package_discovery:discover_packages(recursive) discover
[2.216s] INFO:colcon.colcon_core.package_discovery:Crawling recursively for packages in '/home/rpi/ros-projects/dev_pi_communicate'
[2.216s] Level 1:colcon.colcon_core.package_identification:_identify(.) by extensions ['ignore', 'ignore_ament_install']
[2.217s] Level 1:colcon.colcon_core.package_identification:_identify(.) by extension 'ignore'
[2.217s] Level 1:colcon.colcon_core.package_identification:_identify(.) by extension 'ignore_ament_install'
[2.217s] Level 1:colcon.colcon_core.package_identification:_identify(.) by extensions ['colcon_pkg']
[2.218s] Level 1:colcon.colcon_core.package_identification:_identify(.) by extension 'colcon_pkg'
[2.218s] Level 1:colcon.colcon_core.package_identification:_identify(.) by extensions ['colcon_meta']
[2.218s] Level 1:colcon.colcon_core.package_identification:_identify(.) by extension 'colcon_meta'
[2.218s] Level 1:colcon.colcon_core.package_identification:_identify(.) by extensions ['ros']
[2.218s] Level 1:colcon.colcon_core.package_identification:_identify(.) by extension 'ros'
[2.290s] Level 1:colcon.colcon_core.package_identification:_identify(.) by extensions ['cmake', 'python']
[2.290s] Level 1:colcon.colcon_core.package_identification:_identify(.) by extension 'cmake'
[2.291s] Level 1:colcon.colcon_core.package_identification:_identify(.) by extension 'python'
[2.291s] Level 1:colcon.colcon_core.package_identification:_identify(.) by extensions ['python_setup_py']
[2.291s] Level 1:colcon.colcon_core.package_identification:_identify(.) by extension 'python_setup_py'
[2.292s] Level 1:colcon.colcon_core.package_identification:_identify(build) by extensions ['ignore', 'ignore_ament_install']
[2.292s] Level 1:colcon.colcon_core.package_identification:_identify(build) by extension 'ignore'
[2.292s] Level 1:colcon.colcon_core.package_identification:_identify(build) ignored
[2.293s] Level 1:colcon.colcon_core.package_identification:_identify(install) by extensions ['ignore', 'ignore_ament_install']
[2.293s] Level 1:colcon.colcon_core.package_identification:_identify(install) by extension 'ignore'
[2.294s] Level 1:colcon.colcon_core.package_identification:_identify(install) ignored
[2.295s] Level 1:colcon.colcon_core.package_identification:_identify(log) by extensions ['ignore', 'ignore_ament_install']
[2.295s] Level 1:colcon.colcon_core.package_identification:_identify(log) by extension 'ignore'
[2.295s] Level 1:colcon.colcon_core.package_identification:_identify(log) ignored
[2.296s] Level 1:colcon.colcon_core.package_identification:_identify(src) by extensions ['ignore', 'ignore_ament_install']
[2.296s] Level 1:colcon.colcon_core.package_identification:_identify(src) by extension 'ignore'
[2.297s] Level 1:colcon.colcon_core.package_identification:_identify(src) by extension 'ignore_ament_install'
[2.297s] Level 1:colcon.colcon_core.package_identification:_identify(src) by extensions ['colcon_pkg']
[2.298s] Level 1:colcon.colcon_core.package_identification:_identify(src) by extension 'colcon_pkg'
[2.298s] Level 1:colcon.colcon_core.package_identification:_identify(src) by extensions ['colcon_meta']
[2.299s] Level 1:colcon.colcon_core.package_identification:_identify(src) by extension 'colcon_meta'
[2.299s] Level 1:colcon.colcon_core.package_identification:_identify(src) by extensions ['ros']
[2.299s] Level 1:colcon.colcon_core.package_identification:_identify(src) by extension 'ros'
[2.300s] Level 1:colcon.colcon_core.package_identification:_identify(src) by extensions ['cmake', 'python']
[2.300s] Level 1:colcon.colcon_core.package_identification:_identify(src) by extension 'cmake'
[2.301s] Level 1:colcon.colcon_core.package_identification:_identify(src) by extension 'python'
[2.301s] Level 1:colcon.colcon_core.package_identification:_identify(src) by extensions ['python_setup_py']
[2.302s] Level 1:colcon.colcon_core.package_identification:_identify(src) by extension 'python_setup_py'
[2.303s] Level 1:colcon.colcon_core.package_identification:_identify(src/dev_pi_communicate) by extensions ['ignore', 'ignore_ament_install']
[2.303s] Level 1:colcon.colcon_core.package_identification:_identify(src/dev_pi_communicate) by extension 'ignore'
[2.304s] Level 1:colcon.colcon_core.package_identification:_identify(src/dev_pi_communicate) by extension 'ignore_ament_install'
[2.304s] Level 1:colcon.colcon_core.package_identification:_identify(src/dev_pi_communicate) by extensions ['colcon_pkg']
[2.304s] Level 1:colcon.colcon_core.package_identification:_identify(src/dev_pi_communicate) by extension 'colcon_pkg'
[2.304s] Level 1:colcon.colcon_core.package_identification:_identify(src/dev_pi_communicate) by extensions ['colcon_meta']
[2.305s] Level 1:colcon.colcon_core.package_identification:_identify(src/dev_pi_communicate) by extension 'colcon_meta'
[2.305s] Level 1:colcon.colcon_core.package_identification:_identify(src/dev_pi_communicate) by extensions ['ros']
[2.305s] Level 1:colcon.colcon_core.package_identification:_identify(src/dev_pi_communicate) by extension 'ros'
[2.321s] DEBUG:colcon.colcon_core.package_identification:Found ROS schema reference in package manifest in 'src/dev_pi_communicate'
[2.321s] WARNING:colcon.colcon_core.package_identification:Failed to parse ROS package manifest in 'src/dev_pi_communicate': Error(s) in package 'src/dev_pi_communicate/package.xml':
Error(s):
- The generic dependency on 'sys' is redundant with: build_depend, build_export_depend, exec_depend
[2.322s] Level 1:colcon.colcon_core.package_identification:_identify(src/dev_pi_communicate) by extensions ['cmake', 'python']
[2.322s] Level 1:colcon.colcon_core.package_identification:_identify(src/dev_pi_communicate) by extension 'cmake'
[2.323s] Level 1:colcon.colcon_core.package_identification:_identify(src/dev_pi_communicate) by extension 'python'
[2.323s] DEBUG:colcon.colcon_core.package_identification:Python package in 'src/dev_pi_communicate' passes arguments to the setup() function which requires a different identification extension than 'python'
[2.323s] Level 1:colcon.colcon_core.package_identification:_identify(src/dev_pi_communicate) by extensions ['python_setup_py']
[2.324s] Level 1:colcon.colcon_core.package_identification:_identify(src/dev_pi_communicate) by extension 'python_setup_py'
[3.540s] DEBUG:colcon.colcon_core.package_identification:Package 'src/dev_pi_communicate' with type 'python' and name 'dev_pi_communicate'
[3.540s] Level 1:colcon.colcon_core.package_discovery:discover_packages(recursive) using defaults
[3.540s] Level 1:colcon.colcon_core.package_discovery:discover_packages(ignore) discover
[3.541s] Level 1:colcon.colcon_core.package_discovery:discover_packages(ignore) using defaults
[3.541s] Level 1:colcon.colcon_core.package_discovery:discover_packages(path) discover
[3.541s] Level 1:colcon.colcon_core.package_discovery:discover_packages(path) using defaults
[3.678s] Level 1:colcon.colcon_core.package_discovery:discover_packages(prefix_path) check parameters
[3.678s] Level 1:colcon.colcon_core.package_discovery:discover_packages(prefix_path) discover
[3.699s] DEBUG:colcon.colcon_installed_package_information.package_discovery:Found 3 installed packages in /home/rpi/ros-projects/dev_pi_communicate/install
[3.704s] DEBUG:colcon.colcon_installed_package_information.package_discovery:Found 3 installed packages in /home/rpi/ws/install
[3.716s] DEBUG:colcon.colcon_installed_package_information.package_discovery:Found 285 installed packages in /opt/ros/humble
[3.722s] Level 1:colcon.colcon_core.package_discovery:discover_packages(prefix_path) using defaults
[4.022s] Level 5:colcon.colcon_core.verb:set package 'dev_pi_communicate' build argument 'cmake_args' from command line to 'None'
[4.022s] Level 5:colcon.colcon_core.verb:set package 'dev_pi_communicate' build argument 'cmake_target' from command line to 'None'
[4.023s] Level 5:colcon.colcon_core.verb:set package 'dev_pi_communicate' build argument 'cmake_target_skip_unavailable' from command line to 'False'
[4.023s] Level 5:colcon.colcon_core.verb:set package 'dev_pi_communicate' build argument 'cmake_clean_cache' from command line to 'False'
[4.023s] Level 5:colcon.colcon_core.verb:set package 'dev_pi_communicate' build argument 'cmake_clean_first' from command line to 'False'
[4.023s] Level 5:colcon.colcon_core.verb:set package 'dev_pi_communicate' build argument 'cmake_force_configure' from command line to 'False'
[4.023s] Level 5:colcon.colcon_core.verb:set package 'dev_pi_communicate' build argument 'ament_cmake_args' from command line to 'None'
[4.023s] Level 5:colcon.colcon_core.verb:set package 'dev_pi_communicate' build argument 'catkin_cmake_args' from command line to 'None'
[4.023s] Level 5:colcon.colcon_core.verb:set package 'dev_pi_communicate' build argument 'catkin_skip_building_tests' from command line to 'False'
[4.023s] DEBUG:colcon.colcon_core.verb:Building package 'dev_pi_communicate' with the following arguments: {'ament_cmake_args': None, 'build_base': '/home/rpi/ros-projects/dev_pi_communicate/build/dev_pi_communicate', 'catkin_cmake_args': None, 'catkin_skip_building_tests': False, 'cmake_args': None, 'cmake_clean_cache': False, 'cmake_clean_first': False, 'cmake_force_configure': False, 'cmake_target': None, 'cmake_target_skip_unavailable': False, 'install_base': '/home/rpi/ros-projects/dev_pi_communicate/install/dev_pi_communicate', 'merge_install': False, 'path': '/home/rpi/ros-projects/dev_pi_communicate/src/dev_pi_communicate', 'symlink_install': True, 'test_result_base': None}
[4.026s] INFO:colcon.colcon_core.executor:Executing jobs using 'parallel' executor
[4.039s] DEBUG:colcon.colcon_parallel_executor.executor.parallel:run_until_complete
[4.040s] INFO:colcon.colcon_core.task.python.build:Building Python package in '/home/rpi/ros-projects/dev_pi_communicate/src/dev_pi_communicate'
[4.068s] INFO:colcon.colcon_core.plugin_system:Skipping extension 'colcon_core.shell.bat': Not used on non-Windows systems
[4.069s] INFO:colcon.colcon_core.shell:Skip shell extension 'powershell' for command environment: Not usable outside of PowerShell
[4.069s] DEBUG:colcon.colcon_core.shell:Skip shell extension 'dsv' for command environment
[7.189s] DEBUG:colcon.colcon_core.event_handler.log_command:Invoking command in '/home/rpi/ros-projects/dev_pi_communicate/build/dev_pi_communicate': PYTHONPATH=/home/rpi/ros-projects/dev_pi_communicate/build/dev_pi_communicate/prefix_override:/home/rpi/ros-projects/dev_pi_communicate/install/dev_pi_communicate/lib/python3.10/site-packages:${PYTHONPATH} /usr/bin/python3 setup.py develop --editable --build-directory /home/rpi/ros-projects/dev_pi_communicate/build/dev_pi_communicate/build --no-deps install_data
[9.603s] Level 1:colcon.colcon_core.shell:create_environment_hook('dev_pi_communicate', 'pythonpath_develop')
[9.610s] INFO:colcon.colcon_core.shell:Creating environment hook '/home/rpi/ros-projects/dev_pi_communicate/build/dev_pi_communicate/share/dev_pi_communicate/hook/pythonpath_develop.ps1'
[9.611s] DEBUG:colcon.colcon_core.event_handler.log_command:Invoked command in '/home/rpi/ros-projects/dev_pi_communicate/build/dev_pi_communicate' returned '0': PYTHONPATH=/home/rpi/ros-projects/dev_pi_communicate/build/dev_pi_communicate/prefix_override:/home/rpi/ros-projects/dev_pi_communicate/install/dev_pi_communicate/lib/python3.10/site-packages:${PYTHONPATH} /usr/bin/python3 setup.py develop --editable --build-directory /home/rpi/ros-projects/dev_pi_communicate/build/dev_pi_communicate/build --no-deps install_data
[9.614s] INFO:colcon.colcon_core.shell:Creating environment descriptor '/home/rpi/ros-projects/dev_pi_communicate/build/dev_pi_communicate/share/dev_pi_communicate/hook/pythonpath_develop.dsv'
[9.618s] INFO:colcon.colcon_core.shell:Creating environment hook '/home/rpi/ros-projects/dev_pi_communicate/build/dev_pi_communicate/share/dev_pi_communicate/hook/pythonpath_develop.sh'
[9.660s] Level 1:colcon.colcon_core.environment:checking '/home/rpi/ros-projects/dev_pi_communicate/install/dev_pi_communicate' for CMake module files
[9.663s] Level 1:colcon.colcon_core.environment:checking '/home/rpi/ros-projects/dev_pi_communicate/install/dev_pi_communicate' for CMake config files
[9.666s] Level 1:colcon.colcon_core.environment:checking '/home/rpi/ros-projects/dev_pi_communicate/install/dev_pi_communicate/lib'
[9.667s] Level 1:colcon.colcon_core.environment:checking '/home/rpi/ros-projects/dev_pi_communicate/install/dev_pi_communicate/bin'
[9.667s] Level 1:colcon.colcon_core.environment:checking '/home/rpi/ros-projects/dev_pi_communicate/install/dev_pi_communicate/lib/pkgconfig/dev_pi_communicate.pc'
[9.668s] Level 1:colcon.colcon_core.environment:checking '/home/rpi/ros-projects/dev_pi_communicate/install/dev_pi_communicate/lib/python3.10/site-packages'
[9.668s] Level 1:colcon.colcon_core.shell:create_environment_hook('dev_pi_communicate', 'pythonpath')
[9.674s] INFO:colcon.colcon_core.shell:Creating environment hook '/home/rpi/ros-projects/dev_pi_communicate/install/dev_pi_communicate/share/dev_pi_communicate/hook/pythonpath.ps1'
[9.676s] INFO:colcon.colcon_core.shell:Creating environment descriptor '/home/rpi/ros-projects/dev_pi_communicate/install/dev_pi_communicate/share/dev_pi_communicate/hook/pythonpath.dsv'
[9.678s] INFO:colcon.colcon_core.shell:Creating environment hook '/home/rpi/ros-projects/dev_pi_communicate/install/dev_pi_communicate/share/dev_pi_communicate/hook/pythonpath.sh'
[9.681s] Level 1:colcon.colcon_core.environment:checking '/home/rpi/ros-projects/dev_pi_communicate/install/dev_pi_communicate/bin'
[9.681s] Level 1:colcon.colcon_core.environment:create_environment_scripts_only(dev_pi_communicate)
[9.687s] INFO:colcon.colcon_core.shell:Creating package script '/home/rpi/ros-projects/dev_pi_communicate/install/dev_pi_communicate/share/dev_pi_communicate/package.ps1'
[9.691s] INFO:colcon.colcon_core.shell:Creating package descriptor '/home/rpi/ros-projects/dev_pi_communicate/install/dev_pi_communicate/share/dev_pi_communicate/package.dsv'
[9.695s] INFO:colcon.colcon_core.shell:Creating package script '/home/rpi/ros-projects/dev_pi_communicate/install/dev_pi_communicate/share/dev_pi_communicate/package.sh'
[9.700s] INFO:colcon.colcon_core.shell:Creating package script '/home/rpi/ros-projects/dev_pi_communicate/install/dev_pi_communicate/share/dev_pi_communicate/package.bash'
[9.705s] INFO:colcon.colcon_core.shell:Creating package script '/home/rpi/ros-projects/dev_pi_communicate/install/dev_pi_communicate/share/dev_pi_communicate/package.zsh'
[9.710s] Level 1:colcon.colcon_core.environment:create_file_with_runtime_dependencies(/home/rpi/ros-projects/dev_pi_communicate/install/dev_pi_communicate/share/colcon-core/packages/dev_pi_communicate)
[9.712s] DEBUG:colcon.colcon_parallel_executor.executor.parallel:closing loop
[9.713s] DEBUG:colcon.colcon_parallel_executor.executor.parallel:loop closed
[9.713s] DEBUG:colcon.colcon_parallel_executor.executor.parallel:run_until_complete finished with '0'
[9.714s] DEBUG:colcon.colcon_core.event_reactor:joining thread
[9.743s] INFO:colcon.colcon_core.plugin_system:Skipping extension 'colcon_notification.desktop_notification.terminal_notifier': Not used on non-Darwin systems
[9.744s] INFO:colcon.colcon_core.plugin_system:Skipping extension 'colcon_notification.desktop_notification.win32': Not used on non-Windows systems
[9.744s] INFO:colcon.colcon_notification.desktop_notification:Sending desktop notification using 'notify2'
[9.830s] DEBUG:colcon.colcon_core.event_reactor:joined thread
[9.837s] INFO:colcon.colcon_core.shell:Creating prefix script '/home/rpi/ros-projects/dev_pi_communicate/install/local_setup.ps1'
[9.843s] INFO:colcon.colcon_core.shell:Creating prefix util module '/home/rpi/ros-projects/dev_pi_communicate/install/_local_setup_util_ps1.py'
[9.852s] INFO:colcon.colcon_core.shell:Creating prefix chain script '/home/rpi/ros-projects/dev_pi_communicate/install/setup.ps1'
[9.864s] INFO:colcon.colcon_core.shell:Creating prefix script '/home/rpi/ros-projects/dev_pi_communicate/install/local_setup.sh'
[9.869s] INFO:colcon.colcon_core.shell:Creating prefix util module '/home/rpi/ros-projects/dev_pi_communicate/install/_local_setup_util_sh.py'
[9.872s] INFO:colcon.colcon_core.shell:Creating prefix chain script '/home/rpi/ros-projects/dev_pi_communicate/install/setup.sh'
[9.885s] INFO:colcon.colcon_core.shell:Creating prefix script '/home/rpi/ros-projects/dev_pi_communicate/install/local_setup.bash'
[9.889s] INFO:colcon.colcon_core.shell:Creating prefix chain script '/home/rpi/ros-projects/dev_pi_communicate/install/setup.bash'
[9.900s] INFO:colcon.colcon_core.shell:Creating prefix script '/home/rpi/ros-projects/dev_pi_communicate/install/local_setup.zsh'
[9.904s] INFO:colcon.colcon_core.shell:Creating prefix chain script '/home/rpi/ros-projects/dev_pi_communicate/install/setup.zsh'
