[3.537s] DEBUG:colcon:Command line arguments: ['/usr/bin/colcon', 'build']
[3.537s] DEBUG:colcon:Parsed command line arguments: Namespace(log_base=None, log_level=None, verb_name='build', build_base='build', install_base='install', merge_install=False, symlink_install=False, test_result_base=None, continue_on_error=False, executor='parallel', parallel_workers=4, event_handlers=None, ignore_user_meta=False, metas=['./colcon.meta'], base_paths=['.'], packages_ignore=None, packages_ignore_regex=None, paths=None, packages_up_to=None, packages_up_to_regex=None, packages_above=None, packages_above_and_dependencies=None, packages_above_depth=None, packages_select_by_dep=None, packages_skip_by_dep=None, packages_skip_up_to=None, packages_select_build_failed=False, packages_skip_build_finished=False, packages_select_test_failures=False, packages_skip_test_passed=False, packages_select=None, packages_skip=None, packages_select_regex=None, packages_skip_regex=None, packages_start=None, packages_end=None, allow_overriding=[], cmake_args=None, cmake_target=None, cmake_target_skip_unavailable=False, cmake_clean_cache=False, cmake_clean_first=False, cmake_force_configure=False, ament_cmake_args=None, catkin_cmake_args=None, catkin_skip_building_tests=False, verb_parser=<colcon_defaults.argument_parser.defaults.DefaultArgumentsDecorator object at 0x7f67054a6f80>, verb_extension=<colcon_core.verb.build.BuildVerb object at 0x7f67054a6170>, main=<bound method BuildVerb.main of <colcon_core.verb.build.BuildVerb object at 0x7f67054a6170>>)
[3.714s] Level 1:colcon.colcon_core.package_discovery:discover_packages(colcon_meta) check parameters
[3.715s] Level 1:colcon.colcon_core.package_discovery:discover_packages(recursive) check parameters
[3.715s] Level 1:colcon.colcon_core.package_discovery:discover_packages(ignore) check parameters
[3.715s] Level 1:colcon.colcon_core.package_discovery:discover_packages(path) check parameters
[3.715s] Level 1:colcon.colcon_core.package_discovery:discover_packages(colcon_meta) discover
[3.715s] Level 1:colcon.colcon_core.package_discovery:discover_packages(recursive) discover
[3.715s] INFO:colcon.colcon_core.package_discovery:Crawling recursively for packages in '/home/kuns/ROS_projects/dev_pi_communicate'
[3.716s] Level 1:colcon.colcon_core.package_identification:_identify(.) by extensions ['ignore', 'ignore_ament_install']
[3.716s] Level 1:colcon.colcon_core.package_identification:_identify(.) by extension 'ignore'
[3.716s] Level 1:colcon.colcon_core.package_identification:_identify(.) by extension 'ignore_ament_install'
[3.716s] Level 1:colcon.colcon_core.package_identification:_identify(.) by extensions ['colcon_pkg']
[3.716s] Level 1:colcon.colcon_core.package_identification:_identify(.) by extension 'colcon_pkg'
[3.716s] Level 1:colcon.colcon_core.package_identification:_identify(.) by extensions ['colcon_meta']
[3.716s] Level 1:colcon.colcon_core.package_identification:_identify(.) by extension 'colcon_meta'
[3.717s] Level 1:colcon.colcon_core.package_identification:_identify(.) by extensions ['ros']
[3.717s] Level 1:colcon.colcon_core.package_identification:_identify(.) by extension 'ros'
[3.753s] Level 1:colcon.colcon_core.package_identification:_identify(.) by extensions ['cmake', 'python']
[3.753s] Level 1:colcon.colcon_core.package_identification:_identify(.) by extension 'cmake'
[3.753s] Level 1:colcon.colcon_core.package_identification:_identify(.) by extension 'python'
[3.753s] Level 1:colcon.colcon_core.package_identification:_identify(.) by extensions ['python_setup_py']
[3.753s] Level 1:colcon.colcon_core.package_identification:_identify(.) by extension 'python_setup_py'
[3.754s] Level 1:colcon.colcon_core.package_identification:_identify(build) by extensions ['ignore', 'ignore_ament_install']
[3.754s] Level 1:colcon.colcon_core.package_identification:_identify(build) by extension 'ignore'
[3.754s] Level 1:colcon.colcon_core.package_identification:_identify(build) ignored
[3.754s] Level 1:colcon.colcon_core.package_identification:_identify(install) by extensions ['ignore', 'ignore_ament_install']
[3.755s] Level 1:colcon.colcon_core.package_identification:_identify(install) by extension 'ignore'
[3.755s] Level 1:colcon.colcon_core.package_identification:_identify(install) ignored
[3.755s] Level 1:colcon.colcon_core.package_identification:_identify(log) by extensions ['ignore', 'ignore_ament_install']
[3.755s] Level 1:colcon.colcon_core.package_identification:_identify(log) by extension 'ignore'
[3.755s] Level 1:colcon.colcon_core.package_identification:_identify(log) ignored
[3.756s] Level 1:colcon.colcon_core.package_identification:_identify(src) by extensions ['ignore', 'ignore_ament_install']
[3.756s] Level 1:colcon.colcon_core.package_identification:_identify(src) by extension 'ignore'
[3.756s] Level 1:colcon.colcon_core.package_identification:_identify(src) by extension 'ignore_ament_install'
[3.756s] Level 1:colcon.colcon_core.package_identification:_identify(src) by extensions ['colcon_pkg']
[3.756s] Level 1:colcon.colcon_core.package_identification:_identify(src) by extension 'colcon_pkg'
[3.756s] Level 1:colcon.colcon_core.package_identification:_identify(src) by extensions ['colcon_meta']
[3.756s] Level 1:colcon.colcon_core.package_identification:_identify(src) by extension 'colcon_meta'
[3.757s] Level 1:colcon.colcon_core.package_identification:_identify(src) by extensions ['ros']
[3.757s] Level 1:colcon.colcon_core.package_identification:_identify(src) by extension 'ros'
[3.757s] Level 1:colcon.colcon_core.package_identification:_identify(src) by extensions ['cmake', 'python']
[3.757s] Level 1:colcon.colcon_core.package_identification:_identify(src) by extension 'cmake'
[3.757s] Level 1:colcon.colcon_core.package_identification:_identify(src) by extension 'python'
[3.757s] Level 1:colcon.colcon_core.package_identification:_identify(src) by extensions ['python_setup_py']
[3.757s] Level 1:colcon.colcon_core.package_identification:_identify(src) by extension 'python_setup_py'
[3.758s] Level 1:colcon.colcon_core.package_identification:_identify(src/dev_pi_communicate) by extensions ['ignore', 'ignore_ament_install']
[3.758s] Level 1:colcon.colcon_core.package_identification:_identify(src/dev_pi_communicate) by extension 'ignore'
[3.758s] Level 1:colcon.colcon_core.package_identification:_identify(src/dev_pi_communicate) by extension 'ignore_ament_install'
[3.758s] Level 1:colcon.colcon_core.package_identification:_identify(src/dev_pi_communicate) by extensions ['colcon_pkg']
[3.758s] Level 1:colcon.colcon_core.package_identification:_identify(src/dev_pi_communicate) by extension 'colcon_pkg'
[3.759s] Level 1:colcon.colcon_core.package_identification:_identify(src/dev_pi_communicate) by extensions ['colcon_meta']
[3.759s] Level 1:colcon.colcon_core.package_identification:_identify(src/dev_pi_communicate) by extension 'colcon_meta'
[3.759s] Level 1:colcon.colcon_core.package_identification:_identify(src/dev_pi_communicate) by extensions ['ros']
[3.759s] Level 1:colcon.colcon_core.package_identification:_identify(src/dev_pi_communicate) by extension 'ros'
[3.769s] DEBUG:colcon.colcon_core.package_identification:Package 'src/dev_pi_communicate' with type 'ros.ament_python' and name 'dev_pi_communicate'
[3.769s] Level 1:colcon.colcon_core.package_discovery:discover_packages(recursive) using defaults
[3.770s] Level 1:colcon.colcon_core.package_discovery:discover_packages(ignore) discover
[3.770s] Level 1:colcon.colcon_core.package_discovery:discover_packages(ignore) using defaults
[3.770s] Level 1:colcon.colcon_core.package_discovery:discover_packages(path) discover
[3.770s] Level 1:colcon.colcon_core.package_discovery:discover_packages(path) using defaults
[4.088s] Level 1:colcon.colcon_core.package_discovery:discover_packages(prefix_path) check parameters
[4.088s] Level 1:colcon.colcon_core.package_discovery:discover_packages(prefix_path) discover
[4.193s] DEBUG:colcon.colcon_installed_package_information.package_discovery:Found 359 installed packages in /opt/ros/humble
[4.201s] Level 1:colcon.colcon_core.package_discovery:discover_packages(prefix_path) using defaults
[4.580s] Level 5:colcon.colcon_core.verb:set package 'dev_pi_communicate' build argument 'cmake_args' from command line to 'None'
[4.580s] Level 5:colcon.colcon_core.verb:set package 'dev_pi_communicate' build argument 'cmake_target' from command line to 'None'
[4.580s] Level 5:colcon.colcon_core.verb:set package 'dev_pi_communicate' build argument 'cmake_target_skip_unavailable' from command line to 'False'
[4.580s] Level 5:colcon.colcon_core.verb:set package 'dev_pi_communicate' build argument 'cmake_clean_cache' from command line to 'False'
[4.580s] Level 5:colcon.colcon_core.verb:set package 'dev_pi_communicate' build argument 'cmake_clean_first' from command line to 'False'
[4.580s] Level 5:colcon.colcon_core.verb:set package 'dev_pi_communicate' build argument 'cmake_force_configure' from command line to 'False'
[4.580s] Level 5:colcon.colcon_core.verb:set package 'dev_pi_communicate' build argument 'ament_cmake_args' from command line to 'None'
[4.581s] Level 5:colcon.colcon_core.verb:set package 'dev_pi_communicate' build argument 'catkin_cmake_args' from command line to 'None'
[4.581s] Level 5:colcon.colcon_core.verb:set package 'dev_pi_communicate' build argument 'catkin_skip_building_tests' from command line to 'False'
[4.581s] DEBUG:colcon.colcon_core.verb:Building package 'dev_pi_communicate' with the following arguments: {'ament_cmake_args': None, 'build_base': '/home/kuns/ROS_projects/dev_pi_communicate/build/dev_pi_communicate', 'catkin_cmake_args': None, 'catkin_skip_building_tests': False, 'cmake_args': None, 'cmake_clean_cache': False, 'cmake_clean_first': False, 'cmake_force_configure': False, 'cmake_target': None, 'cmake_target_skip_unavailable': False, 'install_base': '/home/kuns/ROS_projects/dev_pi_communicate/install/dev_pi_communicate', 'merge_install': False, 'path': '/home/kuns/ROS_projects/dev_pi_communicate/src/dev_pi_communicate', 'symlink_install': False, 'test_result_base': None}
[4.627s] INFO:colcon.colcon_core.executor:Executing jobs using 'parallel' executor
[4.677s] DEBUG:colcon.colcon_parallel_executor.executor.parallel:run_until_complete
[4.678s] INFO:colcon.colcon_ros.task.ament_python.build:Building ROS package in '/home/kuns/ROS_projects/dev_pi_communicate/src/dev_pi_communicate' with build type 'ament_python'
[4.678s] Level 1:colcon.colcon_core.shell:create_environment_hook('dev_pi_communicate', 'ament_prefix_path')
[4.737s] INFO:colcon.colcon_core.plugin_system:Skipping extension 'colcon_core.shell.bat': Not used on non-Windows systems
[4.737s] INFO:colcon.colcon_core.shell:Creating environment hook '/home/kuns/ROS_projects/dev_pi_communicate/install/dev_pi_communicate/share/dev_pi_communicate/hook/ament_prefix_path.ps1'
[4.740s] INFO:colcon.colcon_core.shell:Creating environment descriptor '/home/kuns/ROS_projects/dev_pi_communicate/install/dev_pi_communicate/share/dev_pi_communicate/hook/ament_prefix_path.dsv'
[4.743s] INFO:colcon.colcon_core.shell:Creating environment hook '/home/kuns/ROS_projects/dev_pi_communicate/install/dev_pi_communicate/share/dev_pi_communicate/hook/ament_prefix_path.sh'
[4.794s] INFO:colcon.colcon_core.shell:Skip shell extension 'powershell' for command environment: Not usable outside of PowerShell
[4.794s] DEBUG:colcon.colcon_core.shell:Skip shell extension 'dsv' for command environment
[5.764s] INFO:colcon.colcon_core.task.python.build:Building Python package in '/home/kuns/ROS_projects/dev_pi_communicate/src/dev_pi_communicate'
[5.812s] INFO:colcon.colcon_core.shell:Skip shell extension 'powershell' for command environment: Not usable outside of PowerShell
[5.812s] DEBUG:colcon.colcon_core.shell:Skip shell extension 'dsv' for command environment
[7.058s] DEBUG:colcon.colcon_core.event_handler.log_command:Invoking command in '/home/kuns/ROS_projects/dev_pi_communicate/build/dev_pi_communicate': PYTHONPATH=/home/kuns/ROS_projects/dev_pi_communicate/build/dev_pi_communicate/prefix_override:/home/kuns/ROS_projects/dev_pi_communicate/install/dev_pi_communicate/lib/python3.10/site-packages:${PYTHONPATH} /usr/bin/python3 setup.py develop --uninstall --editable --build-directory /home/kuns/ROS_projects/dev_pi_communicate/build/dev_pi_communicate/build
[8.557s] DEBUG:colcon.colcon_core.event_handler.log_command:Invoked command in '/home/kuns/ROS_projects/dev_pi_communicate/build/dev_pi_communicate' returned '0': PYTHONPATH=/home/kuns/ROS_projects/dev_pi_communicate/build/dev_pi_communicate/prefix_override:/home/kuns/ROS_projects/dev_pi_communicate/install/dev_pi_communicate/lib/python3.10/site-packages:${PYTHONPATH} /usr/bin/python3 setup.py develop --uninstall --editable --build-directory /home/kuns/ROS_projects/dev_pi_communicate/build/dev_pi_communicate/build
[8.561s] DEBUG:colcon.colcon_core.event_handler.log_command:Invoking command in '/home/kuns/ROS_projects/dev_pi_communicate/src/dev_pi_communicate': PYTHONPATH=/home/kuns/ROS_projects/dev_pi_communicate/build/dev_pi_communicate/prefix_override:/home/kuns/ROS_projects/dev_pi_communicate/install/dev_pi_communicate/lib/python3.10/site-packages:${PYTHONPATH} /usr/bin/python3 setup.py egg_info --egg-base ../../build/dev_pi_communicate build --build-base /home/kuns/ROS_projects/dev_pi_communicate/build/dev_pi_communicate/build install --record /home/kuns/ROS_projects/dev_pi_communicate/build/dev_pi_communicate/install.log --single-version-externally-managed
[9.527s] DEBUG:colcon.colcon_core.event_handler.log_command:Invoked command in '/home/kuns/ROS_projects/dev_pi_communicate/src/dev_pi_communicate' returned '0': PYTHONPATH=/home/kuns/ROS_projects/dev_pi_communicate/build/dev_pi_communicate/prefix_override:/home/kuns/ROS_projects/dev_pi_communicate/install/dev_pi_communicate/lib/python3.10/site-packages:${PYTHONPATH} /usr/bin/python3 setup.py egg_info --egg-base ../../build/dev_pi_communicate build --build-base /home/kuns/ROS_projects/dev_pi_communicate/build/dev_pi_communicate/build install --record /home/kuns/ROS_projects/dev_pi_communicate/build/dev_pi_communicate/install.log --single-version-externally-managed
[9.590s] Level 1:colcon.colcon_core.environment:checking '/home/kuns/ROS_projects/dev_pi_communicate/install/dev_pi_communicate' for CMake module files
[9.593s] Level 1:colcon.colcon_core.environment:checking '/home/kuns/ROS_projects/dev_pi_communicate/install/dev_pi_communicate' for CMake config files
[9.598s] Level 1:colcon.colcon_core.environment:checking '/home/kuns/ROS_projects/dev_pi_communicate/install/dev_pi_communicate/lib'
[9.599s] Level 1:colcon.colcon_core.environment:checking '/home/kuns/ROS_projects/dev_pi_communicate/install/dev_pi_communicate/bin'
[9.599s] Level 1:colcon.colcon_core.environment:checking '/home/kuns/ROS_projects/dev_pi_communicate/install/dev_pi_communicate/lib/pkgconfig/dev_pi_communicate.pc'
[9.600s] Level 1:colcon.colcon_core.environment:checking '/home/kuns/ROS_projects/dev_pi_communicate/install/dev_pi_communicate/lib/python3.10/site-packages'
[9.600s] Level 1:colcon.colcon_core.shell:create_environment_hook('dev_pi_communicate', 'pythonpath')
[9.661s] INFO:colcon.colcon_core.shell:Creating environment hook '/home/kuns/ROS_projects/dev_pi_communicate/install/dev_pi_communicate/share/dev_pi_communicate/hook/pythonpath.ps1'
[9.663s] INFO:colcon.colcon_core.shell:Creating environment descriptor '/home/kuns/ROS_projects/dev_pi_communicate/install/dev_pi_communicate/share/dev_pi_communicate/hook/pythonpath.dsv'
[9.663s] INFO:colcon.colcon_core.shell:Creating environment hook '/home/kuns/ROS_projects/dev_pi_communicate/install/dev_pi_communicate/share/dev_pi_communicate/hook/pythonpath.sh'
[9.665s] Level 1:colcon.colcon_core.environment:checking '/home/kuns/ROS_projects/dev_pi_communicate/install/dev_pi_communicate/bin'
[9.665s] Level 1:colcon.colcon_core.environment:create_environment_scripts_only(dev_pi_communicate)
[9.712s] INFO:colcon.colcon_core.shell:Creating package script '/home/kuns/ROS_projects/dev_pi_communicate/install/dev_pi_communicate/share/dev_pi_communicate/package.ps1'
[9.715s] INFO:colcon.colcon_core.shell:Creating package descriptor '/home/kuns/ROS_projects/dev_pi_communicate/install/dev_pi_communicate/share/dev_pi_communicate/package.dsv'
[9.718s] INFO:colcon.colcon_core.shell:Creating package script '/home/kuns/ROS_projects/dev_pi_communicate/install/dev_pi_communicate/share/dev_pi_communicate/package.sh'
[9.721s] INFO:colcon.colcon_core.shell:Creating package script '/home/kuns/ROS_projects/dev_pi_communicate/install/dev_pi_communicate/share/dev_pi_communicate/package.bash'
[9.725s] INFO:colcon.colcon_core.shell:Creating package script '/home/kuns/ROS_projects/dev_pi_communicate/install/dev_pi_communicate/share/dev_pi_communicate/package.zsh'
[9.728s] Level 1:colcon.colcon_core.environment:create_file_with_runtime_dependencies(/home/kuns/ROS_projects/dev_pi_communicate/install/dev_pi_communicate/share/colcon-core/packages/dev_pi_communicate)
[9.729s] DEBUG:colcon.colcon_parallel_executor.executor.parallel:closing loop
[9.730s] DEBUG:colcon.colcon_parallel_executor.executor.parallel:loop closed
[9.730s] DEBUG:colcon.colcon_parallel_executor.executor.parallel:run_until_complete finished with '0'
[9.731s] DEBUG:colcon.colcon_core.event_reactor:joining thread
[9.795s] INFO:colcon.colcon_core.plugin_system:Skipping extension 'colcon_notification.desktop_notification.terminal_notifier': Not used on non-Darwin systems
[9.795s] INFO:colcon.colcon_core.plugin_system:Skipping extension 'colcon_notification.desktop_notification.win32': Not used on non-Windows systems
[9.795s] INFO:colcon.colcon_notification.desktop_notification:Sending desktop notification using 'notify2'
[9.867s] DEBUG:colcon.colcon_core.event_reactor:joined thread
[9.927s] INFO:colcon.colcon_core.shell:Creating prefix script '/home/kuns/ROS_projects/dev_pi_communicate/install/local_setup.ps1'
[9.931s] INFO:colcon.colcon_core.shell:Creating prefix util module '/home/kuns/ROS_projects/dev_pi_communicate/install/_local_setup_util_ps1.py'
[9.936s] INFO:colcon.colcon_core.shell:Creating prefix chain script '/home/kuns/ROS_projects/dev_pi_communicate/install/setup.ps1'
[9.990s] INFO:colcon.colcon_core.shell:Creating prefix script '/home/kuns/ROS_projects/dev_pi_communicate/install/local_setup.sh'
[9.993s] INFO:colcon.colcon_core.shell:Creating prefix util module '/home/kuns/ROS_projects/dev_pi_communicate/install/_local_setup_util_sh.py'
[9.994s] INFO:colcon.colcon_core.shell:Creating prefix chain script '/home/kuns/ROS_projects/dev_pi_communicate/install/setup.sh'
[10.047s] INFO:colcon.colcon_core.shell:Creating prefix script '/home/kuns/ROS_projects/dev_pi_communicate/install/local_setup.bash'
[10.050s] INFO:colcon.colcon_core.shell:Creating prefix chain script '/home/kuns/ROS_projects/dev_pi_communicate/install/setup.bash'
[10.101s] INFO:colcon.colcon_core.shell:Creating prefix script '/home/kuns/ROS_projects/dev_pi_communicate/install/local_setup.zsh'
[10.103s] INFO:colcon.colcon_core.shell:Creating prefix chain script '/home/kuns/ROS_projects/dev_pi_communicate/install/setup.zsh'
