[3.985s] DEBUG:colcon:Command line arguments: ['/usr/bin/colcon', 'build', '--symlink-install']
[3.985s] DEBUG:colcon:Parsed command line arguments: Namespace(log_base=None, log_level=None, verb_name='build', build_base='build', install_base='install', merge_install=False, symlink_install=True, test_result_base=None, continue_on_error=False, executor='parallel', parallel_workers=4, event_handlers=None, ignore_user_meta=False, metas=['./colcon.meta'], base_paths=['.'], packages_ignore=None, packages_ignore_regex=None, paths=None, packages_up_to=None, packages_up_to_regex=None, packages_above=None, packages_above_and_dependencies=None, packages_above_depth=None, packages_select_by_dep=None, packages_skip_by_dep=None, packages_skip_up_to=None, packages_select_build_failed=False, packages_skip_build_finished=False, packages_select_test_failures=False, packages_skip_test_passed=False, packages_select=None, packages_skip=None, packages_select_regex=None, packages_skip_regex=None, packages_start=None, packages_end=None, allow_overriding=[], cmake_args=None, cmake_target=None, cmake_target_skip_unavailable=False, cmake_clean_cache=False, cmake_clean_first=False, cmake_force_configure=False, ament_cmake_args=None, catkin_cmake_args=None, catkin_skip_building_tests=False, verb_parser=<colcon_defaults.argument_parser.defaults.DefaultArgumentsDecorator object at 0x7f8eee3d5150>, verb_extension=<colcon_core.verb.build.BuildVerb object at 0x7f8eee3d4340>, main=<bound method BuildVerb.main of <colcon_core.verb.build.BuildVerb object at 0x7f8eee3d4340>>)
[4.179s] Level 1:colcon.colcon_core.package_discovery:discover_packages(colcon_meta) check parameters
[4.179s] Level 1:colcon.colcon_core.package_discovery:discover_packages(recursive) check parameters
[4.179s] Level 1:colcon.colcon_core.package_discovery:discover_packages(ignore) check parameters
[4.179s] Level 1:colcon.colcon_core.package_discovery:discover_packages(path) check parameters
[4.179s] Level 1:colcon.colcon_core.package_discovery:discover_packages(colcon_meta) discover
[4.180s] Level 1:colcon.colcon_core.package_discovery:discover_packages(recursive) discover
[4.180s] INFO:colcon.colcon_core.package_discovery:Crawling recursively for packages in '/home/kuns/ROS_projects/dev_pi_communicate'
[4.180s] Level 1:colcon.colcon_core.package_identification:_identify(.) by extensions ['ignore', 'ignore_ament_install']
[4.180s] Level 1:colcon.colcon_core.package_identification:_identify(.) by extension 'ignore'
[4.180s] Level 1:colcon.colcon_core.package_identification:_identify(.) by extension 'ignore_ament_install'
[4.181s] Level 1:colcon.colcon_core.package_identification:_identify(.) by extensions ['colcon_pkg']
[4.181s] Level 1:colcon.colcon_core.package_identification:_identify(.) by extension 'colcon_pkg'
[4.181s] Level 1:colcon.colcon_core.package_identification:_identify(.) by extensions ['colcon_meta']
[4.181s] Level 1:colcon.colcon_core.package_identification:_identify(.) by extension 'colcon_meta'
[4.181s] Level 1:colcon.colcon_core.package_identification:_identify(.) by extensions ['ros']
[4.181s] Level 1:colcon.colcon_core.package_identification:_identify(.) by extension 'ros'
[4.216s] Level 1:colcon.colcon_core.package_identification:_identify(.) by extensions ['cmake', 'python']
[4.217s] Level 1:colcon.colcon_core.package_identification:_identify(.) by extension 'cmake'
[4.217s] Level 1:colcon.colcon_core.package_identification:_identify(.) by extension 'python'
[4.217s] Level 1:colcon.colcon_core.package_identification:_identify(.) by extensions ['python_setup_py']
[4.217s] Level 1:colcon.colcon_core.package_identification:_identify(.) by extension 'python_setup_py'
[4.217s] Level 1:colcon.colcon_core.package_identification:_identify(build) by extensions ['ignore', 'ignore_ament_install']
[4.218s] Level 1:colcon.colcon_core.package_identification:_identify(build) by extension 'ignore'
[4.218s] Level 1:colcon.colcon_core.package_identification:_identify(build) ignored
[4.218s] Level 1:colcon.colcon_core.package_identification:_identify(install) by extensions ['ignore', 'ignore_ament_install']
[4.218s] Level 1:colcon.colcon_core.package_identification:_identify(install) by extension 'ignore'
[4.218s] Level 1:colcon.colcon_core.package_identification:_identify(install) ignored
[4.219s] Level 1:colcon.colcon_core.package_identification:_identify(log) by extensions ['ignore', 'ignore_ament_install']
[4.219s] Level 1:colcon.colcon_core.package_identification:_identify(log) by extension 'ignore'
[4.219s] Level 1:colcon.colcon_core.package_identification:_identify(log) ignored
[4.219s] Level 1:colcon.colcon_core.package_identification:_identify(src) by extensions ['ignore', 'ignore_ament_install']
[4.220s] Level 1:colcon.colcon_core.package_identification:_identify(src) by extension 'ignore'
[4.220s] Level 1:colcon.colcon_core.package_identification:_identify(src) by extension 'ignore_ament_install'
[4.220s] Level 1:colcon.colcon_core.package_identification:_identify(src) by extensions ['colcon_pkg']
[4.220s] Level 1:colcon.colcon_core.package_identification:_identify(src) by extension 'colcon_pkg'
[4.220s] Level 1:colcon.colcon_core.package_identification:_identify(src) by extensions ['colcon_meta']
[4.220s] Level 1:colcon.colcon_core.package_identification:_identify(src) by extension 'colcon_meta'
[4.220s] Level 1:colcon.colcon_core.package_identification:_identify(src) by extensions ['ros']
[4.220s] Level 1:colcon.colcon_core.package_identification:_identify(src) by extension 'ros'
[4.221s] Level 1:colcon.colcon_core.package_identification:_identify(src) by extensions ['cmake', 'python']
[4.221s] Level 1:colcon.colcon_core.package_identification:_identify(src) by extension 'cmake'
[4.221s] Level 1:colcon.colcon_core.package_identification:_identify(src) by extension 'python'
[4.221s] Level 1:colcon.colcon_core.package_identification:_identify(src) by extensions ['python_setup_py']
[4.221s] Level 1:colcon.colcon_core.package_identification:_identify(src) by extension 'python_setup_py'
[4.221s] Level 1:colcon.colcon_core.package_identification:_identify(src/camera) by extensions ['ignore', 'ignore_ament_install']
[4.222s] Level 1:colcon.colcon_core.package_identification:_identify(src/camera) by extension 'ignore'
[4.222s] Level 1:colcon.colcon_core.package_identification:_identify(src/camera) by extension 'ignore_ament_install'
[4.222s] Level 1:colcon.colcon_core.package_identification:_identify(src/camera) by extensions ['colcon_pkg']
[4.222s] Level 1:colcon.colcon_core.package_identification:_identify(src/camera) by extension 'colcon_pkg'
[4.222s] Level 1:colcon.colcon_core.package_identification:_identify(src/camera) by extensions ['colcon_meta']
[4.222s] Level 1:colcon.colcon_core.package_identification:_identify(src/camera) by extension 'colcon_meta'
[4.222s] Level 1:colcon.colcon_core.package_identification:_identify(src/camera) by extensions ['ros']
[4.222s] Level 1:colcon.colcon_core.package_identification:_identify(src/camera) by extension 'ros'
[4.235s] DEBUG:colcon.colcon_core.package_identification:Package 'src/camera' with type 'ros.ament_python' and name 'camera'
[4.235s] Level 1:colcon.colcon_core.package_identification:_identify(src/dev_pi_communicate) by extensions ['ignore', 'ignore_ament_install']
[4.235s] Level 1:colcon.colcon_core.package_identification:_identify(src/dev_pi_communicate) by extension 'ignore'
[4.236s] Level 1:colcon.colcon_core.package_identification:_identify(src/dev_pi_communicate) by extension 'ignore_ament_install'
[4.236s] Level 1:colcon.colcon_core.package_identification:_identify(src/dev_pi_communicate) by extensions ['colcon_pkg']
[4.236s] Level 1:colcon.colcon_core.package_identification:_identify(src/dev_pi_communicate) by extension 'colcon_pkg'
[4.236s] Level 1:colcon.colcon_core.package_identification:_identify(src/dev_pi_communicate) by extensions ['colcon_meta']
[4.236s] Level 1:colcon.colcon_core.package_identification:_identify(src/dev_pi_communicate) by extension 'colcon_meta'
[4.236s] Level 1:colcon.colcon_core.package_identification:_identify(src/dev_pi_communicate) by extensions ['ros']
[4.236s] Level 1:colcon.colcon_core.package_identification:_identify(src/dev_pi_communicate) by extension 'ros'
[4.241s] DEBUG:colcon.colcon_core.package_identification:Package 'src/dev_pi_communicate' with type 'ros.ament_python' and name 'dev_pi_communicate'
[4.241s] Level 1:colcon.colcon_core.package_discovery:discover_packages(recursive) using defaults
[4.241s] Level 1:colcon.colcon_core.package_discovery:discover_packages(ignore) discover
[4.241s] Level 1:colcon.colcon_core.package_discovery:discover_packages(ignore) using defaults
[4.241s] Level 1:colcon.colcon_core.package_discovery:discover_packages(path) discover
[4.241s] Level 1:colcon.colcon_core.package_discovery:discover_packages(path) using defaults
[4.561s] Level 1:colcon.colcon_core.package_discovery:discover_packages(prefix_path) check parameters
[4.562s] Level 1:colcon.colcon_core.package_discovery:discover_packages(prefix_path) discover
[4.668s] DEBUG:colcon.colcon_installed_package_information.package_discovery:Found 4 installed packages in /home/kuns/ROS_projects/dev_pi_communicate/install
[4.725s] DEBUG:colcon.colcon_installed_package_information.package_discovery:Found 359 installed packages in /opt/ros/humble
[4.758s] Level 1:colcon.colcon_core.package_discovery:discover_packages(prefix_path) using defaults
[5.121s] Level 5:colcon.colcon_core.verb:set package 'camera' build argument 'cmake_args' from command line to 'None'
[5.121s] Level 5:colcon.colcon_core.verb:set package 'camera' build argument 'cmake_target' from command line to 'None'
[5.121s] Level 5:colcon.colcon_core.verb:set package 'camera' build argument 'cmake_target_skip_unavailable' from command line to 'False'
[5.121s] Level 5:colcon.colcon_core.verb:set package 'camera' build argument 'cmake_clean_cache' from command line to 'False'
[5.121s] Level 5:colcon.colcon_core.verb:set package 'camera' build argument 'cmake_clean_first' from command line to 'False'
[5.121s] Level 5:colcon.colcon_core.verb:set package 'camera' build argument 'cmake_force_configure' from command line to 'False'
[5.122s] Level 5:colcon.colcon_core.verb:set package 'camera' build argument 'ament_cmake_args' from command line to 'None'
[5.122s] Level 5:colcon.colcon_core.verb:set package 'camera' build argument 'catkin_cmake_args' from command line to 'None'
[5.122s] Level 5:colcon.colcon_core.verb:set package 'camera' build argument 'catkin_skip_building_tests' from command line to 'False'
[5.122s] DEBUG:colcon.colcon_core.verb:Building package 'camera' with the following arguments: {'ament_cmake_args': None, 'build_base': '/home/kuns/ROS_projects/dev_pi_communicate/build/camera', 'catkin_cmake_args': None, 'catkin_skip_building_tests': False, 'cmake_args': None, 'cmake_clean_cache': False, 'cmake_clean_first': False, 'cmake_force_configure': False, 'cmake_target': None, 'cmake_target_skip_unavailable': False, 'install_base': '/home/kuns/ROS_projects/dev_pi_communicate/install/camera', 'merge_install': False, 'path': '/home/kuns/ROS_projects/dev_pi_communicate/src/camera', 'symlink_install': True, 'test_result_base': None}
[5.179s] Level 5:colcon.colcon_core.verb:set package 'dev_pi_communicate' build argument 'cmake_args' from command line to 'None'
[5.179s] Level 5:colcon.colcon_core.verb:set package 'dev_pi_communicate' build argument 'cmake_target' from command line to 'None'
[5.179s] Level 5:colcon.colcon_core.verb:set package 'dev_pi_communicate' build argument 'cmake_target_skip_unavailable' from command line to 'False'
[5.179s] Level 5:colcon.colcon_core.verb:set package 'dev_pi_communicate' build argument 'cmake_clean_cache' from command line to 'False'
[5.179s] Level 5:colcon.colcon_core.verb:set package 'dev_pi_communicate' build argument 'cmake_clean_first' from command line to 'False'
[5.180s] Level 5:colcon.colcon_core.verb:set package 'dev_pi_communicate' build argument 'cmake_force_configure' from command line to 'False'
[5.180s] Level 5:colcon.colcon_core.verb:set package 'dev_pi_communicate' build argument 'ament_cmake_args' from command line to 'None'
[5.180s] Level 5:colcon.colcon_core.verb:set package 'dev_pi_communicate' build argument 'catkin_cmake_args' from command line to 'None'
[5.180s] Level 5:colcon.colcon_core.verb:set package 'dev_pi_communicate' build argument 'catkin_skip_building_tests' from command line to 'False'
[5.180s] DEBUG:colcon.colcon_core.verb:Building package 'dev_pi_communicate' with the following arguments: {'ament_cmake_args': None, 'build_base': '/home/kuns/ROS_projects/dev_pi_communicate/build/dev_pi_communicate', 'catkin_cmake_args': None, 'catkin_skip_building_tests': False, 'cmake_args': None, 'cmake_clean_cache': False, 'cmake_clean_first': False, 'cmake_force_configure': False, 'cmake_target': None, 'cmake_target_skip_unavailable': False, 'install_base': '/home/kuns/ROS_projects/dev_pi_communicate/install/dev_pi_communicate', 'merge_install': False, 'path': '/home/kuns/ROS_projects/dev_pi_communicate/src/dev_pi_communicate', 'symlink_install': True, 'test_result_base': None}
[5.234s] INFO:colcon.colcon_core.executor:Executing jobs using 'parallel' executor
[5.291s] DEBUG:colcon.colcon_parallel_executor.executor.parallel:run_until_complete
[5.291s] INFO:colcon.colcon_ros.task.ament_python.build:Building ROS package in '/home/kuns/ROS_projects/dev_pi_communicate/src/camera' with build type 'ament_python'
[5.292s] Level 1:colcon.colcon_core.shell:create_environment_hook('camera', 'ament_prefix_path')
[5.354s] INFO:colcon.colcon_core.plugin_system:Skipping extension 'colcon_core.shell.bat': Not used on non-Windows systems
[5.354s] INFO:colcon.colcon_core.shell:Creating environment hook '/home/kuns/ROS_projects/dev_pi_communicate/install/camera/share/camera/hook/ament_prefix_path.ps1'
[5.356s] INFO:colcon.colcon_core.shell:Creating environment descriptor '/home/kuns/ROS_projects/dev_pi_communicate/install/camera/share/camera/hook/ament_prefix_path.dsv'
[5.359s] INFO:colcon.colcon_core.shell:Creating environment hook '/home/kuns/ROS_projects/dev_pi_communicate/install/camera/share/camera/hook/ament_prefix_path.sh'
[5.418s] INFO:colcon.colcon_core.shell:Skip shell extension 'powershell' for command environment: Not usable outside of PowerShell
[5.418s] DEBUG:colcon.colcon_core.shell:Skip shell extension 'dsv' for command environment
[5.596s] INFO:colcon.colcon_ros.task.ament_python.build:Building ROS package in '/home/kuns/ROS_projects/dev_pi_communicate/src/dev_pi_communicate' with build type 'ament_python'
[5.596s] Level 1:colcon.colcon_core.shell:create_environment_hook('dev_pi_communicate', 'ament_prefix_path')
[5.652s] INFO:colcon.colcon_core.shell:Creating environment hook '/home/kuns/ROS_projects/dev_pi_communicate/install/dev_pi_communicate/share/dev_pi_communicate/hook/ament_prefix_path.ps1'
[5.654s] INFO:colcon.colcon_core.shell:Creating environment descriptor '/home/kuns/ROS_projects/dev_pi_communicate/install/dev_pi_communicate/share/dev_pi_communicate/hook/ament_prefix_path.dsv'
[5.654s] INFO:colcon.colcon_core.shell:Creating environment hook '/home/kuns/ROS_projects/dev_pi_communicate/install/dev_pi_communicate/share/dev_pi_communicate/hook/ament_prefix_path.sh'
[5.709s] INFO:colcon.colcon_core.shell:Skip shell extension 'powershell' for command environment: Not usable outside of PowerShell
[5.710s] DEBUG:colcon.colcon_core.shell:Skip shell extension 'dsv' for command environment
[6.803s] INFO:colcon.colcon_core.task.python.build:Building Python package in '/home/kuns/ROS_projects/dev_pi_communicate/src/camera'
[6.896s] INFO:colcon.colcon_core.shell:Skip shell extension 'powershell' for command environment: Not usable outside of PowerShell
[6.896s] DEBUG:colcon.colcon_core.shell:Skip shell extension 'dsv' for command environment
[7.979s] INFO:colcon.colcon_core.task.python.build:Building Python package in '/home/kuns/ROS_projects/dev_pi_communicate/src/dev_pi_communicate'
[8.072s] INFO:colcon.colcon_core.shell:Skip shell extension 'powershell' for command environment: Not usable outside of PowerShell
[8.073s] DEBUG:colcon.colcon_core.shell:Skip shell extension 'dsv' for command environment
[9.458s] DEBUG:colcon.colcon_core.event_handler.log_command:Invoking command in '/home/kuns/ROS_projects/dev_pi_communicate/build/dev_pi_communicate': PYTHONPATH=/home/kuns/ROS_projects/dev_pi_communicate/build/dev_pi_communicate/prefix_override:/home/kuns/ROS_projects/dev_pi_communicate/install/dev_pi_communicate/lib/python3.10/site-packages:${PYTHONPATH} /usr/bin/python3 setup.py develop --editable --build-directory /home/kuns/ROS_projects/dev_pi_communicate/build/dev_pi_communicate/build --no-deps install_data
[9.463s] DEBUG:colcon.colcon_core.event_handler.log_command:Invoking command in '/home/kuns/ROS_projects/dev_pi_communicate/build/camera': PYTHONPATH=/home/kuns/ROS_projects/dev_pi_communicate/build/camera/prefix_override:/home/kuns/ROS_projects/dev_pi_communicate/install/camera/lib/python3.10/site-packages:${PYTHONPATH} /usr/bin/python3 setup.py develop --editable --build-directory /home/kuns/ROS_projects/dev_pi_communicate/build/camera/build --no-deps install_data
[11.190s] Level 1:colcon.colcon_core.shell:create_environment_hook('camera', 'pythonpath_develop')
[11.192s] DEBUG:colcon.colcon_core.event_handler.log_command:Invoked command in '/home/kuns/ROS_projects/dev_pi_communicate/build/camera' returned '0': PYTHONPATH=/home/kuns/ROS_projects/dev_pi_communicate/build/camera/prefix_override:/home/kuns/ROS_projects/dev_pi_communicate/install/camera/lib/python3.10/site-packages:${PYTHONPATH} /usr/bin/python3 setup.py develop --editable --build-directory /home/kuns/ROS_projects/dev_pi_communicate/build/camera/build --no-deps install_data
[11.244s] INFO:colcon.colcon_core.shell:Creating environment hook '/home/kuns/ROS_projects/dev_pi_communicate/build/camera/share/camera/hook/pythonpath_develop.ps1'
[11.245s] INFO:colcon.colcon_core.shell:Creating environment descriptor '/home/kuns/ROS_projects/dev_pi_communicate/build/camera/share/camera/hook/pythonpath_develop.dsv'
[11.246s] INFO:colcon.colcon_core.shell:Creating environment hook '/home/kuns/ROS_projects/dev_pi_communicate/build/camera/share/camera/hook/pythonpath_develop.sh'
[11.309s] Level 1:colcon.colcon_core.environment:checking '/home/kuns/ROS_projects/dev_pi_communicate/install/camera' for CMake module files
[11.310s] Level 1:colcon.colcon_core.environment:checking '/home/kuns/ROS_projects/dev_pi_communicate/install/camera' for CMake config files
[11.312s] Level 1:colcon.colcon_core.environment:checking '/home/kuns/ROS_projects/dev_pi_communicate/install/camera/lib'
[11.312s] Level 1:colcon.colcon_core.environment:checking '/home/kuns/ROS_projects/dev_pi_communicate/install/camera/bin'
[11.312s] Level 1:colcon.colcon_core.environment:checking '/home/kuns/ROS_projects/dev_pi_communicate/install/camera/lib/pkgconfig/camera.pc'
[11.313s] Level 1:colcon.colcon_core.environment:checking '/home/kuns/ROS_projects/dev_pi_communicate/install/camera/lib/python3.10/site-packages'
[11.313s] Level 1:colcon.colcon_core.shell:create_environment_hook('camera', 'pythonpath')
[11.367s] INFO:colcon.colcon_core.shell:Creating environment hook '/home/kuns/ROS_projects/dev_pi_communicate/install/camera/share/camera/hook/pythonpath.ps1'
[11.368s] INFO:colcon.colcon_core.shell:Creating environment descriptor '/home/kuns/ROS_projects/dev_pi_communicate/install/camera/share/camera/hook/pythonpath.dsv'
[11.369s] INFO:colcon.colcon_core.shell:Creating environment hook '/home/kuns/ROS_projects/dev_pi_communicate/install/camera/share/camera/hook/pythonpath.sh'
[11.370s] Level 1:colcon.colcon_core.environment:checking '/home/kuns/ROS_projects/dev_pi_communicate/install/camera/bin'
[11.371s] Level 1:colcon.colcon_core.environment:create_environment_scripts_only(camera)
[11.425s] INFO:colcon.colcon_core.shell:Creating package script '/home/kuns/ROS_projects/dev_pi_communicate/install/camera/share/camera/package.ps1'
[11.428s] INFO:colcon.colcon_core.shell:Creating package descriptor '/home/kuns/ROS_projects/dev_pi_communicate/install/camera/share/camera/package.dsv'
[11.430s] INFO:colcon.colcon_core.shell:Creating package script '/home/kuns/ROS_projects/dev_pi_communicate/install/camera/share/camera/package.sh'
[11.434s] INFO:colcon.colcon_core.shell:Creating package script '/home/kuns/ROS_projects/dev_pi_communicate/install/camera/share/camera/package.bash'
[11.437s] INFO:colcon.colcon_core.shell:Creating package script '/home/kuns/ROS_projects/dev_pi_communicate/install/camera/share/camera/package.zsh'
[11.440s] Level 1:colcon.colcon_core.environment:create_file_with_runtime_dependencies(/home/kuns/ROS_projects/dev_pi_communicate/install/camera/share/colcon-core/packages/camera)
[11.443s] Level 1:colcon.colcon_core.shell:create_environment_hook('dev_pi_communicate', 'pythonpath_develop')
[11.446s] DEBUG:colcon.colcon_core.event_handler.log_command:Invoked command in '/home/kuns/ROS_projects/dev_pi_communicate/build/dev_pi_communicate' returned '0': PYTHONPATH=/home/kuns/ROS_projects/dev_pi_communicate/build/dev_pi_communicate/prefix_override:/home/kuns/ROS_projects/dev_pi_communicate/install/dev_pi_communicate/lib/python3.10/site-packages:${PYTHONPATH} /usr/bin/python3 setup.py develop --editable --build-directory /home/kuns/ROS_projects/dev_pi_communicate/build/dev_pi_communicate/build --no-deps install_data
[11.502s] INFO:colcon.colcon_core.shell:Creating environment hook '/home/kuns/ROS_projects/dev_pi_communicate/build/dev_pi_communicate/share/dev_pi_communicate/hook/pythonpath_develop.ps1'
[11.503s] INFO:colcon.colcon_core.shell:Creating environment descriptor '/home/kuns/ROS_projects/dev_pi_communicate/build/dev_pi_communicate/share/dev_pi_communicate/hook/pythonpath_develop.dsv'
[11.504s] INFO:colcon.colcon_core.shell:Creating environment hook '/home/kuns/ROS_projects/dev_pi_communicate/build/dev_pi_communicate/share/dev_pi_communicate/hook/pythonpath_develop.sh'
[11.558s] Level 1:colcon.colcon_core.environment:checking '/home/kuns/ROS_projects/dev_pi_communicate/install/dev_pi_communicate' for CMake module files
[11.560s] Level 1:colcon.colcon_core.environment:checking '/home/kuns/ROS_projects/dev_pi_communicate/install/dev_pi_communicate' for CMake config files
[11.561s] Level 1:colcon.colcon_core.environment:checking '/home/kuns/ROS_projects/dev_pi_communicate/install/dev_pi_communicate/lib'
[11.562s] Level 1:colcon.colcon_core.environment:checking '/home/kuns/ROS_projects/dev_pi_communicate/install/dev_pi_communicate/bin'
[11.562s] Level 1:colcon.colcon_core.environment:checking '/home/kuns/ROS_projects/dev_pi_communicate/install/dev_pi_communicate/lib/pkgconfig/dev_pi_communicate.pc'
[11.563s] Level 1:colcon.colcon_core.environment:checking '/home/kuns/ROS_projects/dev_pi_communicate/install/dev_pi_communicate/lib/python3.10/site-packages'
[11.563s] Level 1:colcon.colcon_core.shell:create_environment_hook('dev_pi_communicate', 'pythonpath')
[11.616s] INFO:colcon.colcon_core.shell:Creating environment hook '/home/kuns/ROS_projects/dev_pi_communicate/install/dev_pi_communicate/share/dev_pi_communicate/hook/pythonpath.ps1'
[11.618s] INFO:colcon.colcon_core.shell:Creating environment descriptor '/home/kuns/ROS_projects/dev_pi_communicate/install/dev_pi_communicate/share/dev_pi_communicate/hook/pythonpath.dsv'
[11.619s] INFO:colcon.colcon_core.shell:Creating environment hook '/home/kuns/ROS_projects/dev_pi_communicate/install/dev_pi_communicate/share/dev_pi_communicate/hook/pythonpath.sh'
[11.620s] Level 1:colcon.colcon_core.environment:checking '/home/kuns/ROS_projects/dev_pi_communicate/install/dev_pi_communicate/bin'
[11.620s] Level 1:colcon.colcon_core.environment:create_environment_scripts_only(dev_pi_communicate)
[11.673s] INFO:colcon.colcon_core.shell:Creating package script '/home/kuns/ROS_projects/dev_pi_communicate/install/dev_pi_communicate/share/dev_pi_communicate/package.ps1'
[11.675s] INFO:colcon.colcon_core.shell:Creating package descriptor '/home/kuns/ROS_projects/dev_pi_communicate/install/dev_pi_communicate/share/dev_pi_communicate/package.dsv'
[11.677s] INFO:colcon.colcon_core.shell:Creating package script '/home/kuns/ROS_projects/dev_pi_communicate/install/dev_pi_communicate/share/dev_pi_communicate/package.sh'
[11.678s] INFO:colcon.colcon_core.shell:Creating package script '/home/kuns/ROS_projects/dev_pi_communicate/install/dev_pi_communicate/share/dev_pi_communicate/package.bash'
[11.679s] INFO:colcon.colcon_core.shell:Creating package script '/home/kuns/ROS_projects/dev_pi_communicate/install/dev_pi_communicate/share/dev_pi_communicate/package.zsh'
[11.680s] Level 1:colcon.colcon_core.environment:create_file_with_runtime_dependencies(/home/kuns/ROS_projects/dev_pi_communicate/install/dev_pi_communicate/share/colcon-core/packages/dev_pi_communicate)
[11.680s] DEBUG:colcon.colcon_parallel_executor.executor.parallel:closing loop
[11.681s] DEBUG:colcon.colcon_parallel_executor.executor.parallel:loop closed
[11.682s] DEBUG:colcon.colcon_parallel_executor.executor.parallel:run_until_complete finished with '0'
[11.683s] DEBUG:colcon.colcon_core.event_reactor:joining thread
[11.774s] INFO:colcon.colcon_core.plugin_system:Skipping extension 'colcon_notification.desktop_notification.terminal_notifier': Not used on non-Darwin systems
[11.775s] INFO:colcon.colcon_core.plugin_system:Skipping extension 'colcon_notification.desktop_notification.win32': Not used on non-Windows systems
[11.775s] INFO:colcon.colcon_notification.desktop_notification:Sending desktop notification using 'notify2'
[11.864s] DEBUG:colcon.colcon_core.event_reactor:joined thread
[11.927s] INFO:colcon.colcon_core.shell:Creating prefix script '/home/kuns/ROS_projects/dev_pi_communicate/install/local_setup.ps1'
[11.931s] INFO:colcon.colcon_core.shell:Creating prefix util module '/home/kuns/ROS_projects/dev_pi_communicate/install/_local_setup_util_ps1.py'
[11.937s] INFO:colcon.colcon_core.shell:Creating prefix chain script '/home/kuns/ROS_projects/dev_pi_communicate/install/setup.ps1'
[12.003s] INFO:colcon.colcon_core.shell:Creating prefix script '/home/kuns/ROS_projects/dev_pi_communicate/install/local_setup.sh'
[12.006s] INFO:colcon.colcon_core.shell:Creating prefix util module '/home/kuns/ROS_projects/dev_pi_communicate/install/_local_setup_util_sh.py'
[12.007s] INFO:colcon.colcon_core.shell:Creating prefix chain script '/home/kuns/ROS_projects/dev_pi_communicate/install/setup.sh'
[12.066s] INFO:colcon.colcon_core.shell:Creating prefix script '/home/kuns/ROS_projects/dev_pi_communicate/install/local_setup.bash'
[12.068s] INFO:colcon.colcon_core.shell:Creating prefix chain script '/home/kuns/ROS_projects/dev_pi_communicate/install/setup.bash'
[12.125s] INFO:colcon.colcon_core.shell:Creating prefix script '/home/kuns/ROS_projects/dev_pi_communicate/install/local_setup.zsh'
[12.127s] INFO:colcon.colcon_core.shell:Creating prefix chain script '/home/kuns/ROS_projects/dev_pi_communicate/install/setup.zsh'
