[2.294s] DEBUG:colcon:Command line arguments: ['/usr/bin/colcon', 'build', '--symlink-install']
[2.295s] DEBUG:colcon:Parsed command line arguments: Namespace(log_base=None, log_level=None, verb_name='build', build_base='build', install_base='install', merge_install=False, symlink_install=True, test_result_base=None, continue_on_error=False, executor='parallel', parallel_workers=4, event_handlers=None, ignore_user_meta=False, metas=['./colcon.meta'], base_paths=['.'], packages_ignore=None, packages_ignore_regex=None, paths=None, packages_up_to=None, packages_up_to_regex=None, packages_above=None, packages_above_and_dependencies=None, packages_above_depth=None, packages_select_by_dep=None, packages_skip_by_dep=None, packages_skip_up_to=None, packages_select_build_failed=False, packages_skip_build_finished=False, packages_select_test_failures=False, packages_skip_test_passed=False, packages_select=None, packages_skip=None, packages_select_regex=None, packages_skip_regex=None, packages_start=None, packages_end=None, allow_overriding=[], cmake_args=None, cmake_target=None, cmake_target_skip_unavailable=False, cmake_clean_cache=False, cmake_clean_first=False, cmake_force_configure=False, ament_cmake_args=None, catkin_cmake_args=None, catkin_skip_building_tests=False, verb_parser=<colcon_defaults.argument_parser.defaults.DefaultArgumentsDecorator object at 0xffffb74f9660>, verb_extension=<colcon_core.verb.build.BuildVerb object at 0xffffb741f1f0>, main=<bound method BuildVerb.main of <colcon_core.verb.build.BuildVerb object at 0xffffb741f1f0>>)
[2.563s] Level 1:colcon.colcon_core.package_discovery:discover_packages(colcon_meta) check parameters
[2.563s] Level 1:colcon.colcon_core.package_discovery:discover_packages(recursive) check parameters
[2.564s] Level 1:colcon.colcon_core.package_discovery:discover_packages(ignore) check parameters
[2.564s] Level 1:colcon.colcon_core.package_discovery:discover_packages(path) check parameters
[2.564s] Level 1:colcon.colcon_core.package_discovery:discover_packages(colcon_meta) discover
[2.564s] Level 1:colcon.colcon_core.package_discovery:discover_packages(recursive) discover
[2.564s] INFO:colcon.colcon_core.package_discovery:Crawling recursively for packages in '/home/rpi/ros-projects/dev_pi_communicate'
[2.565s] Level 1:colcon.colcon_core.package_identification:_identify(.) by extensions ['ignore', 'ignore_ament_install']
[2.566s] Level 1:colcon.colcon_core.package_identification:_identify(.) by extension 'ignore'
[2.566s] Level 1:colcon.colcon_core.package_identification:_identify(.) by extension 'ignore_ament_install'
[2.566s] Level 1:colcon.colcon_core.package_identification:_identify(.) by extensions ['colcon_pkg']
[2.566s] Level 1:colcon.colcon_core.package_identification:_identify(.) by extension 'colcon_pkg'
[2.567s] Level 1:colcon.colcon_core.package_identification:_identify(.) by extensions ['colcon_meta']
[2.567s] Level 1:colcon.colcon_core.package_identification:_identify(.) by extension 'colcon_meta'
[2.567s] Level 1:colcon.colcon_core.package_identification:_identify(.) by extensions ['ros']
[2.567s] Level 1:colcon.colcon_core.package_identification:_identify(.) by extension 'ros'
[2.638s] Level 1:colcon.colcon_core.package_identification:_identify(.) by extensions ['cmake', 'python']
[2.638s] Level 1:colcon.colcon_core.package_identification:_identify(.) by extension 'cmake'
[2.639s] Level 1:colcon.colcon_core.package_identification:_identify(.) by extension 'python'
[2.639s] Level 1:colcon.colcon_core.package_identification:_identify(.) by extensions ['python_setup_py']
[2.639s] Level 1:colcon.colcon_core.package_identification:_identify(.) by extension 'python_setup_py'
[2.639s] Level 1:colcon.colcon_core.package_identification:_identify(build) by extensions ['ignore', 'ignore_ament_install']
[2.640s] Level 1:colcon.colcon_core.package_identification:_identify(build) by extension 'ignore'
[2.640s] Level 1:colcon.colcon_core.package_identification:_identify(build) ignored
[2.641s] Level 1:colcon.colcon_core.package_identification:_identify(install) by extensions ['ignore', 'ignore_ament_install']
[2.641s] Level 1:colcon.colcon_core.package_identification:_identify(install) by extension 'ignore'
[2.641s] Level 1:colcon.colcon_core.package_identification:_identify(install) ignored
[2.642s] Level 1:colcon.colcon_core.package_identification:_identify(log) by extensions ['ignore', 'ignore_ament_install']
[2.642s] Level 1:colcon.colcon_core.package_identification:_identify(log) by extension 'ignore'
[2.643s] Level 1:colcon.colcon_core.package_identification:_identify(log) ignored
[2.643s] Level 1:colcon.colcon_core.package_identification:_identify(src) by extensions ['ignore', 'ignore_ament_install']
[2.643s] Level 1:colcon.colcon_core.package_identification:_identify(src) by extension 'ignore'
[2.643s] Level 1:colcon.colcon_core.package_identification:_identify(src) by extension 'ignore_ament_install'
[2.644s] Level 1:colcon.colcon_core.package_identification:_identify(src) by extensions ['colcon_pkg']
[2.644s] Level 1:colcon.colcon_core.package_identification:_identify(src) by extension 'colcon_pkg'
[2.644s] Level 1:colcon.colcon_core.package_identification:_identify(src) by extensions ['colcon_meta']
[2.644s] Level 1:colcon.colcon_core.package_identification:_identify(src) by extension 'colcon_meta'
[2.644s] Level 1:colcon.colcon_core.package_identification:_identify(src) by extensions ['ros']
[2.644s] Level 1:colcon.colcon_core.package_identification:_identify(src) by extension 'ros'
[2.645s] Level 1:colcon.colcon_core.package_identification:_identify(src) by extensions ['cmake', 'python']
[2.645s] Level 1:colcon.colcon_core.package_identification:_identify(src) by extension 'cmake'
[2.645s] Level 1:colcon.colcon_core.package_identification:_identify(src) by extension 'python'
[2.645s] Level 1:colcon.colcon_core.package_identification:_identify(src) by extensions ['python_setup_py']
[2.645s] Level 1:colcon.colcon_core.package_identification:_identify(src) by extension 'python_setup_py'
[2.646s] Level 1:colcon.colcon_core.package_identification:_identify(src/dev_pi_communicate) by extensions ['ignore', 'ignore_ament_install']
[2.646s] Level 1:colcon.colcon_core.package_identification:_identify(src/dev_pi_communicate) by extension 'ignore'
[2.646s] Level 1:colcon.colcon_core.package_identification:_identify(src/dev_pi_communicate) by extension 'ignore_ament_install'
[2.647s] Level 1:colcon.colcon_core.package_identification:_identify(src/dev_pi_communicate) by extensions ['colcon_pkg']
[2.647s] Level 1:colcon.colcon_core.package_identification:_identify(src/dev_pi_communicate) by extension 'colcon_pkg'
[2.647s] Level 1:colcon.colcon_core.package_identification:_identify(src/dev_pi_communicate) by extensions ['colcon_meta']
[2.647s] Level 1:colcon.colcon_core.package_identification:_identify(src/dev_pi_communicate) by extension 'colcon_meta'
[2.647s] Level 1:colcon.colcon_core.package_identification:_identify(src/dev_pi_communicate) by extensions ['ros']
[2.647s] Level 1:colcon.colcon_core.package_identification:_identify(src/dev_pi_communicate) by extension 'ros'
[2.663s] DEBUG:colcon.colcon_core.package_identification:Found ROS schema reference in package manifest in 'src/dev_pi_communicate'
[2.664s] WARNING:colcon.colcon_core.package_identification:Failed to parse ROS package manifest in 'src/dev_pi_communicate': Error(s) in package 'src/dev_pi_communicate/package.xml':
Error(s):
- The generic dependency on 'sys' is redundant with: build_depend, build_export_depend, exec_depend
[2.664s] Level 1:colcon.colcon_core.package_identification:_identify(src/dev_pi_communicate) by extensions ['cmake', 'python']
[2.664s] Level 1:colcon.colcon_core.package_identification:_identify(src/dev_pi_communicate) by extension 'cmake'
[2.665s] Level 1:colcon.colcon_core.package_identification:_identify(src/dev_pi_communicate) by extension 'python'
[2.666s] DEBUG:colcon.colcon_core.package_identification:Python package in 'src/dev_pi_communicate' passes arguments to the setup() function which requires a different identification extension than 'python'
[2.666s] Level 1:colcon.colcon_core.package_identification:_identify(src/dev_pi_communicate) by extensions ['python_setup_py']
[2.666s] Level 1:colcon.colcon_core.package_identification:_identify(src/dev_pi_communicate) by extension 'python_setup_py'
[3.874s] DEBUG:colcon.colcon_core.package_identification:Package 'src/dev_pi_communicate' with type 'python' and name 'dev_pi_communicate'
[3.875s] Level 1:colcon.colcon_core.package_discovery:discover_packages(recursive) using defaults
[3.875s] Level 1:colcon.colcon_core.package_discovery:discover_packages(ignore) discover
[3.875s] Level 1:colcon.colcon_core.package_discovery:discover_packages(ignore) using defaults
[3.875s] Level 1:colcon.colcon_core.package_discovery:discover_packages(path) discover
[3.875s] Level 1:colcon.colcon_core.package_discovery:discover_packages(path) using defaults
[4.036s] Level 1:colcon.colcon_core.package_discovery:discover_packages(prefix_path) check parameters
[4.037s] Level 1:colcon.colcon_core.package_discovery:discover_packages(prefix_path) discover
[4.058s] DEBUG:colcon.colcon_installed_package_information.package_discovery:Found 3 installed packages in /home/rpi/ros-projects/dev_pi_communicate/install
[4.064s] DEBUG:colcon.colcon_installed_package_information.package_discovery:Found 3 installed packages in /home/rpi/ws/install
[4.076s] DEBUG:colcon.colcon_installed_package_information.package_discovery:Found 285 installed packages in /opt/ros/humble
[4.083s] Level 1:colcon.colcon_core.package_discovery:discover_packages(prefix_path) using defaults
[4.372s] Level 5:colcon.colcon_core.verb:set package 'dev_pi_communicate' build argument 'cmake_args' from command line to 'None'
[4.373s] Level 5:colcon.colcon_core.verb:set package 'dev_pi_communicate' build argument 'cmake_target' from command line to 'None'
[4.373s] Level 5:colcon.colcon_core.verb:set package 'dev_pi_communicate' build argument 'cmake_target_skip_unavailable' from command line to 'False'
[4.373s] Level 5:colcon.colcon_core.verb:set package 'dev_pi_communicate' build argument 'cmake_clean_cache' from command line to 'False'
[4.373s] Level 5:colcon.colcon_core.verb:set package 'dev_pi_communicate' build argument 'cmake_clean_first' from command line to 'False'
[4.373s] Level 5:colcon.colcon_core.verb:set package 'dev_pi_communicate' build argument 'cmake_force_configure' from command line to 'False'
[4.373s] Level 5:colcon.colcon_core.verb:set package 'dev_pi_communicate' build argument 'ament_cmake_args' from command line to 'None'
[4.373s] Level 5:colcon.colcon_core.verb:set package 'dev_pi_communicate' build argument 'catkin_cmake_args' from command line to 'None'
[4.373s] Level 5:colcon.colcon_core.verb:set package 'dev_pi_communicate' build argument 'catkin_skip_building_tests' from command line to 'False'
[4.373s] DEBUG:colcon.colcon_core.verb:Building package 'dev_pi_communicate' with the following arguments: {'ament_cmake_args': None, 'build_base': '/home/rpi/ros-projects/dev_pi_communicate/build/dev_pi_communicate', 'catkin_cmake_args': None, 'catkin_skip_building_tests': False, 'cmake_args': None, 'cmake_clean_cache': False, 'cmake_clean_first': False, 'cmake_force_configure': False, 'cmake_target': None, 'cmake_target_skip_unavailable': False, 'install_base': '/home/rpi/ros-projects/dev_pi_communicate/install/dev_pi_communicate', 'merge_install': False, 'path': '/home/rpi/ros-projects/dev_pi_communicate/src/dev_pi_communicate', 'symlink_install': True, 'test_result_base': None}
[4.376s] INFO:colcon.colcon_core.executor:Executing jobs using 'parallel' executor
[4.389s] DEBUG:colcon.colcon_parallel_executor.executor.parallel:run_until_complete
[4.390s] INFO:colcon.colcon_core.task.python.build:Building Python package in '/home/rpi/ros-projects/dev_pi_communicate/src/dev_pi_communicate'
[4.425s] INFO:colcon.colcon_core.plugin_system:Skipping extension 'colcon_core.shell.bat': Not used on non-Windows systems
[4.426s] INFO:colcon.colcon_core.shell:Skip shell extension 'powershell' for command environment: Not usable outside of PowerShell
[4.426s] DEBUG:colcon.colcon_core.shell:Skip shell extension 'dsv' for command environment
[7.609s] DEBUG:colcon.colcon_core.event_handler.log_command:Invoking command in '/home/rpi/ros-projects/dev_pi_communicate/build/dev_pi_communicate': PYTHONPATH=/home/rpi/ros-projects/dev_pi_communicate/build/dev_pi_communicate/prefix_override:/home/rpi/ros-projects/dev_pi_communicate/install/dev_pi_communicate/lib/python3.10/site-packages:${PYTHONPATH} /usr/bin/python3 setup.py develop --editable --build-directory /home/rpi/ros-projects/dev_pi_communicate/build/dev_pi_communicate/build --no-deps install_data
[9.859s] Level 1:colcon.colcon_core.shell:create_environment_hook('dev_pi_communicate', 'pythonpath_develop')
[9.864s] INFO:colcon.colcon_core.shell:Creating environment hook '/home/rpi/ros-projects/dev_pi_communicate/build/dev_pi_communicate/share/dev_pi_communicate/hook/pythonpath_develop.ps1'
[9.865s] DEBUG:colcon.colcon_core.event_handler.log_command:Invoked command in '/home/rpi/ros-projects/dev_pi_communicate/build/dev_pi_communicate' returned '0': PYTHONPATH=/home/rpi/ros-projects/dev_pi_communicate/build/dev_pi_communicate/prefix_override:/home/rpi/ros-projects/dev_pi_communicate/install/dev_pi_communicate/lib/python3.10/site-packages:${PYTHONPATH} /usr/bin/python3 setup.py develop --editable --build-directory /home/rpi/ros-projects/dev_pi_communicate/build/dev_pi_communicate/build --no-deps install_data
[9.869s] INFO:colcon.colcon_core.shell:Creating environment descriptor '/home/rpi/ros-projects/dev_pi_communicate/build/dev_pi_communicate/share/dev_pi_communicate/hook/pythonpath_develop.dsv'
[9.872s] INFO:colcon.colcon_core.shell:Creating environment hook '/home/rpi/ros-projects/dev_pi_communicate/build/dev_pi_communicate/share/dev_pi_communicate/hook/pythonpath_develop.sh'
[9.913s] Level 1:colcon.colcon_core.environment:checking '/home/rpi/ros-projects/dev_pi_communicate/install/dev_pi_communicate' for CMake module files
[9.917s] Level 1:colcon.colcon_core.environment:checking '/home/rpi/ros-projects/dev_pi_communicate/install/dev_pi_communicate' for CMake config files
[9.921s] Level 1:colcon.colcon_core.environment:checking '/home/rpi/ros-projects/dev_pi_communicate/install/dev_pi_communicate/lib'
[9.922s] Level 1:colcon.colcon_core.environment:checking '/home/rpi/ros-projects/dev_pi_communicate/install/dev_pi_communicate/bin'
[9.923s] Level 1:colcon.colcon_core.environment:checking '/home/rpi/ros-projects/dev_pi_communicate/install/dev_pi_communicate/lib/pkgconfig/dev_pi_communicate.pc'
[9.924s] Level 1:colcon.colcon_core.environment:checking '/home/rpi/ros-projects/dev_pi_communicate/install/dev_pi_communicate/lib/python3.10/site-packages'
[9.925s] Level 1:colcon.colcon_core.shell:create_environment_hook('dev_pi_communicate', 'pythonpath')
[9.931s] INFO:colcon.colcon_core.shell:Creating environment hook '/home/rpi/ros-projects/dev_pi_communicate/install/dev_pi_communicate/share/dev_pi_communicate/hook/pythonpath.ps1'
[9.933s] INFO:colcon.colcon_core.shell:Creating environment descriptor '/home/rpi/ros-projects/dev_pi_communicate/install/dev_pi_communicate/share/dev_pi_communicate/hook/pythonpath.dsv'
[9.935s] INFO:colcon.colcon_core.shell:Creating environment hook '/home/rpi/ros-projects/dev_pi_communicate/install/dev_pi_communicate/share/dev_pi_communicate/hook/pythonpath.sh'
[9.937s] Level 1:colcon.colcon_core.environment:checking '/home/rpi/ros-projects/dev_pi_communicate/install/dev_pi_communicate/bin'
[9.938s] Level 1:colcon.colcon_core.environment:create_environment_scripts_only(dev_pi_communicate)
[9.943s] INFO:colcon.colcon_core.shell:Creating package script '/home/rpi/ros-projects/dev_pi_communicate/install/dev_pi_communicate/share/dev_pi_communicate/package.ps1'
[9.947s] INFO:colcon.colcon_core.shell:Creating package descriptor '/home/rpi/ros-projects/dev_pi_communicate/install/dev_pi_communicate/share/dev_pi_communicate/package.dsv'
[9.950s] INFO:colcon.colcon_core.shell:Creating package script '/home/rpi/ros-projects/dev_pi_communicate/install/dev_pi_communicate/share/dev_pi_communicate/package.sh'
[9.955s] INFO:colcon.colcon_core.shell:Creating package script '/home/rpi/ros-projects/dev_pi_communicate/install/dev_pi_communicate/share/dev_pi_communicate/package.bash'
[9.962s] INFO:colcon.colcon_core.shell:Creating package script '/home/rpi/ros-projects/dev_pi_communicate/install/dev_pi_communicate/share/dev_pi_communicate/package.zsh'
[9.968s] Level 1:colcon.colcon_core.environment:create_file_with_runtime_dependencies(/home/rpi/ros-projects/dev_pi_communicate/install/dev_pi_communicate/share/colcon-core/packages/dev_pi_communicate)
[9.969s] DEBUG:colcon.colcon_parallel_executor.executor.parallel:closing loop
[9.970s] DEBUG:colcon.colcon_parallel_executor.executor.parallel:loop closed
[9.971s] DEBUG:colcon.colcon_parallel_executor.executor.parallel:run_until_complete finished with '0'
[9.971s] DEBUG:colcon.colcon_core.event_reactor:joining thread
[10.002s] INFO:colcon.colcon_core.plugin_system:Skipping extension 'colcon_notification.desktop_notification.terminal_notifier': Not used on non-Darwin systems
[10.002s] INFO:colcon.colcon_core.plugin_system:Skipping extension 'colcon_notification.desktop_notification.win32': Not used on non-Windows systems
[10.002s] INFO:colcon.colcon_notification.desktop_notification:Sending desktop notification using 'notify2'
[10.112s] DEBUG:colcon.colcon_core.event_reactor:joined thread
[10.120s] INFO:colcon.colcon_core.shell:Creating prefix script '/home/rpi/ros-projects/dev_pi_communicate/install/local_setup.ps1'
[10.126s] INFO:colcon.colcon_core.shell:Creating prefix util module '/home/rpi/ros-projects/dev_pi_communicate/install/_local_setup_util_ps1.py'
[10.134s] INFO:colcon.colcon_core.shell:Creating prefix chain script '/home/rpi/ros-projects/dev_pi_communicate/install/setup.ps1'
[10.145s] INFO:colcon.colcon_core.shell:Creating prefix script '/home/rpi/ros-projects/dev_pi_communicate/install/local_setup.sh'
[10.149s] INFO:colcon.colcon_core.shell:Creating prefix util module '/home/rpi/ros-projects/dev_pi_communicate/install/_local_setup_util_sh.py'
[10.152s] INFO:colcon.colcon_core.shell:Creating prefix chain script '/home/rpi/ros-projects/dev_pi_communicate/install/setup.sh'
[10.162s] INFO:colcon.colcon_core.shell:Creating prefix script '/home/rpi/ros-projects/dev_pi_communicate/install/local_setup.bash'
[10.166s] INFO:colcon.colcon_core.shell:Creating prefix chain script '/home/rpi/ros-projects/dev_pi_communicate/install/setup.bash'
[10.176s] INFO:colcon.colcon_core.shell:Creating prefix script '/home/rpi/ros-projects/dev_pi_communicate/install/local_setup.zsh'
[10.179s] INFO:colcon.colcon_core.shell:Creating prefix chain script '/home/rpi/ros-projects/dev_pi_communicate/install/setup.zsh'
