[2.489s] DEBUG:colcon:Command line arguments: ['/usr/bin/colcon', 'build', '--symlink-install']
[2.490s] DEBUG:colcon:Parsed command line arguments: Namespace(log_base=None, log_level=None, verb_name='build', build_base='build', install_base='install', merge_install=False, symlink_install=True, test_result_base=None, continue_on_error=False, executor='parallel', parallel_workers=4, event_handlers=None, ignore_user_meta=False, metas=['./colcon.meta'], base_paths=['.'], packages_ignore=None, packages_ignore_regex=None, paths=None, packages_up_to=None, packages_up_to_regex=None, packages_above=None, packages_above_and_dependencies=None, packages_above_depth=None, packages_select_by_dep=None, packages_skip_by_dep=None, packages_skip_up_to=None, packages_select_build_failed=False, packages_skip_build_finished=False, packages_select_test_failures=False, packages_skip_test_passed=False, packages_select=None, packages_skip=None, packages_select_regex=None, packages_skip_regex=None, packages_start=None, packages_end=None, allow_overriding=[], cmake_args=None, cmake_target=None, cmake_target_skip_unavailable=False, cmake_clean_cache=False, cmake_clean_first=False, cmake_force_configure=False, ament_cmake_args=None, catkin_cmake_args=None, catkin_skip_building_tests=False, verb_parser=<colcon_defaults.argument_parser.defaults.DefaultArgumentsDecorator object at 0xffff888499c0>, verb_extension=<colcon_core.verb.build.BuildVerb object at 0xffff8876f4f0>, main=<bound method BuildVerb.main of <colcon_core.verb.build.BuildVerb object at 0xffff8876f4f0>>)
[2.704s] Level 1:colcon.colcon_core.package_discovery:discover_packages(colcon_meta) check parameters
[2.705s] Level 1:colcon.colcon_core.package_discovery:discover_packages(recursive) check parameters
[2.705s] Level 1:colcon.colcon_core.package_discovery:discover_packages(ignore) check parameters
[2.705s] Level 1:colcon.colcon_core.package_discovery:discover_packages(path) check parameters
[2.705s] Level 1:colcon.colcon_core.package_discovery:discover_packages(colcon_meta) discover
[2.705s] Level 1:colcon.colcon_core.package_discovery:discover_packages(recursive) discover
[2.706s] INFO:colcon.colcon_core.package_discovery:Crawling recursively for packages in '/home/rpi/ros-projects/dev_pi_communicate'
[2.706s] Level 1:colcon.colcon_core.package_identification:_identify(.) by extensions ['ignore', 'ignore_ament_install']
[2.707s] Level 1:colcon.colcon_core.package_identification:_identify(.) by extension 'ignore'
[2.707s] Level 1:colcon.colcon_core.package_identification:_identify(.) by extension 'ignore_ament_install'
[2.708s] Level 1:colcon.colcon_core.package_identification:_identify(.) by extensions ['colcon_pkg']
[2.708s] Level 1:colcon.colcon_core.package_identification:_identify(.) by extension 'colcon_pkg'
[2.708s] Level 1:colcon.colcon_core.package_identification:_identify(.) by extensions ['colcon_meta']
[2.709s] Level 1:colcon.colcon_core.package_identification:_identify(.) by extension 'colcon_meta'
[2.709s] Level 1:colcon.colcon_core.package_identification:_identify(.) by extensions ['ros']
[2.709s] Level 1:colcon.colcon_core.package_identification:_identify(.) by extension 'ros'
[2.778s] Level 1:colcon.colcon_core.package_identification:_identify(.) by extensions ['cmake', 'python']
[2.779s] Level 1:colcon.colcon_core.package_identification:_identify(.) by extension 'cmake'
[2.780s] Level 1:colcon.colcon_core.package_identification:_identify(.) by extension 'python'
[2.780s] Level 1:colcon.colcon_core.package_identification:_identify(.) by extensions ['python_setup_py']
[2.781s] Level 1:colcon.colcon_core.package_identification:_identify(.) by extension 'python_setup_py'
[2.783s] Level 1:colcon.colcon_core.package_identification:_identify(build) by extensions ['ignore', 'ignore_ament_install']
[2.783s] Level 1:colcon.colcon_core.package_identification:_identify(build) by extension 'ignore'
[2.784s] Level 1:colcon.colcon_core.package_identification:_identify(build) ignored
[2.785s] Level 1:colcon.colcon_core.package_identification:_identify(install) by extensions ['ignore', 'ignore_ament_install']
[2.786s] Level 1:colcon.colcon_core.package_identification:_identify(install) by extension 'ignore'
[2.787s] Level 1:colcon.colcon_core.package_identification:_identify(install) ignored
[2.790s] Level 1:colcon.colcon_core.package_identification:_identify(log) by extensions ['ignore', 'ignore_ament_install']
[2.791s] Level 1:colcon.colcon_core.package_identification:_identify(log) by extension 'ignore'
[2.791s] Level 1:colcon.colcon_core.package_identification:_identify(log) ignored
[2.792s] Level 1:colcon.colcon_core.package_identification:_identify(src) by extensions ['ignore', 'ignore_ament_install']
[2.793s] Level 1:colcon.colcon_core.package_identification:_identify(src) by extension 'ignore'
[2.794s] Level 1:colcon.colcon_core.package_identification:_identify(src) by extension 'ignore_ament_install'
[2.795s] Level 1:colcon.colcon_core.package_identification:_identify(src) by extensions ['colcon_pkg']
[2.796s] Level 1:colcon.colcon_core.package_identification:_identify(src) by extension 'colcon_pkg'
[2.796s] Level 1:colcon.colcon_core.package_identification:_identify(src) by extensions ['colcon_meta']
[2.797s] Level 1:colcon.colcon_core.package_identification:_identify(src) by extension 'colcon_meta'
[2.797s] Level 1:colcon.colcon_core.package_identification:_identify(src) by extensions ['ros']
[2.798s] Level 1:colcon.colcon_core.package_identification:_identify(src) by extension 'ros'
[2.798s] Level 1:colcon.colcon_core.package_identification:_identify(src) by extensions ['cmake', 'python']
[2.799s] Level 1:colcon.colcon_core.package_identification:_identify(src) by extension 'cmake'
[2.799s] Level 1:colcon.colcon_core.package_identification:_identify(src) by extension 'python'
[2.799s] Level 1:colcon.colcon_core.package_identification:_identify(src) by extensions ['python_setup_py']
[2.800s] Level 1:colcon.colcon_core.package_identification:_identify(src) by extension 'python_setup_py'
[2.801s] Level 1:colcon.colcon_core.package_identification:_identify(src/dev_pi_communicate) by extensions ['ignore', 'ignore_ament_install']
[2.801s] Level 1:colcon.colcon_core.package_identification:_identify(src/dev_pi_communicate) by extension 'ignore'
[2.802s] Level 1:colcon.colcon_core.package_identification:_identify(src/dev_pi_communicate) by extension 'ignore_ament_install'
[2.802s] Level 1:colcon.colcon_core.package_identification:_identify(src/dev_pi_communicate) by extensions ['colcon_pkg']
[2.802s] Level 1:colcon.colcon_core.package_identification:_identify(src/dev_pi_communicate) by extension 'colcon_pkg'
[2.802s] Level 1:colcon.colcon_core.package_identification:_identify(src/dev_pi_communicate) by extensions ['colcon_meta']
[2.803s] Level 1:colcon.colcon_core.package_identification:_identify(src/dev_pi_communicate) by extension 'colcon_meta'
[2.803s] Level 1:colcon.colcon_core.package_identification:_identify(src/dev_pi_communicate) by extensions ['ros']
[2.803s] Level 1:colcon.colcon_core.package_identification:_identify(src/dev_pi_communicate) by extension 'ros'
[2.821s] DEBUG:colcon.colcon_core.package_identification:Package 'src/dev_pi_communicate' with type 'ros.ament_python' and name 'dev_pi_communicate'
[2.821s] Level 1:colcon.colcon_core.package_discovery:discover_packages(recursive) using defaults
[2.821s] Level 1:colcon.colcon_core.package_discovery:discover_packages(ignore) discover
[2.821s] Level 1:colcon.colcon_core.package_discovery:discover_packages(ignore) using defaults
[2.822s] Level 1:colcon.colcon_core.package_discovery:discover_packages(path) discover
[2.822s] Level 1:colcon.colcon_core.package_discovery:discover_packages(path) using defaults
[2.964s] Level 1:colcon.colcon_core.package_discovery:discover_packages(prefix_path) check parameters
[2.964s] Level 1:colcon.colcon_core.package_discovery:discover_packages(prefix_path) discover
[2.986s] DEBUG:colcon.colcon_installed_package_information.package_discovery:Found 3 installed packages in /home/rpi/ros-projects/dev_pi_communicate/install
[2.994s] DEBUG:colcon.colcon_installed_package_information.package_discovery:Found 3 installed packages in /home/rpi/ws/install
[3.008s] DEBUG:colcon.colcon_installed_package_information.package_discovery:Found 285 installed packages in /opt/ros/humble
[3.016s] Level 1:colcon.colcon_core.package_discovery:discover_packages(prefix_path) using defaults
[3.490s] Level 5:colcon.colcon_core.verb:set package 'dev_pi_communicate' build argument 'cmake_args' from command line to 'None'
[3.490s] Level 5:colcon.colcon_core.verb:set package 'dev_pi_communicate' build argument 'cmake_target' from command line to 'None'
[3.490s] Level 5:colcon.colcon_core.verb:set package 'dev_pi_communicate' build argument 'cmake_target_skip_unavailable' from command line to 'False'
[3.491s] Level 5:colcon.colcon_core.verb:set package 'dev_pi_communicate' build argument 'cmake_clean_cache' from command line to 'False'
[3.491s] Level 5:colcon.colcon_core.verb:set package 'dev_pi_communicate' build argument 'cmake_clean_first' from command line to 'False'
[3.491s] Level 5:colcon.colcon_core.verb:set package 'dev_pi_communicate' build argument 'cmake_force_configure' from command line to 'False'
[3.491s] Level 5:colcon.colcon_core.verb:set package 'dev_pi_communicate' build argument 'ament_cmake_args' from command line to 'None'
[3.491s] Level 5:colcon.colcon_core.verb:set package 'dev_pi_communicate' build argument 'catkin_cmake_args' from command line to 'None'
[3.491s] Level 5:colcon.colcon_core.verb:set package 'dev_pi_communicate' build argument 'catkin_skip_building_tests' from command line to 'False'
[3.492s] DEBUG:colcon.colcon_core.verb:Building package 'dev_pi_communicate' with the following arguments: {'ament_cmake_args': None, 'build_base': '/home/rpi/ros-projects/dev_pi_communicate/build/dev_pi_communicate', 'catkin_cmake_args': None, 'catkin_skip_building_tests': False, 'cmake_args': None, 'cmake_clean_cache': False, 'cmake_clean_first': False, 'cmake_force_configure': False, 'cmake_target': None, 'cmake_target_skip_unavailable': False, 'install_base': '/home/rpi/ros-projects/dev_pi_communicate/install/dev_pi_communicate', 'merge_install': False, 'path': '/home/rpi/ros-projects/dev_pi_communicate/src/dev_pi_communicate', 'symlink_install': True, 'test_result_base': None}
[3.496s] INFO:colcon.colcon_core.executor:Executing jobs using 'parallel' executor
[3.517s] DEBUG:colcon.colcon_parallel_executor.executor.parallel:run_until_complete
[3.518s] INFO:colcon.colcon_ros.task.ament_python.build:Building ROS package in '/home/rpi/ros-projects/dev_pi_communicate/src/dev_pi_communicate' with build type 'ament_python'
[3.519s] Level 1:colcon.colcon_core.shell:create_environment_hook('dev_pi_communicate', 'ament_prefix_path')
[3.544s] INFO:colcon.colcon_core.plugin_system:Skipping extension 'colcon_core.shell.bat': Not used on non-Windows systems
[3.545s] INFO:colcon.colcon_core.shell:Creating environment hook '/home/rpi/ros-projects/dev_pi_communicate/install/dev_pi_communicate/share/dev_pi_communicate/hook/ament_prefix_path.ps1'
[3.549s] INFO:colcon.colcon_core.shell:Creating environment descriptor '/home/rpi/ros-projects/dev_pi_communicate/install/dev_pi_communicate/share/dev_pi_communicate/hook/ament_prefix_path.dsv'
[3.552s] INFO:colcon.colcon_core.shell:Creating environment hook '/home/rpi/ros-projects/dev_pi_communicate/install/dev_pi_communicate/share/dev_pi_communicate/hook/ament_prefix_path.sh'
[3.562s] INFO:colcon.colcon_core.shell:Skip shell extension 'powershell' for command environment: Not usable outside of PowerShell
[3.562s] DEBUG:colcon.colcon_core.shell:Skip shell extension 'dsv' for command environment
[5.703s] INFO:colcon.colcon_core.task.python.build:Building Python package in '/home/rpi/ros-projects/dev_pi_communicate/src/dev_pi_communicate'
[5.715s] INFO:colcon.colcon_core.shell:Skip shell extension 'powershell' for command environment: Not usable outside of PowerShell
[5.715s] DEBUG:colcon.colcon_core.shell:Skip shell extension 'dsv' for command environment
[8.499s] DEBUG:colcon.colcon_core.event_handler.log_command:Invoking command in '/home/rpi/ros-projects/dev_pi_communicate/build/dev_pi_communicate': PYTHONPATH=/home/rpi/ros-projects/dev_pi_communicate/build/dev_pi_communicate/prefix_override:/home/rpi/ros-projects/dev_pi_communicate/install/dev_pi_communicate/lib/python3.10/site-packages:${PYTHONPATH} /usr/bin/python3 setup.py develop --editable --build-directory /home/rpi/ros-projects/dev_pi_communicate/build/dev_pi_communicate/build --no-deps install_data
[12.493s] Level 1:colcon.colcon_core.shell:create_environment_hook('dev_pi_communicate', 'pythonpath_develop')
[12.499s] INFO:colcon.colcon_core.shell:Creating environment hook '/home/rpi/ros-projects/dev_pi_communicate/build/dev_pi_communicate/share/dev_pi_communicate/hook/pythonpath_develop.ps1'
[12.503s] DEBUG:colcon.colcon_core.event_handler.log_command:Invoked command in '/home/rpi/ros-projects/dev_pi_communicate/build/dev_pi_communicate' returned '0': PYTHONPATH=/home/rpi/ros-projects/dev_pi_communicate/build/dev_pi_communicate/prefix_override:/home/rpi/ros-projects/dev_pi_communicate/install/dev_pi_communicate/lib/python3.10/site-packages:${PYTHONPATH} /usr/bin/python3 setup.py develop --editable --build-directory /home/rpi/ros-projects/dev_pi_communicate/build/dev_pi_communicate/build --no-deps install_data
[12.504s] INFO:colcon.colcon_core.shell:Creating environment descriptor '/home/rpi/ros-projects/dev_pi_communicate/build/dev_pi_communicate/share/dev_pi_communicate/hook/pythonpath_develop.dsv'
[12.506s] INFO:colcon.colcon_core.shell:Creating environment hook '/home/rpi/ros-projects/dev_pi_communicate/build/dev_pi_communicate/share/dev_pi_communicate/hook/pythonpath_develop.sh'
[12.540s] Level 1:colcon.colcon_core.environment:checking '/home/rpi/ros-projects/dev_pi_communicate/install/dev_pi_communicate' for CMake module files
[12.543s] Level 1:colcon.colcon_core.environment:checking '/home/rpi/ros-projects/dev_pi_communicate/install/dev_pi_communicate' for CMake config files
[12.547s] Level 1:colcon.colcon_core.environment:checking '/home/rpi/ros-projects/dev_pi_communicate/install/dev_pi_communicate/lib'
[12.548s] Level 1:colcon.colcon_core.environment:checking '/home/rpi/ros-projects/dev_pi_communicate/install/dev_pi_communicate/bin'
[12.548s] Level 1:colcon.colcon_core.environment:checking '/home/rpi/ros-projects/dev_pi_communicate/install/dev_pi_communicate/lib/pkgconfig/dev_pi_communicate.pc'
[12.549s] Level 1:colcon.colcon_core.environment:checking '/home/rpi/ros-projects/dev_pi_communicate/install/dev_pi_communicate/lib/python3.10/site-packages'
[12.550s] Level 1:colcon.colcon_core.shell:create_environment_hook('dev_pi_communicate', 'pythonpath')
[12.556s] INFO:colcon.colcon_core.shell:Creating environment hook '/home/rpi/ros-projects/dev_pi_communicate/install/dev_pi_communicate/share/dev_pi_communicate/hook/pythonpath.ps1'
[12.559s] INFO:colcon.colcon_core.shell:Creating environment descriptor '/home/rpi/ros-projects/dev_pi_communicate/install/dev_pi_communicate/share/dev_pi_communicate/hook/pythonpath.dsv'
[12.562s] INFO:colcon.colcon_core.shell:Creating environment hook '/home/rpi/ros-projects/dev_pi_communicate/install/dev_pi_communicate/share/dev_pi_communicate/hook/pythonpath.sh'
[12.565s] Level 1:colcon.colcon_core.environment:checking '/home/rpi/ros-projects/dev_pi_communicate/install/dev_pi_communicate/bin'
[12.566s] Level 1:colcon.colcon_core.environment:create_environment_scripts_only(dev_pi_communicate)
[12.576s] INFO:colcon.colcon_core.shell:Creating package script '/home/rpi/ros-projects/dev_pi_communicate/install/dev_pi_communicate/share/dev_pi_communicate/package.ps1'
[12.580s] INFO:colcon.colcon_core.shell:Creating package descriptor '/home/rpi/ros-projects/dev_pi_communicate/install/dev_pi_communicate/share/dev_pi_communicate/package.dsv'
[12.584s] INFO:colcon.colcon_core.shell:Creating package script '/home/rpi/ros-projects/dev_pi_communicate/install/dev_pi_communicate/share/dev_pi_communicate/package.sh'
[12.588s] INFO:colcon.colcon_core.shell:Creating package script '/home/rpi/ros-projects/dev_pi_communicate/install/dev_pi_communicate/share/dev_pi_communicate/package.bash'
[12.593s] INFO:colcon.colcon_core.shell:Creating package script '/home/rpi/ros-projects/dev_pi_communicate/install/dev_pi_communicate/share/dev_pi_communicate/package.zsh'
[12.597s] Level 1:colcon.colcon_core.environment:create_file_with_runtime_dependencies(/home/rpi/ros-projects/dev_pi_communicate/install/dev_pi_communicate/share/colcon-core/packages/dev_pi_communicate)
[12.599s] DEBUG:colcon.colcon_parallel_executor.executor.parallel:closing loop
[12.600s] DEBUG:colcon.colcon_parallel_executor.executor.parallel:loop closed
[12.600s] DEBUG:colcon.colcon_parallel_executor.executor.parallel:run_until_complete finished with '0'
[12.600s] DEBUG:colcon.colcon_core.event_reactor:joining thread
[12.646s] INFO:colcon.colcon_core.plugin_system:Skipping extension 'colcon_notification.desktop_notification.terminal_notifier': Not used on non-Darwin systems
[12.646s] INFO:colcon.colcon_core.plugin_system:Skipping extension 'colcon_notification.desktop_notification.win32': Not used on non-Windows systems
[12.647s] INFO:colcon.colcon_notification.desktop_notification:Sending desktop notification using 'notify2'
[12.758s] DEBUG:colcon.colcon_core.event_reactor:joined thread
[12.772s] INFO:colcon.colcon_core.shell:Creating prefix script '/home/rpi/ros-projects/dev_pi_communicate/install/local_setup.ps1'
[12.777s] INFO:colcon.colcon_core.shell:Creating prefix util module '/home/rpi/ros-projects/dev_pi_communicate/install/_local_setup_util_ps1.py'
[12.793s] INFO:colcon.colcon_core.shell:Creating prefix chain script '/home/rpi/ros-projects/dev_pi_communicate/install/setup.ps1'
[12.805s] INFO:colcon.colcon_core.shell:Creating prefix script '/home/rpi/ros-projects/dev_pi_communicate/install/local_setup.sh'
[12.809s] INFO:colcon.colcon_core.shell:Creating prefix util module '/home/rpi/ros-projects/dev_pi_communicate/install/_local_setup_util_sh.py'
[12.812s] INFO:colcon.colcon_core.shell:Creating prefix chain script '/home/rpi/ros-projects/dev_pi_communicate/install/setup.sh'
[12.822s] INFO:colcon.colcon_core.shell:Creating prefix script '/home/rpi/ros-projects/dev_pi_communicate/install/local_setup.bash'
[12.825s] INFO:colcon.colcon_core.shell:Creating prefix chain script '/home/rpi/ros-projects/dev_pi_communicate/install/setup.bash'
[12.836s] INFO:colcon.colcon_core.shell:Creating prefix script '/home/rpi/ros-projects/dev_pi_communicate/install/local_setup.zsh'
[12.842s] INFO:colcon.colcon_core.shell:Creating prefix chain script '/home/rpi/ros-projects/dev_pi_communicate/install/setup.zsh'
