[2.717s] Invoking command in '/home/kuns/ROS_projects/dev_pi_communicate/src/serial_motor_demo/serial_motor_demo': AMENT_PREFIX_PATH=/home/kuns/ROS_projects/dev_pi_communicate/install/serial_motor_demo_msgs:${AMENT_PREFIX_PATH} CMAKE_PREFIX_PATH=/home/kuns/ROS_projects/dev_pi_communicate/install/serial_motor_demo_msgs LD_LIBRARY_PATH=/home/kuns/ROS_projects/dev_pi_communicate/install/serial_motor_demo_msgs/lib:${LD_LIBRARY_PATH} PYTHONPATH=/home/kuns/ROS_projects/dev_pi_communicate/build/serial_motor_demo/prefix_override:/home/kuns/ROS_projects/dev_pi_communicate/install/serial_motor_demo/lib/python3.10/site-packages:/home/kuns/ROS_projects/dev_pi_communicate/install/serial_motor_demo_msgs/local/lib/python3.10/dist-packages:${PYTHONPATH} /usr/bin/python3 setup.py egg_info --egg-base ../../../build/serial_motor_demo build --build-base /home/kuns/ROS_projects/dev_pi_communicate/build/serial_motor_demo/build install --record /home/kuns/ROS_projects/dev_pi_communicate/build/serial_motor_demo/install.log --install-scripts $base/lib/serial_motor_demo --single-version-externally-managed
[3.578s] /home/kuns/.local/lib/python3.10/site-packages/setuptools/dist.py:717: UserWarning: Usage of dash-separated 'script-dir' will not be supported in future versions. Please use the underscore name 'script_dir' instead
[3.578s]   warnings.warn(
[3.695s] running egg_info
[3.697s] creating ../../../build/serial_motor_demo/serial_motor_demo.egg-info
[3.698s] writing ../../../build/serial_motor_demo/serial_motor_demo.egg-info/PKG-INFO
[3.699s] writing dependency_links to ../../../build/serial_motor_demo/serial_motor_demo.egg-info/dependency_links.txt
[3.699s] writing entry points to ../../../build/serial_motor_demo/serial_motor_demo.egg-info/entry_points.txt
[3.699s] writing requirements to ../../../build/serial_motor_demo/serial_motor_demo.egg-info/requires.txt
[3.700s] writing top-level names to ../../../build/serial_motor_demo/serial_motor_demo.egg-info/top_level.txt
[3.700s] writing manifest file '../../../build/serial_motor_demo/serial_motor_demo.egg-info/SOURCES.txt'
[3.706s] reading manifest file '../../../build/serial_motor_demo/serial_motor_demo.egg-info/SOURCES.txt'
[3.709s] writing manifest file '../../../build/serial_motor_demo/serial_motor_demo.egg-info/SOURCES.txt'
[3.710s] running build
[3.710s] running build_py
[3.711s] creating /home/kuns/ROS_projects/dev_pi_communicate/build/serial_motor_demo/build
[3.711s] creating /home/kuns/ROS_projects/dev_pi_communicate/build/serial_motor_demo/build/lib
[3.712s] creating /home/kuns/ROS_projects/dev_pi_communicate/build/serial_motor_demo/build/lib/serial_motor_demo
[3.712s] copying serial_motor_demo/driver.py -> /home/kuns/ROS_projects/dev_pi_communicate/build/serial_motor_demo/build/lib/serial_motor_demo
[3.712s] copying serial_motor_demo/__init__.py -> /home/kuns/ROS_projects/dev_pi_communicate/build/serial_motor_demo/build/lib/serial_motor_demo
[3.713s] copying serial_motor_demo/gui.py -> /home/kuns/ROS_projects/dev_pi_communicate/build/serial_motor_demo/build/lib/serial_motor_demo
[3.713s] running install
[3.715s] running install_lib
[3.717s] creating /home/kuns/ROS_projects/dev_pi_communicate/install/serial_motor_demo/lib/python3.10/site-packages/serial_motor_demo
[3.718s] copying /home/kuns/ROS_projects/dev_pi_communicate/build/serial_motor_demo/build/lib/serial_motor_demo/driver.py -> /home/kuns/ROS_projects/dev_pi_communicate/install/serial_motor_demo/lib/python3.10/site-packages/serial_motor_demo
[3.718s] copying /home/kuns/ROS_projects/dev_pi_communicate/build/serial_motor_demo/build/lib/serial_motor_demo/__init__.py -> /home/kuns/ROS_projects/dev_pi_communicate/install/serial_motor_demo/lib/python3.10/site-packages/serial_motor_demo
[3.719s] copying /home/kuns/ROS_projects/dev_pi_communicate/build/serial_motor_demo/build/lib/serial_motor_demo/gui.py -> /home/kuns/ROS_projects/dev_pi_communicate/install/serial_motor_demo/lib/python3.10/site-packages/serial_motor_demo
[3.721s] byte-compiling /home/kuns/ROS_projects/dev_pi_communicate/install/serial_motor_demo/lib/python3.10/site-packages/serial_motor_demo/driver.py to driver.cpython-310.pyc
[3.726s] byte-compiling /home/kuns/ROS_projects/dev_pi_communicate/install/serial_motor_demo/lib/python3.10/site-packages/serial_motor_demo/__init__.py to __init__.cpython-310.pyc
[3.727s] byte-compiling /home/kuns/ROS_projects/dev_pi_communicate/install/serial_motor_demo/lib/python3.10/site-packages/serial_motor_demo/gui.py to gui.cpython-310.pyc
[3.731s] running install_data
[3.733s] creating /home/kuns/ROS_projects/dev_pi_communicate/install/serial_motor_demo/share/ament_index
[3.733s] creating /home/kuns/ROS_projects/dev_pi_communicate/install/serial_motor_demo/share/ament_index/resource_index
[3.734s] creating /home/kuns/ROS_projects/dev_pi_communicate/install/serial_motor_demo/share/ament_index/resource_index/packages
[3.735s] copying resource/serial_motor_demo -> /home/kuns/ROS_projects/dev_pi_communicate/install/serial_motor_demo/share/ament_index/resource_index/packages
[3.735s] copying package.xml -> /home/kuns/ROS_projects/dev_pi_communicate/install/serial_motor_demo/share/serial_motor_demo
[3.735s] running install_egg_info
[3.740s] Copying ../../../build/serial_motor_demo/serial_motor_demo.egg-info to /home/kuns/ROS_projects/dev_pi_communicate/install/serial_motor_demo/lib/python3.10/site-packages/serial_motor_demo-0.0.0-py3.10.egg-info
[3.743s] running install_scripts
[3.819s] Installing driver script to /home/kuns/ROS_projects/dev_pi_communicate/install/serial_motor_demo/lib/serial_motor_demo
[3.819s] Installing gui script to /home/kuns/ROS_projects/dev_pi_communicate/install/serial_motor_demo/lib/serial_motor_demo
[3.820s] writing list of installed files to '/home/kuns/ROS_projects/dev_pi_communicate/build/serial_motor_demo/install.log'
[3.930s] Invoked command in '/home/kuns/ROS_projects/dev_pi_communicate/src/serial_motor_demo/serial_motor_demo' returned '0': AMENT_PREFIX_PATH=/home/kuns/ROS_projects/dev_pi_communicate/install/serial_motor_demo_msgs:${AMENT_PREFIX_PATH} CMAKE_PREFIX_PATH=/home/kuns/ROS_projects/dev_pi_communicate/install/serial_motor_demo_msgs LD_LIBRARY_PATH=/home/kuns/ROS_projects/dev_pi_communicate/install/serial_motor_demo_msgs/lib:${LD_LIBRARY_PATH} PYTHONPATH=/home/kuns/ROS_projects/dev_pi_communicate/build/serial_motor_demo/prefix_override:/home/kuns/ROS_projects/dev_pi_communicate/install/serial_motor_demo/lib/python3.10/site-packages:/home/kuns/ROS_projects/dev_pi_communicate/install/serial_motor_demo_msgs/local/lib/python3.10/dist-packages:${PYTHONPATH} /usr/bin/python3 setup.py egg_info --egg-base ../../../build/serial_motor_demo build --build-base /home/kuns/ROS_projects/dev_pi_communicate/build/serial_motor_demo/build install --record /home/kuns/ROS_projects/dev_pi_communicate/build/serial_motor_demo/install.log --install-scripts $base/lib/serial_motor_demo --single-version-externally-managed
