[0.369s] Invoking command in '/home/kuns/ROS_projects/dev_pi_communicate/build/serial_motor_demo_msgs': CMAKE_PREFIX_PATH=/opt/ros/humble /usr/bin/cmake /home/kuns/ROS_projects/dev_pi_communicate/src/serial_motor_demo/serial_motor_demo_msgs -DCMAKE_INSTALL_PREFIX=/home/kuns/ROS_projects/dev_pi_communicate/install/serial_motor_demo_msgs
[0.752s] -- The C compiler identification is GNU 11.4.0
[1.036s] -- The CXX compiler identification is GNU 11.4.0
[1.072s] -- Detecting C compiler ABI info
[1.297s] -- Detecting C compiler ABI info - done
[1.329s] -- Check for working C compiler: /usr/bin/cc - skipped
[1.330s] -- Detecting C compile features
[1.333s] -- Detecting C compile features - done
[1.345s] -- Detecting CXX compiler ABI info
[1.574s] -- Detecting CXX compiler ABI info - done
[1.599s] -- Check for working CXX compiler: /usr/bin/c++ - skipped
[1.600s] -- Detecting CXX compile features
[1.601s] -- Detecting CXX compile features - done
[1.620s] -- Found ament_cmake: 1.3.5 (/opt/ros/humble/share/ament_cmake/cmake)
[2.124s] -- Found Python3: /usr/bin/python3.10 (found version "3.10.12") found components: Interpreter 
[2.409s] -- Found ament_lint_auto: 0.12.8 (/opt/ros/humble/share/ament_lint_auto/cmake)
[2.659s] -- Found rosidl_default_generators: 1.2.0 (/opt/ros/humble/share/rosidl_default_generators/cmake)
[2.670s] -- Using all available rosidl_typesupport_c: rosidl_typesupport_fastrtps_c;rosidl_typesupport_introspection_c
[2.694s] -- Found rosidl_adapter: 3.1.5 (/opt/ros/humble/share/rosidl_adapter/cmake)
[2.842s] -- Using all available rosidl_typesupport_cpp: rosidl_typesupport_fastrtps_cpp;rosidl_typesupport_introspection_cpp
[3.509s] -- Found ament_cmake_ros: 0.10.0 (/opt/ros/humble/share/ament_cmake_ros/cmake)
[4.065s] -- Using all available rosidl_typesupport_c: rosidl_typesupport_fastrtps_c;rosidl_typesupport_introspection_c
[4.715s] -- Using all available rosidl_typesupport_cpp: rosidl_typesupport_fastrtps_cpp;rosidl_typesupport_introspection_cpp
[4.778s] -- Found PythonInterp: /usr/bin/python3 (found suitable version "3.10.12", minimum required is "3.6") 
[4.785s] -- Found python_cmake_module: 0.10.0 (/opt/ros/humble/share/python_cmake_module/cmake)
[4.869s] -- Found PythonLibs: /usr/lib/x86_64-linux-gnu/libpython3.10.so (found suitable version "3.10.12", minimum required is "3.5") 
[4.869s] -- Using PYTHON_EXECUTABLE: /usr/bin/python3
[4.870s] -- Using PYTHON_INCLUDE_DIRS: /usr/include/python3.10
[4.870s] -- Using PYTHON_LIBRARIES: /usr/lib/x86_64-linux-gnu/libpython3.10.so
[4.943s] -- Found PythonExtra: .so  
[5.092s] -- Added test 'copyright' to check source files copyright and LICENSE
[5.102s] -- Added test 'lint_cmake' to check CMake code style
[5.108s] -- Added test 'xmllint' to check XML markup files
[5.135s] -- Configuring done
[5.241s] -- Generating done
[5.249s] -- Build files have been written to: /home/kuns/ROS_projects/dev_pi_communicate/build/serial_motor_demo_msgs
[5.335s] Invoked command in '/home/kuns/ROS_projects/dev_pi_communicate/build/serial_motor_demo_msgs' returned '0': CMAKE_PREFIX_PATH=/opt/ros/humble /usr/bin/cmake /home/kuns/ROS_projects/dev_pi_communicate/src/serial_motor_demo/serial_motor_demo_msgs -DCMAKE_INSTALL_PREFIX=/home/kuns/ROS_projects/dev_pi_communicate/install/serial_motor_demo_msgs
[5.342s] Invoking command in '/home/kuns/ROS_projects/dev_pi_communicate/build/serial_motor_demo_msgs': CMAKE_PREFIX_PATH=/opt/ros/humble /usr/bin/cmake --build /home/kuns/ROS_projects/dev_pi_communicate/build/serial_motor_demo_msgs -- -j4 -l4
[5.487s] [  2%] [34m[1mGenerating C code for ROS interfaces[0m
[5.524s] [  4%] [34m[1mGenerating C++ code for ROS interfaces[0m
[5.547s] [  4%] Built target ament_cmake_python_copy_serial_motor_demo_msgs
[6.366s] running egg_info
[6.366s] creating serial_motor_demo_msgs.egg-info
[6.366s] writing serial_motor_demo_msgs.egg-info/PKG-INFO
[6.369s] writing dependency_links to serial_motor_demo_msgs.egg-info/dependency_links.txt
[6.369s] writing top-level names to serial_motor_demo_msgs.egg-info/top_level.txt
[6.369s] writing manifest file 'serial_motor_demo_msgs.egg-info/SOURCES.txt'
[6.374s] reading manifest file 'serial_motor_demo_msgs.egg-info/SOURCES.txt'
[6.375s] writing manifest file 'serial_motor_demo_msgs.egg-info/SOURCES.txt'
[6.454s] [  4%] Built target ament_cmake_python_build_serial_motor_demo_msgs_egg
[7.216s] [  4%] Built target serial_motor_demo_msgs__cpp
[7.250s] [  6%] [34m[1mGenerating C++ introspection for ROS interfaces[0m
[7.271s] [  8%] [34m[1mGenerating C++ type support dispatch for ROS interfaces[0m
[7.289s] [ 10%] [34m[1mGenerating C++ type support for eProsima Fast-RTPS[0m
[7.333s] [ 12%] [32mBuilding C object CMakeFiles/serial_motor_demo_msgs__rosidl_generator_c.dir/rosidl_generator_c/serial_motor_demo_msgs/msg/detail/motor_command__functions.c.o[0m
[7.567s] [ 14%] [32mBuilding C object CMakeFiles/serial_motor_demo_msgs__rosidl_generator_c.dir/rosidl_generator_c/serial_motor_demo_msgs/msg/detail/motor_vels__functions.c.o[0m
[7.718s] [ 17%] [32mBuilding C object CMakeFiles/serial_motor_demo_msgs__rosidl_generator_c.dir/rosidl_generator_c/serial_motor_demo_msgs/msg/detail/encoder_vals__functions.c.o[0m
[7.871s] [ 19%] [32m[1mLinking C shared library libserial_motor_demo_msgs__rosidl_generator_c.so[0m
[8.002s] [ 19%] Built target serial_motor_demo_msgs__rosidl_generator_c
[8.035s] [ 21%] [34m[1mGenerating C type support for eProsima Fast-RTPS[0m
[8.737s] [ 23%] [32mBuilding CXX object CMakeFiles/serial_motor_demo_msgs__rosidl_typesupport_cpp.dir/rosidl_typesupport_cpp/serial_motor_demo_msgs/msg/motor_command__type_support.cpp.o[0m
[8.941s] [ 25%] [32mBuilding CXX object CMakeFiles/serial_motor_demo_msgs__rosidl_typesupport_introspection_cpp.dir/rosidl_typesupport_introspection_cpp/serial_motor_demo_msgs/msg/detail/motor_command__type_support.cpp.o[0m
[9.028s] [ 27%] [32mBuilding CXX object CMakeFiles/serial_motor_demo_msgs__rosidl_typesupport_fastrtps_cpp.dir/rosidl_typesupport_fastrtps_cpp/serial_motor_demo_msgs/msg/detail/dds_fastrtps/motor_command__type_support.cpp.o[0m
[9.649s] [ 29%] [32mBuilding CXX object CMakeFiles/serial_motor_demo_msgs__rosidl_typesupport_fastrtps_c.dir/rosidl_typesupport_fastrtps_c/serial_motor_demo_msgs/msg/detail/motor_command__type_support_c.cpp.o[0m
[9.817s] [ 31%] [32mBuilding CXX object CMakeFiles/serial_motor_demo_msgs__rosidl_typesupport_cpp.dir/rosidl_typesupport_cpp/serial_motor_demo_msgs/msg/motor_vels__type_support.cpp.o[0m
[10.334s] [ 34%] [32mBuilding CXX object CMakeFiles/serial_motor_demo_msgs__rosidl_typesupport_introspection_cpp.dir/rosidl_typesupport_introspection_cpp/serial_motor_demo_msgs/msg/detail/motor_vels__type_support.cpp.o[0m
[10.503s] [ 36%] [32mBuilding CXX object CMakeFiles/serial_motor_demo_msgs__rosidl_typesupport_fastrtps_cpp.dir/rosidl_typesupport_fastrtps_cpp/serial_motor_demo_msgs/msg/detail/dds_fastrtps/motor_vels__type_support.cpp.o[0m
[11.047s] [ 38%] [32mBuilding CXX object CMakeFiles/serial_motor_demo_msgs__rosidl_typesupport_cpp.dir/rosidl_typesupport_cpp/serial_motor_demo_msgs/msg/encoder_vals__type_support.cpp.o[0m
[11.091s] [ 40%] [32mBuilding CXX object CMakeFiles/serial_motor_demo_msgs__rosidl_typesupport_fastrtps_c.dir/rosidl_typesupport_fastrtps_c/serial_motor_demo_msgs/msg/detail/motor_vels__type_support_c.cpp.o[0m
[12.083s] [ 42%] [32m[1mLinking CXX shared library libserial_motor_demo_msgs__rosidl_typesupport_cpp.so[0m
[12.118s] [ 44%] [32mBuilding CXX object CMakeFiles/serial_motor_demo_msgs__rosidl_typesupport_introspection_cpp.dir/rosidl_typesupport_introspection_cpp/serial_motor_demo_msgs/msg/detail/encoder_vals__type_support.cpp.o[0m
[12.312s] [ 44%] Built target serial_motor_demo_msgs__rosidl_typesupport_cpp
[12.347s] [ 46%] [34m[1mGenerating C introspection for ROS interfaces[0m
[12.548s] [ 48%] [32mBuilding CXX object CMakeFiles/serial_motor_demo_msgs__rosidl_typesupport_fastrtps_c.dir/rosidl_typesupport_fastrtps_c/serial_motor_demo_msgs/msg/detail/encoder_vals__type_support_c.cpp.o[0m
[12.574s] [ 51%] [32mBuilding CXX object CMakeFiles/serial_motor_demo_msgs__rosidl_typesupport_fastrtps_cpp.dir/rosidl_typesupport_fastrtps_cpp/serial_motor_demo_msgs/msg/detail/dds_fastrtps/encoder_vals__type_support.cpp.o[0m
[13.692s] [ 53%] [32m[1mLinking CXX shared library libserial_motor_demo_msgs__rosidl_typesupport_introspection_cpp.so[0m
[13.842s] [ 53%] Built target serial_motor_demo_msgs__rosidl_typesupport_introspection_cpp
[13.922s] [ 55%] [34m[1mGenerating C type support dispatch for ROS interfaces[0m
[14.022s] [ 57%] [32m[1mLinking CXX shared library libserial_motor_demo_msgs__rosidl_typesupport_fastrtps_c.so[0m
[14.113s] [ 59%] [32m[1mLinking CXX shared library libserial_motor_demo_msgs__rosidl_typesupport_fastrtps_cpp.so[0m
[14.281s] [ 61%] [32mBuilding C object CMakeFiles/serial_motor_demo_msgs__rosidl_typesupport_introspection_c.dir/rosidl_typesupport_introspection_c/serial_motor_demo_msgs/msg/detail/motor_command__type_support.c.o[0m
[14.416s] [ 63%] [32mBuilding C object CMakeFiles/serial_motor_demo_msgs__rosidl_typesupport_introspection_c.dir/rosidl_typesupport_introspection_c/serial_motor_demo_msgs/msg/detail/motor_vels__type_support.c.o[0m
[14.417s] [ 63%] Built target serial_motor_demo_msgs__rosidl_typesupport_fastrtps_c
[14.447s] [ 65%] [32mBuilding C object CMakeFiles/serial_motor_demo_msgs__rosidl_typesupport_introspection_c.dir/rosidl_typesupport_introspection_c/serial_motor_demo_msgs/msg/detail/encoder_vals__type_support.c.o[0m
[14.478s] [ 65%] Built target serial_motor_demo_msgs__rosidl_typesupport_fastrtps_cpp
[14.547s] [ 68%] [32m[1mLinking C shared library libserial_motor_demo_msgs__rosidl_typesupport_introspection_c.so[0m
[14.648s] [ 68%] Built target serial_motor_demo_msgs__rosidl_typesupport_introspection_c
[15.140s] [ 70%] [32mBuilding CXX object CMakeFiles/serial_motor_demo_msgs__rosidl_typesupport_c.dir/rosidl_typesupport_c/serial_motor_demo_msgs/msg/motor_command__type_support.cpp.o[0m
[15.141s] [ 72%] [32mBuilding CXX object CMakeFiles/serial_motor_demo_msgs__rosidl_typesupport_c.dir/rosidl_typesupport_c/serial_motor_demo_msgs/msg/motor_vels__type_support.cpp.o[0m
[15.143s] [ 74%] [32mBuilding CXX object CMakeFiles/serial_motor_demo_msgs__rosidl_typesupport_c.dir/rosidl_typesupport_c/serial_motor_demo_msgs/msg/encoder_vals__type_support.cpp.o[0m
[15.240s] [ 76%] [32m[1mLinking CXX shared library libserial_motor_demo_msgs__rosidl_typesupport_c.so[0m
[15.355s] [ 76%] Built target serial_motor_demo_msgs__rosidl_typesupport_c
[15.416s] [ 76%] Built target serial_motor_demo_msgs
[15.471s] [ 78%] [34m[1mGenerating Python code for ROS interfaces[0m
[17.439s] [ 78%] Built target serial_motor_demo_msgs__py
[17.510s] [ 80%] [32mBuilding C object CMakeFiles/serial_motor_demo_msgs__rosidl_generator_py.dir/rosidl_generator_py/serial_motor_demo_msgs/msg/_motor_command_s.c.o[0m
[17.517s] [ 82%] [32mBuilding C object CMakeFiles/serial_motor_demo_msgs__rosidl_generator_py.dir/rosidl_generator_py/serial_motor_demo_msgs/msg/_encoder_vals_s.c.o[0m
[17.535s] [ 85%] [32mBuilding C object CMakeFiles/serial_motor_demo_msgs__rosidl_generator_py.dir/rosidl_generator_py/serial_motor_demo_msgs/msg/_motor_vels_s.c.o[0m
[18.100s] [ 87%] [32m[1mLinking C shared library rosidl_generator_py/serial_motor_demo_msgs/libserial_motor_demo_msgs__rosidl_generator_py.so[0m
[18.245s] [ 87%] Built target serial_motor_demo_msgs__rosidl_generator_py
[18.332s] [ 91%] [32mBuilding C object CMakeFiles/serial_motor_demo_msgs__rosidl_typesupport_introspection_c__pyext.dir/rosidl_generator_py/serial_motor_demo_msgs/_serial_motor_demo_msgs_s.ep.rosidl_typesupport_introspection_c.c.o[0m
[18.332s] [ 91%] [32mBuilding C object CMakeFiles/serial_motor_demo_msgs__rosidl_typesupport_fastrtps_c__pyext.dir/rosidl_generator_py/serial_motor_demo_msgs/_serial_motor_demo_msgs_s.ep.rosidl_typesupport_fastrtps_c.c.o[0m
[18.340s] [ 93%] [32mBuilding C object CMakeFiles/serial_motor_demo_msgs__rosidl_typesupport_c__pyext.dir/rosidl_generator_py/serial_motor_demo_msgs/_serial_motor_demo_msgs_s.ep.rosidl_typesupport_c.c.o[0m
[18.773s] [ 95%] [32m[1mLinking C shared library rosidl_generator_py/serial_motor_demo_msgs/serial_motor_demo_msgs_s__rosidl_typesupport_c.cpython-310-x86_64-linux-gnu.so[0m
[18.816s] [ 97%] [32m[1mLinking C shared library rosidl_generator_py/serial_motor_demo_msgs/serial_motor_demo_msgs_s__rosidl_typesupport_fastrtps_c.cpython-310-x86_64-linux-gnu.so[0m
[18.845s] [100%] [32m[1mLinking C shared library rosidl_generator_py/serial_motor_demo_msgs/serial_motor_demo_msgs_s__rosidl_typesupport_introspection_c.cpython-310-x86_64-linux-gnu.so[0m
[18.931s] [100%] Built target serial_motor_demo_msgs__rosidl_typesupport_c__pyext
[18.989s] [100%] Built target serial_motor_demo_msgs__rosidl_typesupport_fastrtps_c__pyext
[19.016s] [100%] Built target serial_motor_demo_msgs__rosidl_typesupport_introspection_c__pyext
[19.064s] Invoked command in '/home/kuns/ROS_projects/dev_pi_communicate/build/serial_motor_demo_msgs' returned '0': CMAKE_PREFIX_PATH=/opt/ros/humble /usr/bin/cmake --build /home/kuns/ROS_projects/dev_pi_communicate/build/serial_motor_demo_msgs -- -j4 -l4
[19.357s] Invoking command in '/home/kuns/ROS_projects/dev_pi_communicate/build/serial_motor_demo_msgs': CMAKE_PREFIX_PATH=/opt/ros/humble /usr/bin/cmake --install /home/kuns/ROS_projects/dev_pi_communicate/build/serial_motor_demo_msgs
[19.380s] -- Install configuration: ""
[19.381s] -- Installing: /home/kuns/ROS_projects/dev_pi_communicate/install/serial_motor_demo_msgs/share/ament_index/resource_index/rosidl_interfaces/serial_motor_demo_msgs
[19.381s] -- Installing: /home/kuns/ROS_projects/dev_pi_communicate/install/serial_motor_demo_msgs/include/serial_motor_demo_msgs/serial_motor_demo_msgs
[19.381s] -- Installing: /home/kuns/ROS_projects/dev_pi_communicate/install/serial_motor_demo_msgs/include/serial_motor_demo_msgs/serial_motor_demo_msgs/msg
[19.382s] -- Installing: /home/kuns/ROS_projects/dev_pi_communicate/install/serial_motor_demo_msgs/include/serial_motor_demo_msgs/serial_motor_demo_msgs/msg/rosidl_generator_c__visibility_control.h
[19.382s] -- Installing: /home/kuns/ROS_projects/dev_pi_communicate/install/serial_motor_demo_msgs/include/serial_motor_demo_msgs/serial_motor_demo_msgs/msg/motor_vels.h
[19.382s] -- Installing: /home/kuns/ROS_projects/dev_pi_communicate/install/serial_motor_demo_msgs/include/serial_motor_demo_msgs/serial_motor_demo_msgs/msg/detail
[19.383s] -- Installing: /home/kuns/ROS_projects/dev_pi_communicate/install/serial_motor_demo_msgs/include/serial_motor_demo_msgs/serial_motor_demo_msgs/msg/detail/motor_vels__struct.h
[19.383s] -- Installing: /home/kuns/ROS_projects/dev_pi_communicate/install/serial_motor_demo_msgs/include/serial_motor_demo_msgs/serial_motor_demo_msgs/msg/detail/encoder_vals__functions.c
[19.383s] -- Installing: /home/kuns/ROS_projects/dev_pi_communicate/install/serial_motor_demo_msgs/include/serial_motor_demo_msgs/serial_motor_demo_msgs/msg/detail/encoder_vals__struct.h
[19.384s] -- Installing: /home/kuns/ROS_projects/dev_pi_communicate/install/serial_motor_demo_msgs/include/serial_motor_demo_msgs/serial_motor_demo_msgs/msg/detail/encoder_vals__type_support.h
[19.384s] -- Installing: /home/kuns/ROS_projects/dev_pi_communicate/install/serial_motor_demo_msgs/include/serial_motor_demo_msgs/serial_motor_demo_msgs/msg/detail/motor_vels__type_support.h
[19.385s] -- Installing: /home/kuns/ROS_projects/dev_pi_communicate/install/serial_motor_demo_msgs/include/serial_motor_demo_msgs/serial_motor_demo_msgs/msg/detail/motor_vels__functions.c
[19.385s] -- Installing: /home/kuns/ROS_projects/dev_pi_communicate/install/serial_motor_demo_msgs/include/serial_motor_demo_msgs/serial_motor_demo_msgs/msg/detail/motor_vels__functions.h
[19.385s] -- Installing: /home/kuns/ROS_projects/dev_pi_communicate/install/serial_motor_demo_msgs/include/serial_motor_demo_msgs/serial_motor_demo_msgs/msg/detail/motor_command__type_support.h
[19.386s] -- Installing: /home/kuns/ROS_projects/dev_pi_communicate/install/serial_motor_demo_msgs/include/serial_motor_demo_msgs/serial_motor_demo_msgs/msg/detail/motor_command__functions.h
[19.386s] -- Installing: /home/kuns/ROS_projects/dev_pi_communicate/install/serial_motor_demo_msgs/include/serial_motor_demo_msgs/serial_motor_demo_msgs/msg/detail/motor_command__functions.c
[19.387s] -- Installing: /home/kuns/ROS_projects/dev_pi_communicate/install/serial_motor_demo_msgs/include/serial_motor_demo_msgs/serial_motor_demo_msgs/msg/detail/motor_command__struct.h
[19.387s] -- Installing: /home/kuns/ROS_projects/dev_pi_communicate/install/serial_motor_demo_msgs/include/serial_motor_demo_msgs/serial_motor_demo_msgs/msg/detail/encoder_vals__functions.h
[19.387s] -- Installing: /home/kuns/ROS_projects/dev_pi_communicate/install/serial_motor_demo_msgs/include/serial_motor_demo_msgs/serial_motor_demo_msgs/msg/encoder_vals.h
[19.388s] -- Installing: /home/kuns/ROS_projects/dev_pi_communicate/install/serial_motor_demo_msgs/include/serial_motor_demo_msgs/serial_motor_demo_msgs/msg/motor_command.h
[19.388s] -- Installing: /home/kuns/ROS_projects/dev_pi_communicate/install/serial_motor_demo_msgs/share/serial_motor_demo_msgs/environment/library_path.sh
[19.388s] -- Installing: /home/kuns/ROS_projects/dev_pi_communicate/install/serial_motor_demo_msgs/share/serial_motor_demo_msgs/environment/library_path.dsv
[19.389s] -- Installing: /home/kuns/ROS_projects/dev_pi_communicate/install/serial_motor_demo_msgs/lib/libserial_motor_demo_msgs__rosidl_generator_c.so
[19.390s] -- Set runtime path of "/home/kuns/ROS_projects/dev_pi_communicate/install/serial_motor_demo_msgs/lib/libserial_motor_demo_msgs__rosidl_generator_c.so" to ""
[19.391s] -- Up-to-date: /home/kuns/ROS_projects/dev_pi_communicate/install/serial_motor_demo_msgs/include/serial_motor_demo_msgs/serial_motor_demo_msgs
[19.391s] -- Up-to-date: /home/kuns/ROS_projects/dev_pi_communicate/install/serial_motor_demo_msgs/include/serial_motor_demo_msgs/serial_motor_demo_msgs/msg
[19.391s] -- Up-to-date: /home/kuns/ROS_projects/dev_pi_communicate/install/serial_motor_demo_msgs/include/serial_motor_demo_msgs/serial_motor_demo_msgs/msg/detail
[19.392s] -- Installing: /home/kuns/ROS_projects/dev_pi_communicate/install/serial_motor_demo_msgs/include/serial_motor_demo_msgs/serial_motor_demo_msgs/msg/detail/motor_vels__rosidl_typesupport_fastrtps_c.h
[19.392s] -- Installing: /home/kuns/ROS_projects/dev_pi_communicate/install/serial_motor_demo_msgs/include/serial_motor_demo_msgs/serial_motor_demo_msgs/msg/detail/motor_command__rosidl_typesupport_fastrtps_c.h
[19.392s] -- Installing: /home/kuns/ROS_projects/dev_pi_communicate/install/serial_motor_demo_msgs/include/serial_motor_demo_msgs/serial_motor_demo_msgs/msg/detail/encoder_vals__rosidl_typesupport_fastrtps_c.h
[19.393s] -- Installing: /home/kuns/ROS_projects/dev_pi_communicate/install/serial_motor_demo_msgs/include/serial_motor_demo_msgs/serial_motor_demo_msgs/msg/rosidl_typesupport_fastrtps_c__visibility_control.h
[19.393s] -- Installing: /home/kuns/ROS_projects/dev_pi_communicate/install/serial_motor_demo_msgs/lib/libserial_motor_demo_msgs__rosidl_typesupport_fastrtps_c.so
[19.393s] -- Set runtime path of "/home/kuns/ROS_projects/dev_pi_communicate/install/serial_motor_demo_msgs/lib/libserial_motor_demo_msgs__rosidl_typesupport_fastrtps_c.so" to ""
[19.394s] -- Up-to-date: /home/kuns/ROS_projects/dev_pi_communicate/install/serial_motor_demo_msgs/include/serial_motor_demo_msgs/serial_motor_demo_msgs
[19.394s] -- Up-to-date: /home/kuns/ROS_projects/dev_pi_communicate/install/serial_motor_demo_msgs/include/serial_motor_demo_msgs/serial_motor_demo_msgs/msg
[19.394s] -- Installing: /home/kuns/ROS_projects/dev_pi_communicate/install/serial_motor_demo_msgs/include/serial_motor_demo_msgs/serial_motor_demo_msgs/msg/rosidl_typesupport_introspection_c__visibility_control.h
[19.394s] -- Up-to-date: /home/kuns/ROS_projects/dev_pi_communicate/install/serial_motor_demo_msgs/include/serial_motor_demo_msgs/serial_motor_demo_msgs/msg/detail
[19.395s] -- Installing: /home/kuns/ROS_projects/dev_pi_communicate/install/serial_motor_demo_msgs/include/serial_motor_demo_msgs/serial_motor_demo_msgs/msg/detail/motor_vels__rosidl_typesupport_introspection_c.h
[19.395s] -- Installing: /home/kuns/ROS_projects/dev_pi_communicate/install/serial_motor_demo_msgs/include/serial_motor_demo_msgs/serial_motor_demo_msgs/msg/detail/motor_command__rosidl_typesupport_introspection_c.h
[19.395s] -- Installing: /home/kuns/ROS_projects/dev_pi_communicate/install/serial_motor_demo_msgs/include/serial_motor_demo_msgs/serial_motor_demo_msgs/msg/detail/motor_vels__type_support.c
[19.395s] -- Installing: /home/kuns/ROS_projects/dev_pi_communicate/install/serial_motor_demo_msgs/include/serial_motor_demo_msgs/serial_motor_demo_msgs/msg/detail/encoder_vals__rosidl_typesupport_introspection_c.h
[19.396s] -- Installing: /home/kuns/ROS_projects/dev_pi_communicate/install/serial_motor_demo_msgs/include/serial_motor_demo_msgs/serial_motor_demo_msgs/msg/detail/encoder_vals__type_support.c
[19.396s] -- Installing: /home/kuns/ROS_projects/dev_pi_communicate/install/serial_motor_demo_msgs/include/serial_motor_demo_msgs/serial_motor_demo_msgs/msg/detail/motor_command__type_support.c
[19.396s] -- Installing: /home/kuns/ROS_projects/dev_pi_communicate/install/serial_motor_demo_msgs/lib/libserial_motor_demo_msgs__rosidl_typesupport_introspection_c.so
[19.397s] -- Set runtime path of "/home/kuns/ROS_projects/dev_pi_communicate/install/serial_motor_demo_msgs/lib/libserial_motor_demo_msgs__rosidl_typesupport_introspection_c.so" to ""
[19.397s] -- Installing: /home/kuns/ROS_projects/dev_pi_communicate/install/serial_motor_demo_msgs/lib/libserial_motor_demo_msgs__rosidl_typesupport_c.so
[19.398s] -- Set runtime path of "/home/kuns/ROS_projects/dev_pi_communicate/install/serial_motor_demo_msgs/lib/libserial_motor_demo_msgs__rosidl_typesupport_c.so" to ""
[19.398s] -- Up-to-date: /home/kuns/ROS_projects/dev_pi_communicate/install/serial_motor_demo_msgs/include/serial_motor_demo_msgs/serial_motor_demo_msgs
[19.398s] -- Up-to-date: /home/kuns/ROS_projects/dev_pi_communicate/install/serial_motor_demo_msgs/include/serial_motor_demo_msgs/serial_motor_demo_msgs/msg
[19.399s] -- Installing: /home/kuns/ROS_projects/dev_pi_communicate/install/serial_motor_demo_msgs/include/serial_motor_demo_msgs/serial_motor_demo_msgs/msg/encoder_vals.hpp
[19.399s] -- Up-to-date: /home/kuns/ROS_projects/dev_pi_communicate/install/serial_motor_demo_msgs/include/serial_motor_demo_msgs/serial_motor_demo_msgs/msg/detail
[19.399s] -- Installing: /home/kuns/ROS_projects/dev_pi_communicate/install/serial_motor_demo_msgs/include/serial_motor_demo_msgs/serial_motor_demo_msgs/msg/detail/motor_vels__builder.hpp
[19.399s] -- Installing: /home/kuns/ROS_projects/dev_pi_communicate/install/serial_motor_demo_msgs/include/serial_motor_demo_msgs/serial_motor_demo_msgs/msg/detail/motor_command__struct.hpp
[19.400s] -- Installing: /home/kuns/ROS_projects/dev_pi_communicate/install/serial_motor_demo_msgs/include/serial_motor_demo_msgs/serial_motor_demo_msgs/msg/detail/encoder_vals__struct.hpp
[19.400s] -- Installing: /home/kuns/ROS_projects/dev_pi_communicate/install/serial_motor_demo_msgs/include/serial_motor_demo_msgs/serial_motor_demo_msgs/msg/detail/motor_command__builder.hpp
[19.401s] -- Installing: /home/kuns/ROS_projects/dev_pi_communicate/install/serial_motor_demo_msgs/include/serial_motor_demo_msgs/serial_motor_demo_msgs/msg/detail/motor_vels__struct.hpp
[19.401s] -- Installing: /home/kuns/ROS_projects/dev_pi_communicate/install/serial_motor_demo_msgs/include/serial_motor_demo_msgs/serial_motor_demo_msgs/msg/detail/encoder_vals__traits.hpp
[19.401s] -- Installing: /home/kuns/ROS_projects/dev_pi_communicate/install/serial_motor_demo_msgs/include/serial_motor_demo_msgs/serial_motor_demo_msgs/msg/detail/encoder_vals__builder.hpp
[19.402s] -- Installing: /home/kuns/ROS_projects/dev_pi_communicate/install/serial_motor_demo_msgs/include/serial_motor_demo_msgs/serial_motor_demo_msgs/msg/detail/motor_vels__traits.hpp
[19.402s] -- Installing: /home/kuns/ROS_projects/dev_pi_communicate/install/serial_motor_demo_msgs/include/serial_motor_demo_msgs/serial_motor_demo_msgs/msg/detail/motor_command__traits.hpp
[19.403s] -- Installing: /home/kuns/ROS_projects/dev_pi_communicate/install/serial_motor_demo_msgs/include/serial_motor_demo_msgs/serial_motor_demo_msgs/msg/motor_vels.hpp
[19.403s] -- Installing: /home/kuns/ROS_projects/dev_pi_communicate/install/serial_motor_demo_msgs/include/serial_motor_demo_msgs/serial_motor_demo_msgs/msg/motor_command.hpp
[19.403s] -- Up-to-date: /home/kuns/ROS_projects/dev_pi_communicate/install/serial_motor_demo_msgs/include/serial_motor_demo_msgs/serial_motor_demo_msgs
[19.404s] -- Up-to-date: /home/kuns/ROS_projects/dev_pi_communicate/install/serial_motor_demo_msgs/include/serial_motor_demo_msgs/serial_motor_demo_msgs/msg
[19.404s] -- Up-to-date: /home/kuns/ROS_projects/dev_pi_communicate/install/serial_motor_demo_msgs/include/serial_motor_demo_msgs/serial_motor_demo_msgs/msg/detail
[19.404s] -- Installing: /home/kuns/ROS_projects/dev_pi_communicate/install/serial_motor_demo_msgs/include/serial_motor_demo_msgs/serial_motor_demo_msgs/msg/detail/motor_command__rosidl_typesupport_fastrtps_cpp.hpp
[19.405s] -- Installing: /home/kuns/ROS_projects/dev_pi_communicate/install/serial_motor_demo_msgs/include/serial_motor_demo_msgs/serial_motor_demo_msgs/msg/detail/motor_vels__rosidl_typesupport_fastrtps_cpp.hpp
[19.405s] -- Installing: /home/kuns/ROS_projects/dev_pi_communicate/install/serial_motor_demo_msgs/include/serial_motor_demo_msgs/serial_motor_demo_msgs/msg/detail/encoder_vals__rosidl_typesupport_fastrtps_cpp.hpp
[19.406s] -- Installing: /home/kuns/ROS_projects/dev_pi_communicate/install/serial_motor_demo_msgs/include/serial_motor_demo_msgs/serial_motor_demo_msgs/msg/detail/dds_fastrtps
[19.406s] -- Installing: /home/kuns/ROS_projects/dev_pi_communicate/install/serial_motor_demo_msgs/include/serial_motor_demo_msgs/serial_motor_demo_msgs/msg/rosidl_typesupport_fastrtps_cpp__visibility_control.h
[19.406s] -- Installing: /home/kuns/ROS_projects/dev_pi_communicate/install/serial_motor_demo_msgs/lib/libserial_motor_demo_msgs__rosidl_typesupport_fastrtps_cpp.so
[19.406s] -- Set runtime path of "/home/kuns/ROS_projects/dev_pi_communicate/install/serial_motor_demo_msgs/lib/libserial_motor_demo_msgs__rosidl_typesupport_fastrtps_cpp.so" to ""
[19.407s] -- Up-to-date: /home/kuns/ROS_projects/dev_pi_communicate/install/serial_motor_demo_msgs/include/serial_motor_demo_msgs/serial_motor_demo_msgs
[19.407s] -- Up-to-date: /home/kuns/ROS_projects/dev_pi_communicate/install/serial_motor_demo_msgs/include/serial_motor_demo_msgs/serial_motor_demo_msgs/msg
[19.407s] -- Up-to-date: /home/kuns/ROS_projects/dev_pi_communicate/install/serial_motor_demo_msgs/include/serial_motor_demo_msgs/serial_motor_demo_msgs/msg/detail
[19.408s] -- Installing: /home/kuns/ROS_projects/dev_pi_communicate/install/serial_motor_demo_msgs/include/serial_motor_demo_msgs/serial_motor_demo_msgs/msg/detail/encoder_vals__rosidl_typesupport_introspection_cpp.hpp
[19.408s] -- Installing: /home/kuns/ROS_projects/dev_pi_communicate/install/serial_motor_demo_msgs/include/serial_motor_demo_msgs/serial_motor_demo_msgs/msg/detail/motor_command__type_support.cpp
[19.409s] -- Installing: /home/kuns/ROS_projects/dev_pi_communicate/install/serial_motor_demo_msgs/include/serial_motor_demo_msgs/serial_motor_demo_msgs/msg/detail/motor_vels__type_support.cpp
[19.409s] -- Installing: /home/kuns/ROS_projects/dev_pi_communicate/install/serial_motor_demo_msgs/include/serial_motor_demo_msgs/serial_motor_demo_msgs/msg/detail/encoder_vals__type_support.cpp
[19.409s] -- Installing: /home/kuns/ROS_projects/dev_pi_communicate/install/serial_motor_demo_msgs/include/serial_motor_demo_msgs/serial_motor_demo_msgs/msg/detail/motor_vels__rosidl_typesupport_introspection_cpp.hpp
[19.410s] -- Installing: /home/kuns/ROS_projects/dev_pi_communicate/install/serial_motor_demo_msgs/include/serial_motor_demo_msgs/serial_motor_demo_msgs/msg/detail/motor_command__rosidl_typesupport_introspection_cpp.hpp
[19.410s] -- Installing: /home/kuns/ROS_projects/dev_pi_communicate/install/serial_motor_demo_msgs/lib/libserial_motor_demo_msgs__rosidl_typesupport_introspection_cpp.so
[19.410s] -- Set runtime path of "/home/kuns/ROS_projects/dev_pi_communicate/install/serial_motor_demo_msgs/lib/libserial_motor_demo_msgs__rosidl_typesupport_introspection_cpp.so" to ""
[19.411s] -- Installing: /home/kuns/ROS_projects/dev_pi_communicate/install/serial_motor_demo_msgs/lib/libserial_motor_demo_msgs__rosidl_typesupport_cpp.so
[19.411s] -- Set runtime path of "/home/kuns/ROS_projects/dev_pi_communicate/install/serial_motor_demo_msgs/lib/libserial_motor_demo_msgs__rosidl_typesupport_cpp.so" to ""
[19.411s] -- Installing: /home/kuns/ROS_projects/dev_pi_communicate/install/serial_motor_demo_msgs/share/serial_motor_demo_msgs/environment/pythonpath.sh
[19.412s] -- Installing: /home/kuns/ROS_projects/dev_pi_communicate/install/serial_motor_demo_msgs/share/serial_motor_demo_msgs/environment/pythonpath.dsv
[19.413s] -- Installing: /home/kuns/ROS_projects/dev_pi_communicate/install/serial_motor_demo_msgs/local/lib/python3.10/dist-packages/serial_motor_demo_msgs-0.0.0-py3.10.egg-info
[19.414s] -- Installing: /home/kuns/ROS_projects/dev_pi_communicate/install/serial_motor_demo_msgs/local/lib/python3.10/dist-packages/serial_motor_demo_msgs-0.0.0-py3.10.egg-info/SOURCES.txt
[19.414s] -- Installing: /home/kuns/ROS_projects/dev_pi_communicate/install/serial_motor_demo_msgs/local/lib/python3.10/dist-packages/serial_motor_demo_msgs-0.0.0-py3.10.egg-info/PKG-INFO
[19.414s] -- Installing: /home/kuns/ROS_projects/dev_pi_communicate/install/serial_motor_demo_msgs/local/lib/python3.10/dist-packages/serial_motor_demo_msgs-0.0.0-py3.10.egg-info/dependency_links.txt
[19.414s] -- Installing: /home/kuns/ROS_projects/dev_pi_communicate/install/serial_motor_demo_msgs/local/lib/python3.10/dist-packages/serial_motor_demo_msgs-0.0.0-py3.10.egg-info/top_level.txt
[19.415s] -- Installing: /home/kuns/ROS_projects/dev_pi_communicate/install/serial_motor_demo_msgs/local/lib/python3.10/dist-packages/serial_motor_demo_msgs
[19.415s] -- Installing: /home/kuns/ROS_projects/dev_pi_communicate/install/serial_motor_demo_msgs/local/lib/python3.10/dist-packages/serial_motor_demo_msgs/serial_motor_demo_msgs_s__rosidl_typesupport_introspection_c.cpython-310-x86_64-linux-gnu.so
[19.415s] -- Installing: /home/kuns/ROS_projects/dev_pi_communicate/install/serial_motor_demo_msgs/local/lib/python3.10/dist-packages/serial_motor_demo_msgs/libserial_motor_demo_msgs__rosidl_generator_py.so
[19.416s] -- Installing: /home/kuns/ROS_projects/dev_pi_communicate/install/serial_motor_demo_msgs/local/lib/python3.10/dist-packages/serial_motor_demo_msgs/_serial_motor_demo_msgs_s.ep.rosidl_typesupport_fastrtps_c.c
[19.416s] -- Installing: /home/kuns/ROS_projects/dev_pi_communicate/install/serial_motor_demo_msgs/local/lib/python3.10/dist-packages/serial_motor_demo_msgs/serial_motor_demo_msgs_s__rosidl_typesupport_c.cpython-310-x86_64-linux-gnu.so
[19.416s] -- Installing: /home/kuns/ROS_projects/dev_pi_communicate/install/serial_motor_demo_msgs/local/lib/python3.10/dist-packages/serial_motor_demo_msgs/_serial_motor_demo_msgs_s.ep.rosidl_typesupport_c.c
[19.417s] -- Installing: /home/kuns/ROS_projects/dev_pi_communicate/install/serial_motor_demo_msgs/local/lib/python3.10/dist-packages/serial_motor_demo_msgs/__init__.py
[19.417s] -- Installing: /home/kuns/ROS_projects/dev_pi_communicate/install/serial_motor_demo_msgs/local/lib/python3.10/dist-packages/serial_motor_demo_msgs/serial_motor_demo_msgs_s__rosidl_typesupport_fastrtps_c.cpython-310-x86_64-linux-gnu.so
[19.417s] -- Installing: /home/kuns/ROS_projects/dev_pi_communicate/install/serial_motor_demo_msgs/local/lib/python3.10/dist-packages/serial_motor_demo_msgs/_serial_motor_demo_msgs_s.ep.rosidl_typesupport_introspection_c.c
[19.418s] -- Installing: /home/kuns/ROS_projects/dev_pi_communicate/install/serial_motor_demo_msgs/local/lib/python3.10/dist-packages/serial_motor_demo_msgs/msg
[19.418s] -- Installing: /home/kuns/ROS_projects/dev_pi_communicate/install/serial_motor_demo_msgs/local/lib/python3.10/dist-packages/serial_motor_demo_msgs/msg/_motor_command.py
[19.418s] -- Installing: /home/kuns/ROS_projects/dev_pi_communicate/install/serial_motor_demo_msgs/local/lib/python3.10/dist-packages/serial_motor_demo_msgs/msg/_motor_command_s.c
[19.419s] -- Installing: /home/kuns/ROS_projects/dev_pi_communicate/install/serial_motor_demo_msgs/local/lib/python3.10/dist-packages/serial_motor_demo_msgs/msg/_encoder_vals_s.c
[19.419s] -- Installing: /home/kuns/ROS_projects/dev_pi_communicate/install/serial_motor_demo_msgs/local/lib/python3.10/dist-packages/serial_motor_demo_msgs/msg/_encoder_vals.py
[19.420s] -- Installing: /home/kuns/ROS_projects/dev_pi_communicate/install/serial_motor_demo_msgs/local/lib/python3.10/dist-packages/serial_motor_demo_msgs/msg/_motor_vels.py
[19.420s] -- Installing: /home/kuns/ROS_projects/dev_pi_communicate/install/serial_motor_demo_msgs/local/lib/python3.10/dist-packages/serial_motor_demo_msgs/msg/_motor_vels_s.c
[19.420s] -- Installing: /home/kuns/ROS_projects/dev_pi_communicate/install/serial_motor_demo_msgs/local/lib/python3.10/dist-packages/serial_motor_demo_msgs/msg/__init__.py
[19.531s] Listing '/home/kuns/ROS_projects/dev_pi_communicate/install/serial_motor_demo_msgs/local/lib/python3.10/dist-packages/serial_motor_demo_msgs'...
[19.531s] Compiling '/home/kuns/ROS_projects/dev_pi_communicate/install/serial_motor_demo_msgs/local/lib/python3.10/dist-packages/serial_motor_demo_msgs/__init__.py'...
[19.532s] Listing '/home/kuns/ROS_projects/dev_pi_communicate/install/serial_motor_demo_msgs/local/lib/python3.10/dist-packages/serial_motor_demo_msgs/msg'...
[19.532s] Compiling '/home/kuns/ROS_projects/dev_pi_communicate/install/serial_motor_demo_msgs/local/lib/python3.10/dist-packages/serial_motor_demo_msgs/msg/__init__.py'...
[19.532s] Compiling '/home/kuns/ROS_projects/dev_pi_communicate/install/serial_motor_demo_msgs/local/lib/python3.10/dist-packages/serial_motor_demo_msgs/msg/_encoder_vals.py'...
[19.532s] Compiling '/home/kuns/ROS_projects/dev_pi_communicate/install/serial_motor_demo_msgs/local/lib/python3.10/dist-packages/serial_motor_demo_msgs/msg/_motor_command.py'...
[19.532s] Compiling '/home/kuns/ROS_projects/dev_pi_communicate/install/serial_motor_demo_msgs/local/lib/python3.10/dist-packages/serial_motor_demo_msgs/msg/_motor_vels.py'...
[19.545s] -- Installing: /home/kuns/ROS_projects/dev_pi_communicate/install/serial_motor_demo_msgs/local/lib/python3.10/dist-packages/serial_motor_demo_msgs/serial_motor_demo_msgs_s__rosidl_typesupport_fastrtps_c.cpython-310-x86_64-linux-gnu.so
[19.546s] -- Set runtime path of "/home/kuns/ROS_projects/dev_pi_communicate/install/serial_motor_demo_msgs/local/lib/python3.10/dist-packages/serial_motor_demo_msgs/serial_motor_demo_msgs_s__rosidl_typesupport_fastrtps_c.cpython-310-x86_64-linux-gnu.so" to ""
[19.546s] -- Installing: /home/kuns/ROS_projects/dev_pi_communicate/install/serial_motor_demo_msgs/local/lib/python3.10/dist-packages/serial_motor_demo_msgs/serial_motor_demo_msgs_s__rosidl_typesupport_introspection_c.cpython-310-x86_64-linux-gnu.so
[19.547s] -- Set runtime path of "/home/kuns/ROS_projects/dev_pi_communicate/install/serial_motor_demo_msgs/local/lib/python3.10/dist-packages/serial_motor_demo_msgs/serial_motor_demo_msgs_s__rosidl_typesupport_introspection_c.cpython-310-x86_64-linux-gnu.so" to ""
[19.548s] -- Installing: /home/kuns/ROS_projects/dev_pi_communicate/install/serial_motor_demo_msgs/local/lib/python3.10/dist-packages/serial_motor_demo_msgs/serial_motor_demo_msgs_s__rosidl_typesupport_c.cpython-310-x86_64-linux-gnu.so
[19.549s] -- Set runtime path of "/home/kuns/ROS_projects/dev_pi_communicate/install/serial_motor_demo_msgs/local/lib/python3.10/dist-packages/serial_motor_demo_msgs/serial_motor_demo_msgs_s__rosidl_typesupport_c.cpython-310-x86_64-linux-gnu.so" to ""
[19.549s] -- Installing: /home/kuns/ROS_projects/dev_pi_communicate/install/serial_motor_demo_msgs/lib/libserial_motor_demo_msgs__rosidl_generator_py.so
[19.550s] -- Set runtime path of "/home/kuns/ROS_projects/dev_pi_communicate/install/serial_motor_demo_msgs/lib/libserial_motor_demo_msgs__rosidl_generator_py.so" to ""
[19.550s] -- Installing: /home/kuns/ROS_projects/dev_pi_communicate/install/serial_motor_demo_msgs/share/serial_motor_demo_msgs/msg/MotorCommand.idl
[19.551s] -- Installing: /home/kuns/ROS_projects/dev_pi_communicate/install/serial_motor_demo_msgs/share/serial_motor_demo_msgs/msg/MotorVels.idl
[19.551s] -- Installing: /home/kuns/ROS_projects/dev_pi_communicate/install/serial_motor_demo_msgs/share/serial_motor_demo_msgs/msg/EncoderVals.idl
[19.552s] -- Installing: /home/kuns/ROS_projects/dev_pi_communicate/install/serial_motor_demo_msgs/share/serial_motor_demo_msgs/msg/MotorCommand.msg
[19.552s] -- Installing: /home/kuns/ROS_projects/dev_pi_communicate/install/serial_motor_demo_msgs/share/serial_motor_demo_msgs/msg/MotorVels.msg
[19.553s] -- Installing: /home/kuns/ROS_projects/dev_pi_communicate/install/serial_motor_demo_msgs/share/serial_motor_demo_msgs/msg/EncoderVals.msg
[19.553s] -- Installing: /home/kuns/ROS_projects/dev_pi_communicate/install/serial_motor_demo_msgs/share/ament_index/resource_index/package_run_dependencies/serial_motor_demo_msgs
[19.554s] -- Installing: /home/kuns/ROS_projects/dev_pi_communicate/install/serial_motor_demo_msgs/share/ament_index/resource_index/parent_prefix_path/serial_motor_demo_msgs
[19.554s] -- Installing: /home/kuns/ROS_projects/dev_pi_communicate/install/serial_motor_demo_msgs/share/serial_motor_demo_msgs/environment/ament_prefix_path.sh
[19.555s] -- Installing: /home/kuns/ROS_projects/dev_pi_communicate/install/serial_motor_demo_msgs/share/serial_motor_demo_msgs/environment/ament_prefix_path.dsv
[19.555s] -- Installing: /home/kuns/ROS_projects/dev_pi_communicate/install/serial_motor_demo_msgs/share/serial_motor_demo_msgs/environment/path.sh
[19.555s] -- Installing: /home/kuns/ROS_projects/dev_pi_communicate/install/serial_motor_demo_msgs/share/serial_motor_demo_msgs/environment/path.dsv
[19.556s] -- Installing: /home/kuns/ROS_projects/dev_pi_communicate/install/serial_motor_demo_msgs/share/serial_motor_demo_msgs/local_setup.bash
[19.556s] -- Installing: /home/kuns/ROS_projects/dev_pi_communicate/install/serial_motor_demo_msgs/share/serial_motor_demo_msgs/local_setup.sh
[19.557s] -- Installing: /home/kuns/ROS_projects/dev_pi_communicate/install/serial_motor_demo_msgs/share/serial_motor_demo_msgs/local_setup.zsh
[19.557s] -- Installing: /home/kuns/ROS_projects/dev_pi_communicate/install/serial_motor_demo_msgs/share/serial_motor_demo_msgs/local_setup.dsv
[19.558s] -- Installing: /home/kuns/ROS_projects/dev_pi_communicate/install/serial_motor_demo_msgs/share/serial_motor_demo_msgs/package.dsv
[19.558s] -- Installing: /home/kuns/ROS_projects/dev_pi_communicate/install/serial_motor_demo_msgs/share/ament_index/resource_index/packages/serial_motor_demo_msgs
[19.559s] -- Installing: /home/kuns/ROS_projects/dev_pi_communicate/install/serial_motor_demo_msgs/share/serial_motor_demo_msgs/cmake/export_serial_motor_demo_msgs__rosidl_generator_cExport.cmake
[19.559s] -- Installing: /home/kuns/ROS_projects/dev_pi_communicate/install/serial_motor_demo_msgs/share/serial_motor_demo_msgs/cmake/export_serial_motor_demo_msgs__rosidl_generator_cExport-noconfig.cmake
[19.560s] -- Installing: /home/kuns/ROS_projects/dev_pi_communicate/install/serial_motor_demo_msgs/share/serial_motor_demo_msgs/cmake/export_serial_motor_demo_msgs__rosidl_typesupport_fastrtps_cExport.cmake
[19.561s] -- Installing: /home/kuns/ROS_projects/dev_pi_communicate/install/serial_motor_demo_msgs/share/serial_motor_demo_msgs/cmake/export_serial_motor_demo_msgs__rosidl_typesupport_fastrtps_cExport-noconfig.cmake
[19.561s] -- Installing: /home/kuns/ROS_projects/dev_pi_communicate/install/serial_motor_demo_msgs/share/serial_motor_demo_msgs/cmake/serial_motor_demo_msgs__rosidl_typesupport_introspection_cExport.cmake
[19.561s] -- Installing: /home/kuns/ROS_projects/dev_pi_communicate/install/serial_motor_demo_msgs/share/serial_motor_demo_msgs/cmake/serial_motor_demo_msgs__rosidl_typesupport_introspection_cExport-noconfig.cmake
[19.562s] -- Installing: /home/kuns/ROS_projects/dev_pi_communicate/install/serial_motor_demo_msgs/share/serial_motor_demo_msgs/cmake/serial_motor_demo_msgs__rosidl_typesupport_cExport.cmake
[19.562s] -- Installing: /home/kuns/ROS_projects/dev_pi_communicate/install/serial_motor_demo_msgs/share/serial_motor_demo_msgs/cmake/serial_motor_demo_msgs__rosidl_typesupport_cExport-noconfig.cmake
[19.562s] -- Installing: /home/kuns/ROS_projects/dev_pi_communicate/install/serial_motor_demo_msgs/share/serial_motor_demo_msgs/cmake/export_serial_motor_demo_msgs__rosidl_generator_cppExport.cmake
[19.563s] -- Installing: /home/kuns/ROS_projects/dev_pi_communicate/install/serial_motor_demo_msgs/share/serial_motor_demo_msgs/cmake/export_serial_motor_demo_msgs__rosidl_typesupport_fastrtps_cppExport.cmake
[19.563s] -- Installing: /home/kuns/ROS_projects/dev_pi_communicate/install/serial_motor_demo_msgs/share/serial_motor_demo_msgs/cmake/export_serial_motor_demo_msgs__rosidl_typesupport_fastrtps_cppExport-noconfig.cmake
[19.564s] -- Installing: /home/kuns/ROS_projects/dev_pi_communicate/install/serial_motor_demo_msgs/share/serial_motor_demo_msgs/cmake/serial_motor_demo_msgs__rosidl_typesupport_introspection_cppExport.cmake
[19.564s] -- Installing: /home/kuns/ROS_projects/dev_pi_communicate/install/serial_motor_demo_msgs/share/serial_motor_demo_msgs/cmake/serial_motor_demo_msgs__rosidl_typesupport_introspection_cppExport-noconfig.cmake
[19.565s] -- Installing: /home/kuns/ROS_projects/dev_pi_communicate/install/serial_motor_demo_msgs/share/serial_motor_demo_msgs/cmake/serial_motor_demo_msgs__rosidl_typesupport_cppExport.cmake
[19.565s] -- Installing: /home/kuns/ROS_projects/dev_pi_communicate/install/serial_motor_demo_msgs/share/serial_motor_demo_msgs/cmake/serial_motor_demo_msgs__rosidl_typesupport_cppExport-noconfig.cmake
[19.566s] -- Installing: /home/kuns/ROS_projects/dev_pi_communicate/install/serial_motor_demo_msgs/share/serial_motor_demo_msgs/cmake/export_serial_motor_demo_msgs__rosidl_generator_pyExport.cmake
[19.566s] -- Installing: /home/kuns/ROS_projects/dev_pi_communicate/install/serial_motor_demo_msgs/share/serial_motor_demo_msgs/cmake/export_serial_motor_demo_msgs__rosidl_generator_pyExport-noconfig.cmake
[19.567s] -- Installing: /home/kuns/ROS_projects/dev_pi_communicate/install/serial_motor_demo_msgs/share/serial_motor_demo_msgs/cmake/rosidl_cmake-extras.cmake
[19.567s] -- Installing: /home/kuns/ROS_projects/dev_pi_communicate/install/serial_motor_demo_msgs/share/serial_motor_demo_msgs/cmake/ament_cmake_export_include_directories-extras.cmake
[19.568s] -- Installing: /home/kuns/ROS_projects/dev_pi_communicate/install/serial_motor_demo_msgs/share/serial_motor_demo_msgs/cmake/ament_cmake_export_libraries-extras.cmake
[19.568s] -- Installing: /home/kuns/ROS_projects/dev_pi_communicate/install/serial_motor_demo_msgs/share/serial_motor_demo_msgs/cmake/ament_cmake_export_targets-extras.cmake
[19.569s] -- Installing: /home/kuns/ROS_projects/dev_pi_communicate/install/serial_motor_demo_msgs/share/serial_motor_demo_msgs/cmake/rosidl_cmake_export_typesupport_targets-extras.cmake
[19.569s] -- Installing: /home/kuns/ROS_projects/dev_pi_communicate/install/serial_motor_demo_msgs/share/serial_motor_demo_msgs/cmake/ament_cmake_export_dependencies-extras.cmake
[19.570s] -- Installing: /home/kuns/ROS_projects/dev_pi_communicate/install/serial_motor_demo_msgs/share/serial_motor_demo_msgs/cmake/rosidl_cmake_export_typesupport_libraries-extras.cmake
[19.570s] -- Installing: /home/kuns/ROS_projects/dev_pi_communicate/install/serial_motor_demo_msgs/share/serial_motor_demo_msgs/cmake/serial_motor_demo_msgsConfig.cmake
[19.570s] -- Installing: /home/kuns/ROS_projects/dev_pi_communicate/install/serial_motor_demo_msgs/share/serial_motor_demo_msgs/cmake/serial_motor_demo_msgsConfig-version.cmake
[19.571s] -- Installing: /home/kuns/ROS_projects/dev_pi_communicate/install/serial_motor_demo_msgs/share/serial_motor_demo_msgs/package.xml
[19.576s] Invoked command in '/home/kuns/ROS_projects/dev_pi_communicate/build/serial_motor_demo_msgs' returned '0': CMAKE_PREFIX_PATH=/opt/ros/humble /usr/bin/cmake --install /home/kuns/ROS_projects/dev_pi_communicate/build/serial_motor_demo_msgs
