[2.805s] DEBUG:colcon:Command line arguments: ['/usr/bin/colcon', 'build', '--symlink-install']
[2.806s] DEBUG:colcon:Parsed command line arguments: Namespace(log_base=None, log_level=None, verb_name='build', build_base='build', install_base='install', merge_install=False, symlink_install=True, test_result_base=None, continue_on_error=False, executor='parallel', parallel_workers=4, event_handlers=None, ignore_user_meta=False, metas=['./colcon.meta'], base_paths=['.'], packages_ignore=None, packages_ignore_regex=None, paths=None, packages_up_to=None, packages_up_to_regex=None, packages_above=None, packages_above_and_dependencies=None, packages_above_depth=None, packages_select_by_dep=None, packages_skip_by_dep=None, packages_skip_up_to=None, packages_select_build_failed=False, packages_skip_build_finished=False, packages_select_test_failures=False, packages_skip_test_passed=False, packages_select=None, packages_skip=None, packages_select_regex=None, packages_skip_regex=None, packages_start=None, packages_end=None, allow_overriding=[], cmake_args=None, cmake_target=None, cmake_target_skip_unavailable=False, cmake_clean_cache=False, cmake_clean_first=False, cmake_force_configure=False, ament_cmake_args=None, catkin_cmake_args=None, catkin_skip_building_tests=False, verb_parser=<colcon_defaults.argument_parser.defaults.DefaultArgumentsDecorator object at 0xffff93d89ae0>, verb_extension=<colcon_core.verb.build.BuildVerb object at 0xffff94577130>, main=<bound method BuildVerb.main of <colcon_core.verb.build.BuildVerb object at 0xffff94577130>>)
[3.076s] Level 1:colcon.colcon_core.package_discovery:discover_packages(colcon_meta) check parameters
[3.077s] Level 1:colcon.colcon_core.package_discovery:discover_packages(recursive) check parameters
[3.077s] Level 1:colcon.colcon_core.package_discovery:discover_packages(ignore) check parameters
[3.077s] Level 1:colcon.colcon_core.package_discovery:discover_packages(path) check parameters
[3.077s] Level 1:colcon.colcon_core.package_discovery:discover_packages(colcon_meta) discover
[3.078s] Level 1:colcon.colcon_core.package_discovery:discover_packages(recursive) discover
[3.078s] INFO:colcon.colcon_core.package_discovery:Crawling recursively for packages in '/home/rpi/ros-projects/dev_pi_communicate'
[3.078s] Level 1:colcon.colcon_core.package_identification:_identify(.) by extensions ['ignore', 'ignore_ament_install']
[3.079s] Level 1:colcon.colcon_core.package_identification:_identify(.) by extension 'ignore'
[3.079s] Level 1:colcon.colcon_core.package_identification:_identify(.) by extension 'ignore_ament_install'
[3.080s] Level 1:colcon.colcon_core.package_identification:_identify(.) by extensions ['colcon_pkg']
[3.080s] Level 1:colcon.colcon_core.package_identification:_identify(.) by extension 'colcon_pkg'
[3.080s] Level 1:colcon.colcon_core.package_identification:_identify(.) by extensions ['colcon_meta']
[3.080s] Level 1:colcon.colcon_core.package_identification:_identify(.) by extension 'colcon_meta'
[3.080s] Level 1:colcon.colcon_core.package_identification:_identify(.) by extensions ['ros']
[3.081s] Level 1:colcon.colcon_core.package_identification:_identify(.) by extension 'ros'
[3.139s] Level 1:colcon.colcon_core.package_identification:_identify(.) by extensions ['cmake', 'python']
[3.139s] Level 1:colcon.colcon_core.package_identification:_identify(.) by extension 'cmake'
[3.139s] Level 1:colcon.colcon_core.package_identification:_identify(.) by extension 'python'
[3.139s] Level 1:colcon.colcon_core.package_identification:_identify(.) by extensions ['python_setup_py']
[3.140s] Level 1:colcon.colcon_core.package_identification:_identify(.) by extension 'python_setup_py'
[3.140s] Level 1:colcon.colcon_core.package_identification:_identify(build) by extensions ['ignore', 'ignore_ament_install']
[3.141s] Level 1:colcon.colcon_core.package_identification:_identify(build) by extension 'ignore'
[3.141s] Level 1:colcon.colcon_core.package_identification:_identify(build) ignored
[3.142s] Level 1:colcon.colcon_core.package_identification:_identify(install) by extensions ['ignore', 'ignore_ament_install']
[3.142s] Level 1:colcon.colcon_core.package_identification:_identify(install) by extension 'ignore'
[3.142s] Level 1:colcon.colcon_core.package_identification:_identify(install) ignored
[3.143s] Level 1:colcon.colcon_core.package_identification:_identify(log) by extensions ['ignore', 'ignore_ament_install']
[3.144s] Level 1:colcon.colcon_core.package_identification:_identify(log) by extension 'ignore'
[3.144s] Level 1:colcon.colcon_core.package_identification:_identify(log) ignored
[3.144s] Level 1:colcon.colcon_core.package_identification:_identify(src) by extensions ['ignore', 'ignore_ament_install']
[3.144s] Level 1:colcon.colcon_core.package_identification:_identify(src) by extension 'ignore'
[3.145s] Level 1:colcon.colcon_core.package_identification:_identify(src) by extension 'ignore_ament_install'
[3.145s] Level 1:colcon.colcon_core.package_identification:_identify(src) by extensions ['colcon_pkg']
[3.145s] Level 1:colcon.colcon_core.package_identification:_identify(src) by extension 'colcon_pkg'
[3.145s] Level 1:colcon.colcon_core.package_identification:_identify(src) by extensions ['colcon_meta']
[3.146s] Level 1:colcon.colcon_core.package_identification:_identify(src) by extension 'colcon_meta'
[3.146s] Level 1:colcon.colcon_core.package_identification:_identify(src) by extensions ['ros']
[3.146s] Level 1:colcon.colcon_core.package_identification:_identify(src) by extension 'ros'
[3.146s] Level 1:colcon.colcon_core.package_identification:_identify(src) by extensions ['cmake', 'python']
[3.146s] Level 1:colcon.colcon_core.package_identification:_identify(src) by extension 'cmake'
[3.147s] Level 1:colcon.colcon_core.package_identification:_identify(src) by extension 'python'
[3.147s] Level 1:colcon.colcon_core.package_identification:_identify(src) by extensions ['python_setup_py']
[3.147s] Level 1:colcon.colcon_core.package_identification:_identify(src) by extension 'python_setup_py'
[3.148s] Level 1:colcon.colcon_core.package_identification:_identify(src/dev_pi_communicate) by extensions ['ignore', 'ignore_ament_install']
[3.149s] Level 1:colcon.colcon_core.package_identification:_identify(src/dev_pi_communicate) by extension 'ignore'
[3.150s] Level 1:colcon.colcon_core.package_identification:_identify(src/dev_pi_communicate) by extension 'ignore_ament_install'
[3.150s] Level 1:colcon.colcon_core.package_identification:_identify(src/dev_pi_communicate) by extensions ['colcon_pkg']
[3.150s] Level 1:colcon.colcon_core.package_identification:_identify(src/dev_pi_communicate) by extension 'colcon_pkg'
[3.151s] Level 1:colcon.colcon_core.package_identification:_identify(src/dev_pi_communicate) by extensions ['colcon_meta']
[3.151s] Level 1:colcon.colcon_core.package_identification:_identify(src/dev_pi_communicate) by extension 'colcon_meta'
[3.151s] Level 1:colcon.colcon_core.package_identification:_identify(src/dev_pi_communicate) by extensions ['ros']
[3.152s] Level 1:colcon.colcon_core.package_identification:_identify(src/dev_pi_communicate) by extension 'ros'
[3.170s] DEBUG:colcon.colcon_core.package_identification:Package 'src/dev_pi_communicate' with type 'ros.ament_python' and name 'dev_pi_communicate'
[3.170s] Level 1:colcon.colcon_core.package_discovery:discover_packages(recursive) using defaults
[3.170s] Level 1:colcon.colcon_core.package_discovery:discover_packages(ignore) discover
[3.170s] Level 1:colcon.colcon_core.package_discovery:discover_packages(ignore) using defaults
[3.170s] Level 1:colcon.colcon_core.package_discovery:discover_packages(path) discover
[3.171s] Level 1:colcon.colcon_core.package_discovery:discover_packages(path) using defaults
[3.319s] Level 1:colcon.colcon_core.package_discovery:discover_packages(prefix_path) check parameters
[3.319s] Level 1:colcon.colcon_core.package_discovery:discover_packages(prefix_path) discover
[3.340s] DEBUG:colcon.colcon_installed_package_information.package_discovery:Found 3 installed packages in /home/rpi/ws/install
[3.352s] DEBUG:colcon.colcon_installed_package_information.package_discovery:Found 285 installed packages in /opt/ros/humble
[3.359s] Level 1:colcon.colcon_core.package_discovery:discover_packages(prefix_path) using defaults
[3.692s] Level 5:colcon.colcon_core.verb:set package 'dev_pi_communicate' build argument 'cmake_args' from command line to 'None'
[3.692s] Level 5:colcon.colcon_core.verb:set package 'dev_pi_communicate' build argument 'cmake_target' from command line to 'None'
[3.692s] Level 5:colcon.colcon_core.verb:set package 'dev_pi_communicate' build argument 'cmake_target_skip_unavailable' from command line to 'False'
[3.692s] Level 5:colcon.colcon_core.verb:set package 'dev_pi_communicate' build argument 'cmake_clean_cache' from command line to 'False'
[3.692s] Level 5:colcon.colcon_core.verb:set package 'dev_pi_communicate' build argument 'cmake_clean_first' from command line to 'False'
[3.693s] Level 5:colcon.colcon_core.verb:set package 'dev_pi_communicate' build argument 'cmake_force_configure' from command line to 'False'
[3.693s] Level 5:colcon.colcon_core.verb:set package 'dev_pi_communicate' build argument 'ament_cmake_args' from command line to 'None'
[3.693s] Level 5:colcon.colcon_core.verb:set package 'dev_pi_communicate' build argument 'catkin_cmake_args' from command line to 'None'
[3.693s] Level 5:colcon.colcon_core.verb:set package 'dev_pi_communicate' build argument 'catkin_skip_building_tests' from command line to 'False'
[3.693s] DEBUG:colcon.colcon_core.verb:Building package 'dev_pi_communicate' with the following arguments: {'ament_cmake_args': None, 'build_base': '/home/rpi/ros-projects/dev_pi_communicate/build/dev_pi_communicate', 'catkin_cmake_args': None, 'catkin_skip_building_tests': False, 'cmake_args': None, 'cmake_clean_cache': False, 'cmake_clean_first': False, 'cmake_force_configure': False, 'cmake_target': None, 'cmake_target_skip_unavailable': False, 'install_base': '/home/rpi/ros-projects/dev_pi_communicate/install/dev_pi_communicate', 'merge_install': False, 'path': '/home/rpi/ros-projects/dev_pi_communicate/src/dev_pi_communicate', 'symlink_install': True, 'test_result_base': None}
[3.696s] INFO:colcon.colcon_core.executor:Executing jobs using 'parallel' executor
[3.709s] DEBUG:colcon.colcon_parallel_executor.executor.parallel:run_until_complete
[3.711s] INFO:colcon.colcon_ros.task.ament_python.build:Building ROS package in '/home/rpi/ros-projects/dev_pi_communicate/src/dev_pi_communicate' with build type 'ament_python'
[3.711s] Level 1:colcon.colcon_core.shell:create_environment_hook('dev_pi_communicate', 'ament_prefix_path')
[3.770s] INFO:colcon.colcon_core.plugin_system:Skipping extension 'colcon_core.shell.bat': Not used on non-Windows systems
[3.771s] INFO:colcon.colcon_core.shell:Creating environment hook '/home/rpi/ros-projects/dev_pi_communicate/install/dev_pi_communicate/share/dev_pi_communicate/hook/ament_prefix_path.ps1'
[3.782s] INFO:colcon.colcon_core.shell:Creating environment descriptor '/home/rpi/ros-projects/dev_pi_communicate/install/dev_pi_communicate/share/dev_pi_communicate/hook/ament_prefix_path.dsv'
[3.791s] INFO:colcon.colcon_core.shell:Creating environment hook '/home/rpi/ros-projects/dev_pi_communicate/install/dev_pi_communicate/share/dev_pi_communicate/hook/ament_prefix_path.sh'
[3.815s] INFO:colcon.colcon_core.shell:Skip shell extension 'powershell' for command environment: Not usable outside of PowerShell
[3.816s] DEBUG:colcon.colcon_core.shell:Skip shell extension 'dsv' for command environment
[5.771s] INFO:colcon.colcon_core.task.python.build:Building Python package in '/home/rpi/ros-projects/dev_pi_communicate/src/dev_pi_communicate'
[5.779s] INFO:colcon.colcon_core.shell:Skip shell extension 'powershell' for command environment: Not usable outside of PowerShell
[5.780s] DEBUG:colcon.colcon_core.shell:Skip shell extension 'dsv' for command environment
[8.940s] DEBUG:colcon.colcon_core.event_handler.log_command:Invoking command in '/home/rpi/ros-projects/dev_pi_communicate/build/dev_pi_communicate': PYTHONPATH=/home/rpi/ros-projects/dev_pi_communicate/build/dev_pi_communicate/prefix_override:/home/rpi/ros-projects/dev_pi_communicate/install/dev_pi_communicate/lib/python3.10/site-packages:${PYTHONPATH} /usr/bin/python3 setup.py develop --editable --build-directory /home/rpi/ros-projects/dev_pi_communicate/build/dev_pi_communicate/build --no-deps install_data
[15.506s] Level 1:colcon.colcon_core.shell:create_environment_hook('dev_pi_communicate', 'pythonpath_develop')
[15.520s] INFO:colcon.colcon_core.shell:Creating environment hook '/home/rpi/ros-projects/dev_pi_communicate/build/dev_pi_communicate/share/dev_pi_communicate/hook/pythonpath_develop.ps1'
[15.533s] DEBUG:colcon.colcon_core.event_handler.log_command:Invoked command in '/home/rpi/ros-projects/dev_pi_communicate/build/dev_pi_communicate' returned '0': PYTHONPATH=/home/rpi/ros-projects/dev_pi_communicate/build/dev_pi_communicate/prefix_override:/home/rpi/ros-projects/dev_pi_communicate/install/dev_pi_communicate/lib/python3.10/site-packages:${PYTHONPATH} /usr/bin/python3 setup.py develop --editable --build-directory /home/rpi/ros-projects/dev_pi_communicate/build/dev_pi_communicate/build --no-deps install_data
[15.537s] INFO:colcon.colcon_core.shell:Creating environment descriptor '/home/rpi/ros-projects/dev_pi_communicate/build/dev_pi_communicate/share/dev_pi_communicate/hook/pythonpath_develop.dsv'
[15.542s] INFO:colcon.colcon_core.shell:Creating environment hook '/home/rpi/ros-projects/dev_pi_communicate/build/dev_pi_communicate/share/dev_pi_communicate/hook/pythonpath_develop.sh'
[15.631s] Level 1:colcon.colcon_core.environment:checking '/home/rpi/ros-projects/dev_pi_communicate/install/dev_pi_communicate' for CMake module files
[15.638s] Level 1:colcon.colcon_core.environment:checking '/home/rpi/ros-projects/dev_pi_communicate/install/dev_pi_communicate' for CMake config files
[15.647s] Level 1:colcon.colcon_core.environment:checking '/home/rpi/ros-projects/dev_pi_communicate/install/dev_pi_communicate/lib'
[15.650s] Level 1:colcon.colcon_core.environment:checking '/home/rpi/ros-projects/dev_pi_communicate/install/dev_pi_communicate/bin'
[15.651s] Level 1:colcon.colcon_core.environment:checking '/home/rpi/ros-projects/dev_pi_communicate/install/dev_pi_communicate/lib/pkgconfig/dev_pi_communicate.pc'
[15.653s] Level 1:colcon.colcon_core.environment:checking '/home/rpi/ros-projects/dev_pi_communicate/install/dev_pi_communicate/lib/python3.10/site-packages'
[15.653s] Level 1:colcon.colcon_core.shell:create_environment_hook('dev_pi_communicate', 'pythonpath')
[15.667s] INFO:colcon.colcon_core.shell:Creating environment hook '/home/rpi/ros-projects/dev_pi_communicate/install/dev_pi_communicate/share/dev_pi_communicate/hook/pythonpath.ps1'
[15.671s] INFO:colcon.colcon_core.shell:Creating environment descriptor '/home/rpi/ros-projects/dev_pi_communicate/install/dev_pi_communicate/share/dev_pi_communicate/hook/pythonpath.dsv'
[15.682s] INFO:colcon.colcon_core.shell:Creating environment hook '/home/rpi/ros-projects/dev_pi_communicate/install/dev_pi_communicate/share/dev_pi_communicate/hook/pythonpath.sh'
[15.691s] Level 1:colcon.colcon_core.environment:checking '/home/rpi/ros-projects/dev_pi_communicate/install/dev_pi_communicate/bin'
[15.693s] Level 1:colcon.colcon_core.environment:create_environment_scripts_only(dev_pi_communicate)
[15.712s] INFO:colcon.colcon_core.shell:Creating package script '/home/rpi/ros-projects/dev_pi_communicate/install/dev_pi_communicate/share/dev_pi_communicate/package.ps1'
[15.724s] INFO:colcon.colcon_core.shell:Creating package descriptor '/home/rpi/ros-projects/dev_pi_communicate/install/dev_pi_communicate/share/dev_pi_communicate/package.dsv'
[15.732s] INFO:colcon.colcon_core.shell:Creating package script '/home/rpi/ros-projects/dev_pi_communicate/install/dev_pi_communicate/share/dev_pi_communicate/package.sh'
[15.745s] INFO:colcon.colcon_core.shell:Creating package script '/home/rpi/ros-projects/dev_pi_communicate/install/dev_pi_communicate/share/dev_pi_communicate/package.bash'
[15.756s] INFO:colcon.colcon_core.shell:Creating package script '/home/rpi/ros-projects/dev_pi_communicate/install/dev_pi_communicate/share/dev_pi_communicate/package.zsh'
[15.765s] Level 1:colcon.colcon_core.environment:create_file_with_runtime_dependencies(/home/rpi/ros-projects/dev_pi_communicate/install/dev_pi_communicate/share/colcon-core/packages/dev_pi_communicate)
[15.769s] DEBUG:colcon.colcon_parallel_executor.executor.parallel:closing loop
[15.773s] DEBUG:colcon.colcon_parallel_executor.executor.parallel:loop closed
[15.777s] DEBUG:colcon.colcon_parallel_executor.executor.parallel:run_until_complete finished with '0'
[15.777s] DEBUG:colcon.colcon_core.event_reactor:joining thread
[15.858s] INFO:colcon.colcon_core.plugin_system:Skipping extension 'colcon_notification.desktop_notification.terminal_notifier': Not used on non-Darwin systems
[15.860s] INFO:colcon.colcon_core.plugin_system:Skipping extension 'colcon_notification.desktop_notification.win32': Not used on non-Windows systems
[15.861s] INFO:colcon.colcon_notification.desktop_notification:Sending desktop notification using 'notify2'
[16.096s] DEBUG:colcon.colcon_core.event_reactor:joined thread
[16.106s] INFO:colcon.colcon_core.shell:Creating prefix script '/home/rpi/ros-projects/dev_pi_communicate/install/local_setup.ps1'
[16.121s] INFO:colcon.colcon_core.shell:Creating prefix util module '/home/rpi/ros-projects/dev_pi_communicate/install/_local_setup_util_ps1.py'
[16.130s] INFO:colcon.colcon_core.shell:Creating prefix chain script '/home/rpi/ros-projects/dev_pi_communicate/install/setup.ps1'
[16.141s] INFO:colcon.colcon_core.shell:Creating prefix script '/home/rpi/ros-projects/dev_pi_communicate/install/local_setup.sh'
[16.147s] INFO:colcon.colcon_core.shell:Creating prefix util module '/home/rpi/ros-projects/dev_pi_communicate/install/_local_setup_util_sh.py'
[16.151s] INFO:colcon.colcon_core.shell:Creating prefix chain script '/home/rpi/ros-projects/dev_pi_communicate/install/setup.sh'
[16.173s] INFO:colcon.colcon_core.shell:Creating prefix script '/home/rpi/ros-projects/dev_pi_communicate/install/local_setup.bash'
[16.183s] INFO:colcon.colcon_core.shell:Creating prefix chain script '/home/rpi/ros-projects/dev_pi_communicate/install/setup.bash'
[16.202s] INFO:colcon.colcon_core.shell:Creating prefix script '/home/rpi/ros-projects/dev_pi_communicate/install/local_setup.zsh'
[16.211s] INFO:colcon.colcon_core.shell:Creating prefix chain script '/home/rpi/ros-projects/dev_pi_communicate/install/setup.zsh'
