[1.452s] DEBUG:colcon:Command line arguments: ['/usr/bin/colcon', 'build', '--symlink-install']
[1.453s] DEBUG:colcon:Parsed command line arguments: Namespace(log_base=None, log_level=None, verb_name='build', build_base='build', install_base='install', merge_install=False, symlink_install=True, test_result_base=None, continue_on_error=False, executor='parallel', parallel_workers=4, event_handlers=None, ignore_user_meta=False, metas=['./colcon.meta'], base_paths=['.'], packages_ignore=None, packages_ignore_regex=None, paths=None, packages_up_to=None, packages_up_to_regex=None, packages_above=None, packages_above_and_dependencies=None, packages_above_depth=None, packages_select_by_dep=None, packages_skip_by_dep=None, packages_skip_up_to=None, packages_select_build_failed=False, packages_skip_build_finished=False, packages_select_test_failures=False, packages_skip_test_passed=False, packages_select=None, packages_skip=None, packages_select_regex=None, packages_skip_regex=None, packages_start=None, packages_end=None, allow_overriding=[], cmake_args=None, cmake_target=None, cmake_target_skip_unavailable=False, cmake_clean_cache=False, cmake_clean_first=False, cmake_force_configure=False, ament_cmake_args=None, catkin_cmake_args=None, catkin_skip_building_tests=False, verb_parser=<colcon_defaults.argument_parser.defaults.DefaultArgumentsDecorator object at 0xffffb005d5a0>, verb_extension=<colcon_core.verb.build.BuildVerb object at 0xffffaff7f160>, main=<bound method BuildVerb.main of <colcon_core.verb.build.BuildVerb object at 0xffffaff7f160>>)
[1.588s] Level 1:colcon.colcon_core.package_discovery:discover_packages(colcon_meta) check parameters
[1.589s] Level 1:colcon.colcon_core.package_discovery:discover_packages(recursive) check parameters
[1.589s] Level 1:colcon.colcon_core.package_discovery:discover_packages(ignore) check parameters
[1.589s] Level 1:colcon.colcon_core.package_discovery:discover_packages(path) check parameters
[1.589s] Level 1:colcon.colcon_core.package_discovery:discover_packages(colcon_meta) discover
[1.589s] Level 1:colcon.colcon_core.package_discovery:discover_packages(recursive) discover
[1.590s] INFO:colcon.colcon_core.package_discovery:Crawling recursively for packages in '/home/rpi/ros-projects/dev_pi_communicate'
[1.590s] Level 1:colcon.colcon_core.package_identification:_identify(.) by extensions ['ignore', 'ignore_ament_install']
[1.591s] Level 1:colcon.colcon_core.package_identification:_identify(.) by extension 'ignore'
[1.591s] Level 1:colcon.colcon_core.package_identification:_identify(.) by extension 'ignore_ament_install'
[1.591s] Level 1:colcon.colcon_core.package_identification:_identify(.) by extensions ['colcon_pkg']
[1.591s] Level 1:colcon.colcon_core.package_identification:_identify(.) by extension 'colcon_pkg'
[1.592s] Level 1:colcon.colcon_core.package_identification:_identify(.) by extensions ['colcon_meta']
[1.592s] Level 1:colcon.colcon_core.package_identification:_identify(.) by extension 'colcon_meta'
[1.592s] Level 1:colcon.colcon_core.package_identification:_identify(.) by extensions ['ros']
[1.592s] Level 1:colcon.colcon_core.package_identification:_identify(.) by extension 'ros'
[1.639s] Level 1:colcon.colcon_core.package_identification:_identify(.) by extensions ['cmake', 'python']
[1.640s] Level 1:colcon.colcon_core.package_identification:_identify(.) by extension 'cmake'
[1.640s] Level 1:colcon.colcon_core.package_identification:_identify(.) by extension 'python'
[1.640s] Level 1:colcon.colcon_core.package_identification:_identify(.) by extensions ['python_setup_py']
[1.640s] Level 1:colcon.colcon_core.package_identification:_identify(.) by extension 'python_setup_py'
[1.641s] Level 1:colcon.colcon_core.package_identification:_identify(build) by extensions ['ignore', 'ignore_ament_install']
[1.641s] Level 1:colcon.colcon_core.package_identification:_identify(build) by extension 'ignore'
[1.641s] Level 1:colcon.colcon_core.package_identification:_identify(build) ignored
[1.642s] Level 1:colcon.colcon_core.package_identification:_identify(install) by extensions ['ignore', 'ignore_ament_install']
[1.642s] Level 1:colcon.colcon_core.package_identification:_identify(install) by extension 'ignore'
[1.642s] Level 1:colcon.colcon_core.package_identification:_identify(install) ignored
[1.643s] Level 1:colcon.colcon_core.package_identification:_identify(log) by extensions ['ignore', 'ignore_ament_install']
[1.644s] Level 1:colcon.colcon_core.package_identification:_identify(log) by extension 'ignore'
[1.644s] Level 1:colcon.colcon_core.package_identification:_identify(log) ignored
[1.644s] Level 1:colcon.colcon_core.package_identification:_identify(src) by extensions ['ignore', 'ignore_ament_install']
[1.644s] Level 1:colcon.colcon_core.package_identification:_identify(src) by extension 'ignore'
[1.644s] Level 1:colcon.colcon_core.package_identification:_identify(src) by extension 'ignore_ament_install'
[1.645s] Level 1:colcon.colcon_core.package_identification:_identify(src) by extensions ['colcon_pkg']
[1.645s] Level 1:colcon.colcon_core.package_identification:_identify(src) by extension 'colcon_pkg'
[1.645s] Level 1:colcon.colcon_core.package_identification:_identify(src) by extensions ['colcon_meta']
[1.645s] Level 1:colcon.colcon_core.package_identification:_identify(src) by extension 'colcon_meta'
[1.645s] Level 1:colcon.colcon_core.package_identification:_identify(src) by extensions ['ros']
[1.645s] Level 1:colcon.colcon_core.package_identification:_identify(src) by extension 'ros'
[1.646s] Level 1:colcon.colcon_core.package_identification:_identify(src) by extensions ['cmake', 'python']
[1.646s] Level 1:colcon.colcon_core.package_identification:_identify(src) by extension 'cmake'
[1.646s] Level 1:colcon.colcon_core.package_identification:_identify(src) by extension 'python'
[1.646s] Level 1:colcon.colcon_core.package_identification:_identify(src) by extensions ['python_setup_py']
[1.646s] Level 1:colcon.colcon_core.package_identification:_identify(src) by extension 'python_setup_py'
[1.647s] Level 1:colcon.colcon_core.package_identification:_identify(src/dev_pi_communicate) by extensions ['ignore', 'ignore_ament_install']
[1.647s] Level 1:colcon.colcon_core.package_identification:_identify(src/dev_pi_communicate) by extension 'ignore'
[1.647s] Level 1:colcon.colcon_core.package_identification:_identify(src/dev_pi_communicate) by extension 'ignore_ament_install'
[1.647s] Level 1:colcon.colcon_core.package_identification:_identify(src/dev_pi_communicate) by extensions ['colcon_pkg']
[1.648s] Level 1:colcon.colcon_core.package_identification:_identify(src/dev_pi_communicate) by extension 'colcon_pkg'
[1.648s] Level 1:colcon.colcon_core.package_identification:_identify(src/dev_pi_communicate) by extensions ['colcon_meta']
[1.648s] Level 1:colcon.colcon_core.package_identification:_identify(src/dev_pi_communicate) by extension 'colcon_meta'
[1.648s] Level 1:colcon.colcon_core.package_identification:_identify(src/dev_pi_communicate) by extensions ['ros']
[1.648s] Level 1:colcon.colcon_core.package_identification:_identify(src/dev_pi_communicate) by extension 'ros'
[1.659s] DEBUG:colcon.colcon_core.package_identification:Found ROS schema reference in package manifest in 'src/dev_pi_communicate'
[1.659s] WARNING:colcon.colcon_core.package_identification:Failed to parse ROS package manifest in 'src/dev_pi_communicate': Error(s) in package 'src/dev_pi_communicate/package.xml':
Error(s):
- The generic dependency on 'sys' is redundant with: build_depend, build_export_depend, exec_depend
[1.660s] Level 1:colcon.colcon_core.package_identification:_identify(src/dev_pi_communicate) by extensions ['cmake', 'python']
[1.660s] Level 1:colcon.colcon_core.package_identification:_identify(src/dev_pi_communicate) by extension 'cmake'
[1.660s] Level 1:colcon.colcon_core.package_identification:_identify(src/dev_pi_communicate) by extension 'python'
[1.661s] DEBUG:colcon.colcon_core.package_identification:Python package in 'src/dev_pi_communicate' passes arguments to the setup() function which requires a different identification extension than 'python'
[1.661s] Level 1:colcon.colcon_core.package_identification:_identify(src/dev_pi_communicate) by extensions ['python_setup_py']
[1.661s] Level 1:colcon.colcon_core.package_identification:_identify(src/dev_pi_communicate) by extension 'python_setup_py'
[2.849s] DEBUG:colcon.colcon_core.package_identification:Package 'src/dev_pi_communicate' with type 'python' and name 'dev_pi_communicate'
[2.849s] Level 1:colcon.colcon_core.package_discovery:discover_packages(recursive) using defaults
[2.849s] Level 1:colcon.colcon_core.package_discovery:discover_packages(ignore) discover
[2.849s] Level 1:colcon.colcon_core.package_discovery:discover_packages(ignore) using defaults
[2.850s] Level 1:colcon.colcon_core.package_discovery:discover_packages(path) discover
[2.850s] Level 1:colcon.colcon_core.package_discovery:discover_packages(path) using defaults
[2.946s] Level 1:colcon.colcon_core.package_discovery:discover_packages(prefix_path) check parameters
[2.947s] Level 1:colcon.colcon_core.package_discovery:discover_packages(prefix_path) discover
[2.961s] DEBUG:colcon.colcon_installed_package_information.package_discovery:Found 3 installed packages in /home/rpi/ros-projects/dev_pi_communicate/install
[2.965s] DEBUG:colcon.colcon_installed_package_information.package_discovery:Found 3 installed packages in /home/rpi/ws/install
[2.976s] DEBUG:colcon.colcon_installed_package_information.package_discovery:Found 285 installed packages in /opt/ros/humble
[2.983s] Level 1:colcon.colcon_core.package_discovery:discover_packages(prefix_path) using defaults
[3.257s] Level 5:colcon.colcon_core.verb:set package 'dev_pi_communicate' build argument 'cmake_args' from command line to 'None'
[3.257s] Level 5:colcon.colcon_core.verb:set package 'dev_pi_communicate' build argument 'cmake_target' from command line to 'None'
[3.258s] Level 5:colcon.colcon_core.verb:set package 'dev_pi_communicate' build argument 'cmake_target_skip_unavailable' from command line to 'False'
[3.258s] Level 5:colcon.colcon_core.verb:set package 'dev_pi_communicate' build argument 'cmake_clean_cache' from command line to 'False'
[3.258s] Level 5:colcon.colcon_core.verb:set package 'dev_pi_communicate' build argument 'cmake_clean_first' from command line to 'False'
[3.258s] Level 5:colcon.colcon_core.verb:set package 'dev_pi_communicate' build argument 'cmake_force_configure' from command line to 'False'
[3.258s] Level 5:colcon.colcon_core.verb:set package 'dev_pi_communicate' build argument 'ament_cmake_args' from command line to 'None'
[3.258s] Level 5:colcon.colcon_core.verb:set package 'dev_pi_communicate' build argument 'catkin_cmake_args' from command line to 'None'
[3.258s] Level 5:colcon.colcon_core.verb:set package 'dev_pi_communicate' build argument 'catkin_skip_building_tests' from command line to 'False'
[3.258s] DEBUG:colcon.colcon_core.verb:Building package 'dev_pi_communicate' with the following arguments: {'ament_cmake_args': None, 'build_base': '/home/rpi/ros-projects/dev_pi_communicate/build/dev_pi_communicate', 'catkin_cmake_args': None, 'catkin_skip_building_tests': False, 'cmake_args': None, 'cmake_clean_cache': False, 'cmake_clean_first': False, 'cmake_force_configure': False, 'cmake_target': None, 'cmake_target_skip_unavailable': False, 'install_base': '/home/rpi/ros-projects/dev_pi_communicate/install/dev_pi_communicate', 'merge_install': False, 'path': '/home/rpi/ros-projects/dev_pi_communicate/src/dev_pi_communicate', 'symlink_install': True, 'test_result_base': None}
[3.261s] INFO:colcon.colcon_core.executor:Executing jobs using 'parallel' executor
[3.273s] DEBUG:colcon.colcon_parallel_executor.executor.parallel:run_until_complete
[3.274s] INFO:colcon.colcon_core.task.python.build:Building Python package in '/home/rpi/ros-projects/dev_pi_communicate/src/dev_pi_communicate'
[3.293s] INFO:colcon.colcon_core.plugin_system:Skipping extension 'colcon_core.shell.bat': Not used on non-Windows systems
[3.294s] INFO:colcon.colcon_core.shell:Skip shell extension 'powershell' for command environment: Not usable outside of PowerShell
[3.295s] DEBUG:colcon.colcon_core.shell:Skip shell extension 'dsv' for command environment
[6.127s] DEBUG:colcon.colcon_core.event_handler.log_command:Invoking command in '/home/rpi/ros-projects/dev_pi_communicate/build/dev_pi_communicate': PYTHONPATH=/home/rpi/ros-projects/dev_pi_communicate/build/dev_pi_communicate/prefix_override:/home/rpi/ros-projects/dev_pi_communicate/install/dev_pi_communicate/lib/python3.10/site-packages:${PYTHONPATH} /usr/bin/python3 setup.py develop --editable --build-directory /home/rpi/ros-projects/dev_pi_communicate/build/dev_pi_communicate/build --no-deps install_data
[8.310s] Level 1:colcon.colcon_core.shell:create_environment_hook('dev_pi_communicate', 'pythonpath_develop')
[8.315s] INFO:colcon.colcon_core.shell:Creating environment hook '/home/rpi/ros-projects/dev_pi_communicate/build/dev_pi_communicate/share/dev_pi_communicate/hook/pythonpath_develop.ps1'
[8.316s] DEBUG:colcon.colcon_core.event_handler.log_command:Invoked command in '/home/rpi/ros-projects/dev_pi_communicate/build/dev_pi_communicate' returned '0': PYTHONPATH=/home/rpi/ros-projects/dev_pi_communicate/build/dev_pi_communicate/prefix_override:/home/rpi/ros-projects/dev_pi_communicate/install/dev_pi_communicate/lib/python3.10/site-packages:${PYTHONPATH} /usr/bin/python3 setup.py develop --editable --build-directory /home/rpi/ros-projects/dev_pi_communicate/build/dev_pi_communicate/build --no-deps install_data
[8.320s] INFO:colcon.colcon_core.shell:Creating environment descriptor '/home/rpi/ros-projects/dev_pi_communicate/build/dev_pi_communicate/share/dev_pi_communicate/hook/pythonpath_develop.dsv'
[8.322s] INFO:colcon.colcon_core.shell:Creating environment hook '/home/rpi/ros-projects/dev_pi_communicate/build/dev_pi_communicate/share/dev_pi_communicate/hook/pythonpath_develop.sh'
[8.347s] Level 1:colcon.colcon_core.environment:checking '/home/rpi/ros-projects/dev_pi_communicate/install/dev_pi_communicate' for CMake module files
[8.350s] Level 1:colcon.colcon_core.environment:checking '/home/rpi/ros-projects/dev_pi_communicate/install/dev_pi_communicate' for CMake config files
[8.353s] Level 1:colcon.colcon_core.environment:checking '/home/rpi/ros-projects/dev_pi_communicate/install/dev_pi_communicate/lib'
[8.354s] Level 1:colcon.colcon_core.environment:checking '/home/rpi/ros-projects/dev_pi_communicate/install/dev_pi_communicate/bin'
[8.354s] Level 1:colcon.colcon_core.environment:checking '/home/rpi/ros-projects/dev_pi_communicate/install/dev_pi_communicate/lib/pkgconfig/dev_pi_communicate.pc'
[8.355s] Level 1:colcon.colcon_core.environment:checking '/home/rpi/ros-projects/dev_pi_communicate/install/dev_pi_communicate/lib/python3.10/site-packages'
[8.355s] Level 1:colcon.colcon_core.shell:create_environment_hook('dev_pi_communicate', 'pythonpath')
[8.360s] INFO:colcon.colcon_core.shell:Creating environment hook '/home/rpi/ros-projects/dev_pi_communicate/install/dev_pi_communicate/share/dev_pi_communicate/hook/pythonpath.ps1'
[8.362s] INFO:colcon.colcon_core.shell:Creating environment descriptor '/home/rpi/ros-projects/dev_pi_communicate/install/dev_pi_communicate/share/dev_pi_communicate/hook/pythonpath.dsv'
[8.364s] INFO:colcon.colcon_core.shell:Creating environment hook '/home/rpi/ros-projects/dev_pi_communicate/install/dev_pi_communicate/share/dev_pi_communicate/hook/pythonpath.sh'
[8.366s] Level 1:colcon.colcon_core.environment:checking '/home/rpi/ros-projects/dev_pi_communicate/install/dev_pi_communicate/bin'
[8.367s] Level 1:colcon.colcon_core.environment:create_environment_scripts_only(dev_pi_communicate)
[8.372s] INFO:colcon.colcon_core.shell:Creating package script '/home/rpi/ros-projects/dev_pi_communicate/install/dev_pi_communicate/share/dev_pi_communicate/package.ps1'
[8.375s] INFO:colcon.colcon_core.shell:Creating package descriptor '/home/rpi/ros-projects/dev_pi_communicate/install/dev_pi_communicate/share/dev_pi_communicate/package.dsv'
[8.378s] INFO:colcon.colcon_core.shell:Creating package script '/home/rpi/ros-projects/dev_pi_communicate/install/dev_pi_communicate/share/dev_pi_communicate/package.sh'
[8.381s] INFO:colcon.colcon_core.shell:Creating package script '/home/rpi/ros-projects/dev_pi_communicate/install/dev_pi_communicate/share/dev_pi_communicate/package.bash'
[8.384s] INFO:colcon.colcon_core.shell:Creating package script '/home/rpi/ros-projects/dev_pi_communicate/install/dev_pi_communicate/share/dev_pi_communicate/package.zsh'
[8.387s] Level 1:colcon.colcon_core.environment:create_file_with_runtime_dependencies(/home/rpi/ros-projects/dev_pi_communicate/install/dev_pi_communicate/share/colcon-core/packages/dev_pi_communicate)
[8.388s] DEBUG:colcon.colcon_parallel_executor.executor.parallel:closing loop
[8.389s] DEBUG:colcon.colcon_parallel_executor.executor.parallel:loop closed
[8.390s] DEBUG:colcon.colcon_parallel_executor.executor.parallel:run_until_complete finished with '0'
[8.390s] DEBUG:colcon.colcon_core.event_reactor:joining thread
[8.414s] INFO:colcon.colcon_core.plugin_system:Skipping extension 'colcon_notification.desktop_notification.terminal_notifier': Not used on non-Darwin systems
[8.415s] INFO:colcon.colcon_core.plugin_system:Skipping extension 'colcon_notification.desktop_notification.win32': Not used on non-Windows systems
[8.415s] INFO:colcon.colcon_notification.desktop_notification:Sending desktop notification using 'notify2'
[8.476s] DEBUG:colcon.colcon_core.event_reactor:joined thread
[8.482s] INFO:colcon.colcon_core.shell:Creating prefix script '/home/rpi/ros-projects/dev_pi_communicate/install/local_setup.ps1'
[8.486s] INFO:colcon.colcon_core.shell:Creating prefix util module '/home/rpi/ros-projects/dev_pi_communicate/install/_local_setup_util_ps1.py'
[8.491s] INFO:colcon.colcon_core.shell:Creating prefix chain script '/home/rpi/ros-projects/dev_pi_communicate/install/setup.ps1'
[8.499s] INFO:colcon.colcon_core.shell:Creating prefix script '/home/rpi/ros-projects/dev_pi_communicate/install/local_setup.sh'
[8.502s] INFO:colcon.colcon_core.shell:Creating prefix util module '/home/rpi/ros-projects/dev_pi_communicate/install/_local_setup_util_sh.py'
[8.505s] INFO:colcon.colcon_core.shell:Creating prefix chain script '/home/rpi/ros-projects/dev_pi_communicate/install/setup.sh'
[8.516s] INFO:colcon.colcon_core.shell:Creating prefix script '/home/rpi/ros-projects/dev_pi_communicate/install/local_setup.bash'
[8.520s] INFO:colcon.colcon_core.shell:Creating prefix chain script '/home/rpi/ros-projects/dev_pi_communicate/install/setup.bash'
[8.530s] INFO:colcon.colcon_core.shell:Creating prefix script '/home/rpi/ros-projects/dev_pi_communicate/install/local_setup.zsh'
[8.533s] INFO:colcon.colcon_core.shell:Creating prefix chain script '/home/rpi/ros-projects/dev_pi_communicate/install/setup.zsh'
