running develop
running egg_info
creating camera.egg-info
writing camera.egg-info/PKG-INFO
writing dependency_links to camera.egg-info/dependency_links.txt
writing entry points to camera.egg-info/entry_points.txt
writing requirements to camera.egg-info/requires.txt
writing top-level names to camera.egg-info/top_level.txt
writing manifest file 'camera.egg-info/SOURCES.txt'
reading manifest file 'camera.egg-info/SOURCES.txt'
writing manifest file 'camera.egg-info/SOURCES.txt'
running build_ext
Creating /home/kuns/ROS_projects/dev_pi_communicate/install/camera/lib/python3.10/site-packages/camera.egg-link (link to .)
Installing camera_node script to /home/kuns/ROS_projects/dev_pi_communicate/install/camera/lib/camera
Installing obj_track_node script to /home/kuns/ROS_projects/dev_pi_communicate/install/camera/lib/camera

Installed /home/kuns/ROS_projects/dev_pi_communicate/build/camera
running install_data
creating /home/kuns/ROS_projects/dev_pi_communicate/install/camera/share/ament_index
creating /home/kuns/ROS_projects/dev_pi_communicate/install/camera/share/ament_index/resource_index
creating /home/kuns/ROS_projects/dev_pi_communicate/install/camera/share/ament_index/resource_index/packages
copying resource/camera -> /home/kuns/ROS_projects/dev_pi_communicate/install/camera/share/ament_index/resource_index/packages
copying package.xml -> /home/kuns/ROS_projects/dev_pi_communicate/install/camera/share/camera
