[3.706s] DEBUG:colcon:Command line arguments: ['/usr/bin/colcon', 'build', '--symlink-install']
[3.706s] DEBUG:colcon:Parsed command line arguments: Namespace(log_base=None, log_level=None, verb_name='build', build_base='build', install_base='install', merge_install=False, symlink_install=True, test_result_base=None, continue_on_error=False, executor='parallel', parallel_workers=4, event_handlers=None, ignore_user_meta=False, metas=['./colcon.meta'], base_paths=['.'], packages_ignore=None, packages_ignore_regex=None, paths=None, packages_up_to=None, packages_up_to_regex=None, packages_above=None, packages_above_and_dependencies=None, packages_above_depth=None, packages_select_by_dep=None, packages_skip_by_dep=None, packages_skip_up_to=None, packages_select_build_failed=False, packages_skip_build_finished=False, packages_select_test_failures=False, packages_skip_test_passed=False, packages_select=None, packages_skip=None, packages_select_regex=None, packages_skip_regex=None, packages_start=None, packages_end=None, allow_overriding=[], cmake_args=None, cmake_target=None, cmake_target_skip_unavailable=False, cmake_clean_cache=False, cmake_clean_first=False, cmake_force_configure=False, ament_cmake_args=None, catkin_cmake_args=None, catkin_skip_building_tests=False, verb_parser=<colcon_defaults.argument_parser.defaults.DefaultArgumentsDecorator object at 0x7f19363a2f80>, verb_extension=<colcon_core.verb.build.BuildVerb object at 0x7f19363a2170>, main=<bound method BuildVerb.main of <colcon_core.verb.build.BuildVerb object at 0x7f19363a2170>>)
[3.864s] Level 1:colcon.colcon_core.package_discovery:discover_packages(colcon_meta) check parameters
[3.864s] Level 1:colcon.colcon_core.package_discovery:discover_packages(recursive) check parameters
[3.864s] Level 1:colcon.colcon_core.package_discovery:discover_packages(ignore) check parameters
[3.864s] Level 1:colcon.colcon_core.package_discovery:discover_packages(path) check parameters
[3.865s] Level 1:colcon.colcon_core.package_discovery:discover_packages(colcon_meta) discover
[3.865s] Level 1:colcon.colcon_core.package_discovery:discover_packages(recursive) discover
[3.865s] INFO:colcon.colcon_core.package_discovery:Crawling recursively for packages in '/home/kuns/ROS_projects/dev_pi_communicate'
[3.865s] Level 1:colcon.colcon_core.package_identification:_identify(.) by extensions ['ignore', 'ignore_ament_install']
[3.865s] Level 1:colcon.colcon_core.package_identification:_identify(.) by extension 'ignore'
[3.866s] Level 1:colcon.colcon_core.package_identification:_identify(.) by extension 'ignore_ament_install'
[3.866s] Level 1:colcon.colcon_core.package_identification:_identify(.) by extensions ['colcon_pkg']
[3.866s] Level 1:colcon.colcon_core.package_identification:_identify(.) by extension 'colcon_pkg'
[3.866s] Level 1:colcon.colcon_core.package_identification:_identify(.) by extensions ['colcon_meta']
[3.866s] Level 1:colcon.colcon_core.package_identification:_identify(.) by extension 'colcon_meta'
[3.866s] Level 1:colcon.colcon_core.package_identification:_identify(.) by extensions ['ros']
[3.866s] Level 1:colcon.colcon_core.package_identification:_identify(.) by extension 'ros'
[3.905s] Level 1:colcon.colcon_core.package_identification:_identify(.) by extensions ['cmake', 'python']
[3.905s] Level 1:colcon.colcon_core.package_identification:_identify(.) by extension 'cmake'
[3.905s] Level 1:colcon.colcon_core.package_identification:_identify(.) by extension 'python'
[3.905s] Level 1:colcon.colcon_core.package_identification:_identify(.) by extensions ['python_setup_py']
[3.905s] Level 1:colcon.colcon_core.package_identification:_identify(.) by extension 'python_setup_py'
[3.905s] Level 1:colcon.colcon_core.package_identification:_identify(build) by extensions ['ignore', 'ignore_ament_install']
[3.906s] Level 1:colcon.colcon_core.package_identification:_identify(build) by extension 'ignore'
[3.906s] Level 1:colcon.colcon_core.package_identification:_identify(build) ignored
[3.906s] Level 1:colcon.colcon_core.package_identification:_identify(install) by extensions ['ignore', 'ignore_ament_install']
[3.907s] Level 1:colcon.colcon_core.package_identification:_identify(install) by extension 'ignore'
[3.907s] Level 1:colcon.colcon_core.package_identification:_identify(install) ignored
[3.907s] Level 1:colcon.colcon_core.package_identification:_identify(log) by extensions ['ignore', 'ignore_ament_install']
[3.907s] Level 1:colcon.colcon_core.package_identification:_identify(log) by extension 'ignore'
[3.907s] Level 1:colcon.colcon_core.package_identification:_identify(log) ignored
[3.908s] Level 1:colcon.colcon_core.package_identification:_identify(src) by extensions ['ignore', 'ignore_ament_install']
[3.908s] Level 1:colcon.colcon_core.package_identification:_identify(src) by extension 'ignore'
[3.908s] Level 1:colcon.colcon_core.package_identification:_identify(src) by extension 'ignore_ament_install'
[3.908s] Level 1:colcon.colcon_core.package_identification:_identify(src) by extensions ['colcon_pkg']
[3.908s] Level 1:colcon.colcon_core.package_identification:_identify(src) by extension 'colcon_pkg'
[3.908s] Level 1:colcon.colcon_core.package_identification:_identify(src) by extensions ['colcon_meta']
[3.908s] Level 1:colcon.colcon_core.package_identification:_identify(src) by extension 'colcon_meta'
[3.909s] Level 1:colcon.colcon_core.package_identification:_identify(src) by extensions ['ros']
[3.909s] Level 1:colcon.colcon_core.package_identification:_identify(src) by extension 'ros'
[3.909s] Level 1:colcon.colcon_core.package_identification:_identify(src) by extensions ['cmake', 'python']
[3.909s] Level 1:colcon.colcon_core.package_identification:_identify(src) by extension 'cmake'
[3.909s] Level 1:colcon.colcon_core.package_identification:_identify(src) by extension 'python'
[3.909s] Level 1:colcon.colcon_core.package_identification:_identify(src) by extensions ['python_setup_py']
[3.909s] Level 1:colcon.colcon_core.package_identification:_identify(src) by extension 'python_setup_py'
[3.910s] Level 1:colcon.colcon_core.package_identification:_identify(src/dev_pi_communicate) by extensions ['ignore', 'ignore_ament_install']
[3.910s] Level 1:colcon.colcon_core.package_identification:_identify(src/dev_pi_communicate) by extension 'ignore'
[3.910s] Level 1:colcon.colcon_core.package_identification:_identify(src/dev_pi_communicate) by extension 'ignore_ament_install'
[3.910s] Level 1:colcon.colcon_core.package_identification:_identify(src/dev_pi_communicate) by extensions ['colcon_pkg']
[3.910s] Level 1:colcon.colcon_core.package_identification:_identify(src/dev_pi_communicate) by extension 'colcon_pkg'
[3.910s] Level 1:colcon.colcon_core.package_identification:_identify(src/dev_pi_communicate) by extensions ['colcon_meta']
[3.910s] Level 1:colcon.colcon_core.package_identification:_identify(src/dev_pi_communicate) by extension 'colcon_meta'
[3.910s] Level 1:colcon.colcon_core.package_identification:_identify(src/dev_pi_communicate) by extensions ['ros']
[3.911s] Level 1:colcon.colcon_core.package_identification:_identify(src/dev_pi_communicate) by extension 'ros'
[3.920s] DEBUG:colcon.colcon_core.package_identification:Package 'src/dev_pi_communicate' with type 'ros.ament_python' and name 'dev_pi_communicate'
[3.920s] Level 1:colcon.colcon_core.package_discovery:discover_packages(recursive) using defaults
[3.920s] Level 1:colcon.colcon_core.package_discovery:discover_packages(ignore) discover
[3.921s] Level 1:colcon.colcon_core.package_discovery:discover_packages(ignore) using defaults
[3.921s] Level 1:colcon.colcon_core.package_discovery:discover_packages(path) discover
[3.921s] Level 1:colcon.colcon_core.package_discovery:discover_packages(path) using defaults
[4.239s] Level 1:colcon.colcon_core.package_discovery:discover_packages(prefix_path) check parameters
[4.240s] Level 1:colcon.colcon_core.package_discovery:discover_packages(prefix_path) discover
[4.349s] DEBUG:colcon.colcon_installed_package_information.package_discovery:Found 359 installed packages in /opt/ros/humble
[4.356s] Level 1:colcon.colcon_core.package_discovery:discover_packages(prefix_path) using defaults
[4.759s] Level 5:colcon.colcon_core.verb:set package 'dev_pi_communicate' build argument 'cmake_args' from command line to 'None'
[4.759s] Level 5:colcon.colcon_core.verb:set package 'dev_pi_communicate' build argument 'cmake_target' from command line to 'None'
[4.759s] Level 5:colcon.colcon_core.verb:set package 'dev_pi_communicate' build argument 'cmake_target_skip_unavailable' from command line to 'False'
[4.759s] Level 5:colcon.colcon_core.verb:set package 'dev_pi_communicate' build argument 'cmake_clean_cache' from command line to 'False'
[4.759s] Level 5:colcon.colcon_core.verb:set package 'dev_pi_communicate' build argument 'cmake_clean_first' from command line to 'False'
[4.759s] Level 5:colcon.colcon_core.verb:set package 'dev_pi_communicate' build argument 'cmake_force_configure' from command line to 'False'
[4.759s] Level 5:colcon.colcon_core.verb:set package 'dev_pi_communicate' build argument 'ament_cmake_args' from command line to 'None'
[4.759s] Level 5:colcon.colcon_core.verb:set package 'dev_pi_communicate' build argument 'catkin_cmake_args' from command line to 'None'
[4.760s] Level 5:colcon.colcon_core.verb:set package 'dev_pi_communicate' build argument 'catkin_skip_building_tests' from command line to 'False'
[4.760s] DEBUG:colcon.colcon_core.verb:Building package 'dev_pi_communicate' with the following arguments: {'ament_cmake_args': None, 'build_base': '/home/kuns/ROS_projects/dev_pi_communicate/build/dev_pi_communicate', 'catkin_cmake_args': None, 'catkin_skip_building_tests': False, 'cmake_args': None, 'cmake_clean_cache': False, 'cmake_clean_first': False, 'cmake_force_configure': False, 'cmake_target': None, 'cmake_target_skip_unavailable': False, 'install_base': '/home/kuns/ROS_projects/dev_pi_communicate/install/dev_pi_communicate', 'merge_install': False, 'path': '/home/kuns/ROS_projects/dev_pi_communicate/src/dev_pi_communicate', 'symlink_install': True, 'test_result_base': None}
[4.808s] INFO:colcon.colcon_core.executor:Executing jobs using 'parallel' executor
[4.861s] DEBUG:colcon.colcon_parallel_executor.executor.parallel:run_until_complete
[4.862s] INFO:colcon.colcon_ros.task.ament_python.build:Building ROS package in '/home/kuns/ROS_projects/dev_pi_communicate/src/dev_pi_communicate' with build type 'ament_python'
[4.862s] Level 1:colcon.colcon_core.shell:create_environment_hook('dev_pi_communicate', 'ament_prefix_path')
[4.929s] INFO:colcon.colcon_core.plugin_system:Skipping extension 'colcon_core.shell.bat': Not used on non-Windows systems
[4.930s] INFO:colcon.colcon_core.shell:Creating environment hook '/home/kuns/ROS_projects/dev_pi_communicate/install/dev_pi_communicate/share/dev_pi_communicate/hook/ament_prefix_path.ps1'
[4.932s] INFO:colcon.colcon_core.shell:Creating environment descriptor '/home/kuns/ROS_projects/dev_pi_communicate/install/dev_pi_communicate/share/dev_pi_communicate/hook/ament_prefix_path.dsv'
[4.933s] INFO:colcon.colcon_core.shell:Creating environment hook '/home/kuns/ROS_projects/dev_pi_communicate/install/dev_pi_communicate/share/dev_pi_communicate/hook/ament_prefix_path.sh'
[4.987s] INFO:colcon.colcon_core.shell:Skip shell extension 'powershell' for command environment: Not usable outside of PowerShell
[4.987s] DEBUG:colcon.colcon_core.shell:Skip shell extension 'dsv' for command environment
[5.989s] INFO:colcon.colcon_core.task.python.build:Building Python package in '/home/kuns/ROS_projects/dev_pi_communicate/src/dev_pi_communicate'
[6.044s] INFO:colcon.colcon_core.shell:Skip shell extension 'powershell' for command environment: Not usable outside of PowerShell
[6.044s] DEBUG:colcon.colcon_core.shell:Skip shell extension 'dsv' for command environment
[7.375s] DEBUG:colcon.colcon_core.event_handler.log_command:Invoking command in '/home/kuns/ROS_projects/dev_pi_communicate/build/dev_pi_communicate': PYTHONPATH=/home/kuns/ROS_projects/dev_pi_communicate/build/dev_pi_communicate/prefix_override:/home/kuns/ROS_projects/dev_pi_communicate/install/dev_pi_communicate/lib/python3.10/site-packages:${PYTHONPATH} /usr/bin/python3 setup.py develop --editable --build-directory /home/kuns/ROS_projects/dev_pi_communicate/build/dev_pi_communicate/build --no-deps install_data
[8.958s] Level 1:colcon.colcon_core.shell:create_environment_hook('dev_pi_communicate', 'pythonpath_develop')
[8.960s] DEBUG:colcon.colcon_core.event_handler.log_command:Invoked command in '/home/kuns/ROS_projects/dev_pi_communicate/build/dev_pi_communicate' returned '0': PYTHONPATH=/home/kuns/ROS_projects/dev_pi_communicate/build/dev_pi_communicate/prefix_override:/home/kuns/ROS_projects/dev_pi_communicate/install/dev_pi_communicate/lib/python3.10/site-packages:${PYTHONPATH} /usr/bin/python3 setup.py develop --editable --build-directory /home/kuns/ROS_projects/dev_pi_communicate/build/dev_pi_communicate/build --no-deps install_data
[9.049s] INFO:colcon.colcon_core.shell:Creating environment hook '/home/kuns/ROS_projects/dev_pi_communicate/build/dev_pi_communicate/share/dev_pi_communicate/hook/pythonpath_develop.ps1'
[9.054s] INFO:colcon.colcon_core.shell:Creating environment descriptor '/home/kuns/ROS_projects/dev_pi_communicate/build/dev_pi_communicate/share/dev_pi_communicate/hook/pythonpath_develop.dsv'
[9.055s] INFO:colcon.colcon_core.shell:Creating environment hook '/home/kuns/ROS_projects/dev_pi_communicate/build/dev_pi_communicate/share/dev_pi_communicate/hook/pythonpath_develop.sh'
[9.132s] Level 1:colcon.colcon_core.environment:checking '/home/kuns/ROS_projects/dev_pi_communicate/install/dev_pi_communicate' for CMake module files
[9.134s] Level 1:colcon.colcon_core.environment:checking '/home/kuns/ROS_projects/dev_pi_communicate/install/dev_pi_communicate' for CMake config files
[9.138s] Level 1:colcon.colcon_core.environment:checking '/home/kuns/ROS_projects/dev_pi_communicate/install/dev_pi_communicate/lib'
[9.139s] Level 1:colcon.colcon_core.environment:checking '/home/kuns/ROS_projects/dev_pi_communicate/install/dev_pi_communicate/bin'
[9.139s] Level 1:colcon.colcon_core.environment:checking '/home/kuns/ROS_projects/dev_pi_communicate/install/dev_pi_communicate/lib/pkgconfig/dev_pi_communicate.pc'
[9.140s] Level 1:colcon.colcon_core.environment:checking '/home/kuns/ROS_projects/dev_pi_communicate/install/dev_pi_communicate/lib/python3.10/site-packages'
[9.140s] Level 1:colcon.colcon_core.shell:create_environment_hook('dev_pi_communicate', 'pythonpath')
[9.189s] INFO:colcon.colcon_core.shell:Creating environment hook '/home/kuns/ROS_projects/dev_pi_communicate/install/dev_pi_communicate/share/dev_pi_communicate/hook/pythonpath.ps1'
[9.190s] INFO:colcon.colcon_core.shell:Creating environment descriptor '/home/kuns/ROS_projects/dev_pi_communicate/install/dev_pi_communicate/share/dev_pi_communicate/hook/pythonpath.dsv'
[9.191s] INFO:colcon.colcon_core.shell:Creating environment hook '/home/kuns/ROS_projects/dev_pi_communicate/install/dev_pi_communicate/share/dev_pi_communicate/hook/pythonpath.sh'
[9.192s] Level 1:colcon.colcon_core.environment:checking '/home/kuns/ROS_projects/dev_pi_communicate/install/dev_pi_communicate/bin'
[9.193s] Level 1:colcon.colcon_core.environment:create_environment_scripts_only(dev_pi_communicate)
[9.242s] INFO:colcon.colcon_core.shell:Creating package script '/home/kuns/ROS_projects/dev_pi_communicate/install/dev_pi_communicate/share/dev_pi_communicate/package.ps1'
[9.261s] INFO:colcon.colcon_core.shell:Creating package descriptor '/home/kuns/ROS_projects/dev_pi_communicate/install/dev_pi_communicate/share/dev_pi_communicate/package.dsv'
[9.279s] INFO:colcon.colcon_core.shell:Creating package script '/home/kuns/ROS_projects/dev_pi_communicate/install/dev_pi_communicate/share/dev_pi_communicate/package.sh'
[9.296s] INFO:colcon.colcon_core.shell:Creating package script '/home/kuns/ROS_projects/dev_pi_communicate/install/dev_pi_communicate/share/dev_pi_communicate/package.bash'
[9.316s] INFO:colcon.colcon_core.shell:Creating package script '/home/kuns/ROS_projects/dev_pi_communicate/install/dev_pi_communicate/share/dev_pi_communicate/package.zsh'
[9.331s] Level 1:colcon.colcon_core.environment:create_file_with_runtime_dependencies(/home/kuns/ROS_projects/dev_pi_communicate/install/dev_pi_communicate/share/colcon-core/packages/dev_pi_communicate)
[9.332s] DEBUG:colcon.colcon_parallel_executor.executor.parallel:closing loop
[9.333s] DEBUG:colcon.colcon_parallel_executor.executor.parallel:loop closed
[9.333s] DEBUG:colcon.colcon_parallel_executor.executor.parallel:run_until_complete finished with '0'
[9.333s] DEBUG:colcon.colcon_core.event_reactor:joining thread
[9.422s] INFO:colcon.colcon_core.plugin_system:Skipping extension 'colcon_notification.desktop_notification.terminal_notifier': Not used on non-Darwin systems
[9.423s] INFO:colcon.colcon_core.plugin_system:Skipping extension 'colcon_notification.desktop_notification.win32': Not used on non-Windows systems
[9.423s] INFO:colcon.colcon_notification.desktop_notification:Sending desktop notification using 'notify2'
[9.483s] DEBUG:colcon.colcon_core.event_reactor:joined thread
[9.571s] INFO:colcon.colcon_core.shell:Creating prefix script '/home/kuns/ROS_projects/dev_pi_communicate/install/local_setup.ps1'
[9.578s] INFO:colcon.colcon_core.shell:Creating prefix util module '/home/kuns/ROS_projects/dev_pi_communicate/install/_local_setup_util_ps1.py'
[9.582s] INFO:colcon.colcon_core.shell:Creating prefix chain script '/home/kuns/ROS_projects/dev_pi_communicate/install/setup.ps1'
[9.648s] INFO:colcon.colcon_core.shell:Creating prefix script '/home/kuns/ROS_projects/dev_pi_communicate/install/local_setup.sh'
[9.662s] INFO:colcon.colcon_core.shell:Creating prefix util module '/home/kuns/ROS_projects/dev_pi_communicate/install/_local_setup_util_sh.py'
[9.663s] INFO:colcon.colcon_core.shell:Creating prefix chain script '/home/kuns/ROS_projects/dev_pi_communicate/install/setup.sh'
[9.727s] INFO:colcon.colcon_core.shell:Creating prefix script '/home/kuns/ROS_projects/dev_pi_communicate/install/local_setup.bash'
[9.739s] INFO:colcon.colcon_core.shell:Creating prefix chain script '/home/kuns/ROS_projects/dev_pi_communicate/install/setup.bash'
[9.801s] INFO:colcon.colcon_core.shell:Creating prefix script '/home/kuns/ROS_projects/dev_pi_communicate/install/local_setup.zsh'
[9.813s] INFO:colcon.colcon_core.shell:Creating prefix chain script '/home/kuns/ROS_projects/dev_pi_communicate/install/setup.zsh'
