[3.591s] DEBUG:colcon:Command line arguments: ['/usr/bin/colcon', 'build', '--symlink-install']
[3.591s] DEBUG:colcon:Parsed command line arguments: Namespace(log_base=None, log_level=None, verb_name='build', build_base='build', install_base='install', merge_install=False, symlink_install=True, test_result_base=None, continue_on_error=False, executor='parallel', parallel_workers=4, event_handlers=None, ignore_user_meta=False, metas=['./colcon.meta'], base_paths=['.'], packages_ignore=None, packages_ignore_regex=None, paths=None, packages_up_to=None, packages_up_to_regex=None, packages_above=None, packages_above_and_dependencies=None, packages_above_depth=None, packages_select_by_dep=None, packages_skip_by_dep=None, packages_skip_up_to=None, packages_select_build_failed=False, packages_skip_build_finished=False, packages_select_test_failures=False, packages_skip_test_passed=False, packages_select=None, packages_skip=None, packages_select_regex=None, packages_skip_regex=None, packages_start=None, packages_end=None, allow_overriding=[], cmake_args=None, cmake_target=None, cmake_target_skip_unavailable=False, cmake_clean_cache=False, cmake_clean_first=False, cmake_force_configure=False, ament_cmake_args=None, catkin_cmake_args=None, catkin_skip_building_tests=False, verb_parser=<colcon_defaults.argument_parser.defaults.DefaultArgumentsDecorator object at 0x7f250da8f070>, verb_extension=<colcon_core.verb.build.BuildVerb object at 0x7f250da8e260>, main=<bound method BuildVerb.main of <colcon_core.verb.build.BuildVerb object at 0x7f250da8e260>>)
[3.768s] Level 1:colcon.colcon_core.package_discovery:discover_packages(colcon_meta) check parameters
[3.768s] Level 1:colcon.colcon_core.package_discovery:discover_packages(recursive) check parameters
[3.768s] Level 1:colcon.colcon_core.package_discovery:discover_packages(ignore) check parameters
[3.768s] Level 1:colcon.colcon_core.package_discovery:discover_packages(path) check parameters
[3.768s] Level 1:colcon.colcon_core.package_discovery:discover_packages(colcon_meta) discover
[3.768s] Level 1:colcon.colcon_core.package_discovery:discover_packages(recursive) discover
[3.768s] INFO:colcon.colcon_core.package_discovery:Crawling recursively for packages in '/home/kuns/ROS_projects/dev_pi_communicate'
[3.769s] Level 1:colcon.colcon_core.package_identification:_identify(.) by extensions ['ignore', 'ignore_ament_install']
[3.769s] Level 1:colcon.colcon_core.package_identification:_identify(.) by extension 'ignore'
[3.769s] Level 1:colcon.colcon_core.package_identification:_identify(.) by extension 'ignore_ament_install'
[3.769s] Level 1:colcon.colcon_core.package_identification:_identify(.) by extensions ['colcon_pkg']
[3.769s] Level 1:colcon.colcon_core.package_identification:_identify(.) by extension 'colcon_pkg'
[3.769s] Level 1:colcon.colcon_core.package_identification:_identify(.) by extensions ['colcon_meta']
[3.769s] Level 1:colcon.colcon_core.package_identification:_identify(.) by extension 'colcon_meta'
[3.770s] Level 1:colcon.colcon_core.package_identification:_identify(.) by extensions ['ros']
[3.770s] Level 1:colcon.colcon_core.package_identification:_identify(.) by extension 'ros'
[3.803s] Level 1:colcon.colcon_core.package_identification:_identify(.) by extensions ['cmake', 'python']
[3.803s] Level 1:colcon.colcon_core.package_identification:_identify(.) by extension 'cmake'
[3.803s] Level 1:colcon.colcon_core.package_identification:_identify(.) by extension 'python'
[3.803s] Level 1:colcon.colcon_core.package_identification:_identify(.) by extensions ['python_setup_py']
[3.803s] Level 1:colcon.colcon_core.package_identification:_identify(.) by extension 'python_setup_py'
[3.803s] Level 1:colcon.colcon_core.package_identification:_identify(build) by extensions ['ignore', 'ignore_ament_install']
[3.804s] Level 1:colcon.colcon_core.package_identification:_identify(build) by extension 'ignore'
[3.804s] Level 1:colcon.colcon_core.package_identification:_identify(build) ignored
[3.804s] Level 1:colcon.colcon_core.package_identification:_identify(install) by extensions ['ignore', 'ignore_ament_install']
[3.805s] Level 1:colcon.colcon_core.package_identification:_identify(install) by extension 'ignore'
[3.805s] Level 1:colcon.colcon_core.package_identification:_identify(install) ignored
[3.805s] Level 1:colcon.colcon_core.package_identification:_identify(log) by extensions ['ignore', 'ignore_ament_install']
[3.805s] Level 1:colcon.colcon_core.package_identification:_identify(log) by extension 'ignore'
[3.805s] Level 1:colcon.colcon_core.package_identification:_identify(log) ignored
[3.805s] Level 1:colcon.colcon_core.package_identification:_identify(src) by extensions ['ignore', 'ignore_ament_install']
[3.806s] Level 1:colcon.colcon_core.package_identification:_identify(src) by extension 'ignore'
[3.806s] Level 1:colcon.colcon_core.package_identification:_identify(src) by extension 'ignore_ament_install'
[3.806s] Level 1:colcon.colcon_core.package_identification:_identify(src) by extensions ['colcon_pkg']
[3.806s] Level 1:colcon.colcon_core.package_identification:_identify(src) by extension 'colcon_pkg'
[3.806s] Level 1:colcon.colcon_core.package_identification:_identify(src) by extensions ['colcon_meta']
[3.806s] Level 1:colcon.colcon_core.package_identification:_identify(src) by extension 'colcon_meta'
[3.806s] Level 1:colcon.colcon_core.package_identification:_identify(src) by extensions ['ros']
[3.806s] Level 1:colcon.colcon_core.package_identification:_identify(src) by extension 'ros'
[3.807s] Level 1:colcon.colcon_core.package_identification:_identify(src) by extensions ['cmake', 'python']
[3.807s] Level 1:colcon.colcon_core.package_identification:_identify(src) by extension 'cmake'
[3.807s] Level 1:colcon.colcon_core.package_identification:_identify(src) by extension 'python'
[3.807s] Level 1:colcon.colcon_core.package_identification:_identify(src) by extensions ['python_setup_py']
[3.807s] Level 1:colcon.colcon_core.package_identification:_identify(src) by extension 'python_setup_py'
[3.807s] Level 1:colcon.colcon_core.package_identification:_identify(src/dev_pi_communicate) by extensions ['ignore', 'ignore_ament_install']
[3.808s] Level 1:colcon.colcon_core.package_identification:_identify(src/dev_pi_communicate) by extension 'ignore'
[3.808s] Level 1:colcon.colcon_core.package_identification:_identify(src/dev_pi_communicate) by extension 'ignore_ament_install'
[3.808s] Level 1:colcon.colcon_core.package_identification:_identify(src/dev_pi_communicate) by extensions ['colcon_pkg']
[3.808s] Level 1:colcon.colcon_core.package_identification:_identify(src/dev_pi_communicate) by extension 'colcon_pkg'
[3.808s] Level 1:colcon.colcon_core.package_identification:_identify(src/dev_pi_communicate) by extensions ['colcon_meta']
[3.808s] Level 1:colcon.colcon_core.package_identification:_identify(src/dev_pi_communicate) by extension 'colcon_meta'
[3.808s] Level 1:colcon.colcon_core.package_identification:_identify(src/dev_pi_communicate) by extensions ['ros']
[3.808s] Level 1:colcon.colcon_core.package_identification:_identify(src/dev_pi_communicate) by extension 'ros'
[3.817s] DEBUG:colcon.colcon_core.package_identification:Package 'src/dev_pi_communicate' with type 'ros.ament_python' and name 'dev_pi_communicate'
[3.817s] Level 1:colcon.colcon_core.package_discovery:discover_packages(recursive) using defaults
[3.817s] Level 1:colcon.colcon_core.package_discovery:discover_packages(ignore) discover
[3.817s] Level 1:colcon.colcon_core.package_discovery:discover_packages(ignore) using defaults
[3.817s] Level 1:colcon.colcon_core.package_discovery:discover_packages(path) discover
[3.818s] Level 1:colcon.colcon_core.package_discovery:discover_packages(path) using defaults
[4.138s] Level 1:colcon.colcon_core.package_discovery:discover_packages(prefix_path) check parameters
[4.139s] Level 1:colcon.colcon_core.package_discovery:discover_packages(prefix_path) discover
[4.251s] DEBUG:colcon.colcon_installed_package_information.package_discovery:Found 3 installed packages in /home/kuns/ROS_projects/dev_pi_communicate/install
[4.302s] DEBUG:colcon.colcon_installed_package_information.package_discovery:Found 359 installed packages in /opt/ros/humble
[4.309s] Level 1:colcon.colcon_core.package_discovery:discover_packages(prefix_path) using defaults
[4.689s] Level 5:colcon.colcon_core.verb:set package 'dev_pi_communicate' build argument 'cmake_args' from command line to 'None'
[4.690s] Level 5:colcon.colcon_core.verb:set package 'dev_pi_communicate' build argument 'cmake_target' from command line to 'None'
[4.690s] Level 5:colcon.colcon_core.verb:set package 'dev_pi_communicate' build argument 'cmake_target_skip_unavailable' from command line to 'False'
[4.690s] Level 5:colcon.colcon_core.verb:set package 'dev_pi_communicate' build argument 'cmake_clean_cache' from command line to 'False'
[4.690s] Level 5:colcon.colcon_core.verb:set package 'dev_pi_communicate' build argument 'cmake_clean_first' from command line to 'False'
[4.690s] Level 5:colcon.colcon_core.verb:set package 'dev_pi_communicate' build argument 'cmake_force_configure' from command line to 'False'
[4.690s] Level 5:colcon.colcon_core.verb:set package 'dev_pi_communicate' build argument 'ament_cmake_args' from command line to 'None'
[4.690s] Level 5:colcon.colcon_core.verb:set package 'dev_pi_communicate' build argument 'catkin_cmake_args' from command line to 'None'
[4.690s] Level 5:colcon.colcon_core.verb:set package 'dev_pi_communicate' build argument 'catkin_skip_building_tests' from command line to 'False'
[4.690s] DEBUG:colcon.colcon_core.verb:Building package 'dev_pi_communicate' with the following arguments: {'ament_cmake_args': None, 'build_base': '/home/kuns/ROS_projects/dev_pi_communicate/build/dev_pi_communicate', 'catkin_cmake_args': None, 'catkin_skip_building_tests': False, 'cmake_args': None, 'cmake_clean_cache': False, 'cmake_clean_first': False, 'cmake_force_configure': False, 'cmake_target': None, 'cmake_target_skip_unavailable': False, 'install_base': '/home/kuns/ROS_projects/dev_pi_communicate/install/dev_pi_communicate', 'merge_install': False, 'path': '/home/kuns/ROS_projects/dev_pi_communicate/src/dev_pi_communicate', 'symlink_install': True, 'test_result_base': None}
[4.737s] INFO:colcon.colcon_core.executor:Executing jobs using 'parallel' executor
[4.786s] DEBUG:colcon.colcon_parallel_executor.executor.parallel:run_until_complete
[4.786s] INFO:colcon.colcon_ros.task.ament_python.build:Building ROS package in '/home/kuns/ROS_projects/dev_pi_communicate/src/dev_pi_communicate' with build type 'ament_python'
[4.786s] Level 1:colcon.colcon_core.shell:create_environment_hook('dev_pi_communicate', 'ament_prefix_path')
[4.849s] INFO:colcon.colcon_core.plugin_system:Skipping extension 'colcon_core.shell.bat': Not used on non-Windows systems
[4.850s] INFO:colcon.colcon_core.shell:Creating environment hook '/home/kuns/ROS_projects/dev_pi_communicate/install/dev_pi_communicate/share/dev_pi_communicate/hook/ament_prefix_path.ps1'
[4.852s] INFO:colcon.colcon_core.shell:Creating environment descriptor '/home/kuns/ROS_projects/dev_pi_communicate/install/dev_pi_communicate/share/dev_pi_communicate/hook/ament_prefix_path.dsv'
[4.854s] INFO:colcon.colcon_core.shell:Creating environment hook '/home/kuns/ROS_projects/dev_pi_communicate/install/dev_pi_communicate/share/dev_pi_communicate/hook/ament_prefix_path.sh'
[4.909s] INFO:colcon.colcon_core.shell:Skip shell extension 'powershell' for command environment: Not usable outside of PowerShell
[4.909s] DEBUG:colcon.colcon_core.shell:Skip shell extension 'dsv' for command environment
[5.907s] INFO:colcon.colcon_core.task.python.build:Building Python package in '/home/kuns/ROS_projects/dev_pi_communicate/src/dev_pi_communicate'
[5.993s] INFO:colcon.colcon_core.shell:Skip shell extension 'powershell' for command environment: Not usable outside of PowerShell
[5.993s] DEBUG:colcon.colcon_core.shell:Skip shell extension 'dsv' for command environment
[7.269s] DEBUG:colcon.colcon_core.event_handler.log_command:Invoking command in '/home/kuns/ROS_projects/dev_pi_communicate/build/dev_pi_communicate': PYTHONPATH=/home/kuns/ROS_projects/dev_pi_communicate/build/dev_pi_communicate/prefix_override:/home/kuns/ROS_projects/dev_pi_communicate/install/dev_pi_communicate/lib/python3.10/site-packages:${PYTHONPATH} /usr/bin/python3 setup.py develop --editable --build-directory /home/kuns/ROS_projects/dev_pi_communicate/build/dev_pi_communicate/build --no-deps install_data
[8.772s] Level 1:colcon.colcon_core.shell:create_environment_hook('dev_pi_communicate', 'pythonpath_develop')
[8.775s] DEBUG:colcon.colcon_core.event_handler.log_command:Invoked command in '/home/kuns/ROS_projects/dev_pi_communicate/build/dev_pi_communicate' returned '0': PYTHONPATH=/home/kuns/ROS_projects/dev_pi_communicate/build/dev_pi_communicate/prefix_override:/home/kuns/ROS_projects/dev_pi_communicate/install/dev_pi_communicate/lib/python3.10/site-packages:${PYTHONPATH} /usr/bin/python3 setup.py develop --editable --build-directory /home/kuns/ROS_projects/dev_pi_communicate/build/dev_pi_communicate/build --no-deps install_data
[8.823s] INFO:colcon.colcon_core.shell:Creating environment hook '/home/kuns/ROS_projects/dev_pi_communicate/build/dev_pi_communicate/share/dev_pi_communicate/hook/pythonpath_develop.ps1'
[8.825s] INFO:colcon.colcon_core.shell:Creating environment descriptor '/home/kuns/ROS_projects/dev_pi_communicate/build/dev_pi_communicate/share/dev_pi_communicate/hook/pythonpath_develop.dsv'
[8.825s] INFO:colcon.colcon_core.shell:Creating environment hook '/home/kuns/ROS_projects/dev_pi_communicate/build/dev_pi_communicate/share/dev_pi_communicate/hook/pythonpath_develop.sh'
[8.882s] Level 1:colcon.colcon_core.environment:checking '/home/kuns/ROS_projects/dev_pi_communicate/install/dev_pi_communicate' for CMake module files
[8.883s] Level 1:colcon.colcon_core.environment:checking '/home/kuns/ROS_projects/dev_pi_communicate/install/dev_pi_communicate' for CMake config files
[8.885s] Level 1:colcon.colcon_core.environment:checking '/home/kuns/ROS_projects/dev_pi_communicate/install/dev_pi_communicate/lib'
[8.885s] Level 1:colcon.colcon_core.environment:checking '/home/kuns/ROS_projects/dev_pi_communicate/install/dev_pi_communicate/bin'
[8.885s] Level 1:colcon.colcon_core.environment:checking '/home/kuns/ROS_projects/dev_pi_communicate/install/dev_pi_communicate/lib/pkgconfig/dev_pi_communicate.pc'
[8.886s] Level 1:colcon.colcon_core.environment:checking '/home/kuns/ROS_projects/dev_pi_communicate/install/dev_pi_communicate/lib/python3.10/site-packages'
[8.886s] Level 1:colcon.colcon_core.shell:create_environment_hook('dev_pi_communicate', 'pythonpath')
[8.934s] INFO:colcon.colcon_core.shell:Creating environment hook '/home/kuns/ROS_projects/dev_pi_communicate/install/dev_pi_communicate/share/dev_pi_communicate/hook/pythonpath.ps1'
[8.935s] INFO:colcon.colcon_core.shell:Creating environment descriptor '/home/kuns/ROS_projects/dev_pi_communicate/install/dev_pi_communicate/share/dev_pi_communicate/hook/pythonpath.dsv'
[8.936s] INFO:colcon.colcon_core.shell:Creating environment hook '/home/kuns/ROS_projects/dev_pi_communicate/install/dev_pi_communicate/share/dev_pi_communicate/hook/pythonpath.sh'
[8.938s] Level 1:colcon.colcon_core.environment:checking '/home/kuns/ROS_projects/dev_pi_communicate/install/dev_pi_communicate/bin'
[8.938s] Level 1:colcon.colcon_core.environment:create_environment_scripts_only(dev_pi_communicate)
[8.985s] INFO:colcon.colcon_core.shell:Creating package script '/home/kuns/ROS_projects/dev_pi_communicate/install/dev_pi_communicate/share/dev_pi_communicate/package.ps1'
[8.989s] INFO:colcon.colcon_core.shell:Creating package descriptor '/home/kuns/ROS_projects/dev_pi_communicate/install/dev_pi_communicate/share/dev_pi_communicate/package.dsv'
[8.992s] INFO:colcon.colcon_core.shell:Creating package script '/home/kuns/ROS_projects/dev_pi_communicate/install/dev_pi_communicate/share/dev_pi_communicate/package.sh'
[8.995s] INFO:colcon.colcon_core.shell:Creating package script '/home/kuns/ROS_projects/dev_pi_communicate/install/dev_pi_communicate/share/dev_pi_communicate/package.bash'
[8.999s] INFO:colcon.colcon_core.shell:Creating package script '/home/kuns/ROS_projects/dev_pi_communicate/install/dev_pi_communicate/share/dev_pi_communicate/package.zsh'
[9.001s] Level 1:colcon.colcon_core.environment:create_file_with_runtime_dependencies(/home/kuns/ROS_projects/dev_pi_communicate/install/dev_pi_communicate/share/colcon-core/packages/dev_pi_communicate)
[9.002s] DEBUG:colcon.colcon_parallel_executor.executor.parallel:closing loop
[9.003s] DEBUG:colcon.colcon_parallel_executor.executor.parallel:loop closed
[9.003s] DEBUG:colcon.colcon_parallel_executor.executor.parallel:run_until_complete finished with '0'
[9.003s] DEBUG:colcon.colcon_core.event_reactor:joining thread
[9.105s] INFO:colcon.colcon_core.plugin_system:Skipping extension 'colcon_notification.desktop_notification.terminal_notifier': Not used on non-Darwin systems
[9.106s] INFO:colcon.colcon_core.plugin_system:Skipping extension 'colcon_notification.desktop_notification.win32': Not used on non-Windows systems
[9.106s] INFO:colcon.colcon_notification.desktop_notification:Sending desktop notification using 'notify2'
[9.163s] DEBUG:colcon.colcon_core.event_reactor:joined thread
[9.212s] INFO:colcon.colcon_core.shell:Creating prefix script '/home/kuns/ROS_projects/dev_pi_communicate/install/local_setup.ps1'
[9.215s] INFO:colcon.colcon_core.shell:Creating prefix util module '/home/kuns/ROS_projects/dev_pi_communicate/install/_local_setup_util_ps1.py'
[9.220s] INFO:colcon.colcon_core.shell:Creating prefix chain script '/home/kuns/ROS_projects/dev_pi_communicate/install/setup.ps1'
[9.269s] INFO:colcon.colcon_core.shell:Creating prefix script '/home/kuns/ROS_projects/dev_pi_communicate/install/local_setup.sh'
[9.272s] INFO:colcon.colcon_core.shell:Creating prefix util module '/home/kuns/ROS_projects/dev_pi_communicate/install/_local_setup_util_sh.py'
[9.273s] INFO:colcon.colcon_core.shell:Creating prefix chain script '/home/kuns/ROS_projects/dev_pi_communicate/install/setup.sh'
[9.323s] INFO:colcon.colcon_core.shell:Creating prefix script '/home/kuns/ROS_projects/dev_pi_communicate/install/local_setup.bash'
[9.325s] INFO:colcon.colcon_core.shell:Creating prefix chain script '/home/kuns/ROS_projects/dev_pi_communicate/install/setup.bash'
[9.375s] INFO:colcon.colcon_core.shell:Creating prefix script '/home/kuns/ROS_projects/dev_pi_communicate/install/local_setup.zsh'
[9.378s] INFO:colcon.colcon_core.shell:Creating prefix chain script '/home/kuns/ROS_projects/dev_pi_communicate/install/setup.zsh'
